ARM GAS  C:\Users\corne\AppData\Local\Temp\cc5aIYte.s 			page 1


   1              		.syntax unified
   2              		.cpu cortex-m0
   3              		.fpu softvfp
   4              		.eabi_attribute 20, 1
   5              		.eabi_attribute 21, 1
   6              		.eabi_attribute 23, 3
   7              		.eabi_attribute 24, 1
   8              		.eabi_attribute 25, 1
   9              		.eabi_attribute 26, 1
  10              		.eabi_attribute 30, 1
  11              		.eabi_attribute 34, 0
  12              		.eabi_attribute 18, 4
  13              		.thumb
  14              		.syntax unified
  15              		.file	"main.c"
  16              		.text
  17              	.Ltext0:
  18              		.cfi_sections	.debug_frame
  19              		.section	.text.main,"ax",%progbits
  20              		.align	2
  21              		.global	main
  22              		.code	16
  23              		.thumb_func
  24              		.type	main, %function
  25              	main:
  26              	.LFB65:
  27              		.file 1 "main.c"
   1:main.c        **** /* ========================================
   2:main.c        ****  *
   3:main.c        ****  * Copyright YOUR COMPANY, THE YEAR
   4:main.c        ****  * All Rights Reserved
   5:main.c        ****  * UNPUBLISHED, LICENSED SOFTWARE.
   6:main.c        ****  *
   7:main.c        ****  * CONFIDENTIAL AND PROPRIETARY INFORMATION
   8:main.c        ****  * WHICH IS THE PROPERTY OF your company.
   9:main.c        ****  *
  10:main.c        ****  * ========================================
  11:main.c        **** */
  12:main.c        **** #include "project.h"
  13:main.c        **** #include "temp_bme280.h"
  14:main.c        **** #include "weathersensors.h"
  15:main.c        **** #include "stdio.h"
  16:main.c        **** #include "EEPROM.h"
  17:main.c        **** 
  18:main.c        **** 
  19:main.c        **** 
  20:main.c        **** 
  21:main.c        **** 
  22:main.c        **** int main(void)
  23:main.c        **** {
  28              		.loc 1 23 0
  29              		.cfi_startproc
  30              		@ args = 0, pretend = 0, frame = 152
  31              		@ frame_needed = 0, uses_anonymous_args = 0
  32 0000 30B5     		push	{r4, r5, lr}
  33              		.cfi_def_cfa_offset 12
  34              		.cfi_offset 4, -12
ARM GAS  C:\Users\corne\AppData\Local\Temp\cc5aIYte.s 			page 2


  35              		.cfi_offset 5, -8
  36              		.cfi_offset 14, -4
  37 0002 A7B0     		sub	sp, sp, #156
  38              		.cfi_def_cfa_offset 168
  24:main.c        ****     
  25:main.c        **** 
  26:main.c        ****     CyGlobalIntEnable; /* Enable global interrupts. */
  39              		.loc 1 26 0
  40              		.syntax divided
  41              	@ 26 "main.c" 1
  42 0004 62B6     		CPSIE   i
  43              	@ 0 "" 2
  27:main.c        **** 
  28:main.c        ****     BME280_setup();
  44              		.loc 1 28 0
  45              		.thumb
  46              		.syntax unified
  47 0006 FFF7FEFF 		bl	BME280_setup
  48              	.LVL0:
  29:main.c        ****     
  30:main.c        ****     //UART//////////////////////////////////////////////////////
  31:main.c        ****     UART_Start();    
  49              		.loc 1 31 0
  50 000a FFF7FEFF 		bl	UART_Start
  51              	.LVL1:
  32:main.c        ****     UART_UartPutString("\r\n***********************************************************************
  52              		.loc 1 32 0
  53 000e 2348     		ldr	r0, .L7
  54 0010 FFF7FEFF 		bl	UART_UartPutString
  55              	.LVL2:
  33:main.c        ****     UART_UartPutString("Corne Bos Wireless Sensor Node\r\n");
  56              		.loc 1 33 0
  57 0014 2248     		ldr	r0, .L7+4
  58 0016 FFF7FEFF 		bl	UART_UartPutString
  59              	.LVL3:
  34:main.c        ****     UART_UartPutString("\r\n");
  60              		.loc 1 34 0
  61 001a 2248     		ldr	r0, .L7+8
  62 001c FFF7FEFF 		bl	UART_UartPutString
  63              	.LVL4:
  35:main.c        ****     
  36:main.c        ****     //RTC////////////////////////////////////////////////////////
  37:main.c        ****     
  38:main.c        ****     RTC_Start();
  64              		.loc 1 38 0
  65 0020 FFF7FEFF 		bl	RTC_Start
  66              	.LVL5:
  39:main.c        ****     char8 outstring[100];
  40:main.c        ****     sprintf(outstring, "123456789a123456789b123456789c123456789d123456789e123456789");
  67              		.loc 1 40 0
  68 0024 3C22     		movs	r2, #60
  69 0026 2049     		ldr	r1, .L7+12
  70 0028 0DA8     		add	r0, sp, #52
  71 002a FFF7FEFF 		bl	memcpy
  72              	.LVL6:
  41:main.c        ****     //uint8_t txbuf[40] = "Hallo ik ben Corne";
  42:main.c        ****     //txbuf[19] = 0;
ARM GAS  C:\Users\corne\AppData\Local\Temp\cc5aIYte.s 			page 3


  43:main.c        ****     
  44:main.c        ****     char8 rxbuf[100];
  45:main.c        ****     int i;
  46:main.c        ****     for(i=0;i<100;i++)
  73              		.loc 1 46 0
  74 002e 0023     		movs	r3, #0
  75 0030 00E0     		b	.L2
  76              	.LVL7:
  77              	.L3:
  78              		.loc 1 46 0 is_stmt 0 discriminator 3
  79 0032 0133     		adds	r3, r3, #1
  80              	.LVL8:
  81              	.L2:
  82              		.loc 1 46 0 discriminator 1
  83 0034 632B     		cmp	r3, #99
  84 0036 FCDD     		ble	.L3
  47:main.c        ****         rxbuf[i]=0;
  48:main.c        ****     //EEPROM/////////////////////////////////////////////////////
  49:main.c        ****     I2C_Start();
  85              		.loc 1 49 0 is_stmt 1
  86 0038 FFF7FEFF 		bl	I2C_Start
  87              	.LVL9:
  50:main.c        ****     //EEPROM_PULLUP_Write(1);
  51:main.c        ****    
  52:main.c        ****     //ADC//////////////////////////////////////////////////////
  53:main.c        ****     ADC_SAR_Start();
  88              		.loc 1 53 0
  89 003c FFF7FEFF 		bl	ADC_SAR_Start
  90              	.LVL10:
  54:main.c        ****     ADC_SAR_StartConvert();
  91              		.loc 1 54 0
  92 0040 FFF7FEFF 		bl	ADC_SAR_StartConvert
  93              	.LVL11:
  55:main.c        ****    
  56:main.c        **** 
  57:main.c        ****     //LOOP/////////////////////////////////////////////////////////
  58:main.c        ****     
  59:main.c        ****     //get_sensor_data_forced_mode(&dev);
  60:main.c        ****     /* Place your initialization/startup code here (e.g. MyInst_Start()) */
  61:main.c        ****     
  62:main.c        ****     uint64 unixtime=0;
  94              		.loc 1 62 0
  95 0044 0022     		movs	r2, #0
  96 0046 0023     		movs	r3, #0
  97 0048 0A92     		str	r2, [sp, #40]
  98 004a 0B93     		str	r3, [sp, #44]
  63:main.c        ****     //EEPROM_WriteBuffer( 0x50, 0, (uint8_t*)&unixtime, sizeof(unixtime));
  64:main.c        ****     EEPROM_ReadBuffer( 0x50, 0, (uint8_t*)&unixtime, sizeof(unixtime));
  99              		.loc 1 64 0
 100 004c 0823     		movs	r3, #8
 101 004e 0AAA     		add	r2, sp, #40
 102 0050 0021     		movs	r1, #0
 103 0052 5020     		movs	r0, #80
 104 0054 FFF7FEFF 		bl	EEPROM_ReadBuffer
 105              	.LVL12:
  65:main.c        ****     if(unixtime != 0)
 106              		.loc 1 65 0
ARM GAS  C:\Users\corne\AppData\Local\Temp\cc5aIYte.s 			page 4


 107 0058 0A9B     		ldr	r3, [sp, #40]
 108 005a 0B9A     		ldr	r2, [sp, #44]
 109 005c 1343     		orrs	r3, r2
 110 005e 01D0     		beq	.L6
  66:main.c        ****         //RTC_SetUnixTime(unixtime);
  67:main.c        ****     
  68:main.c        ****     WEATHER_Setup();
 111              		.loc 1 68 0
 112 0060 FFF7FEFF 		bl	WEATHER_Setup
 113              	.LVL13:
 114              	.L6:
 115              	.LBB2:
 116              	.LBB3:
  69:main.c        ****     //ConsoleInit();
  70:main.c        ****     for(;;)
  71:main.c        ****     {
  72:main.c        ****         //ConsoleProcess();
  73:main.c        ****         winddirection direction_main;
  74:main.c        ****     for(;;)    
  75:main.c        ****     {    
  76:main.c        ****         const char* directions[] = {"north","northeast","east","southeast","south","southwest","wes
 117              		.loc 1 76 0 discriminator 1
 118 0064 01AC     		add	r4, sp, #4
 119 0066 1149     		ldr	r1, .L7+16
 120 0068 2300     		movs	r3, r4
 121 006a 0A00     		movs	r2, r1
 122 006c 23CA     		ldmia	r2!, {r0, r1, r5}
 123 006e 23C3     		stmia	r3!, {r0, r1, r5}
 124 0070 23CA     		ldmia	r2!, {r0, r1, r5}
 125 0072 23C3     		stmia	r3!, {r0, r1, r5}
 126 0074 23CA     		ldmia	r2!, {r0, r1, r5}
 127 0076 23C3     		stmia	r3!, {r0, r1, r5}
  77:main.c        ****         
  78:main.c        ****         direction_main = WEATHER_getWindDirection();
 128              		.loc 1 78 0 discriminator 1
 129 0078 FFF7FEFF 		bl	WEATHER_getWindDirection
 130              	.LVL14:
  79:main.c        ****         sprintf(outstring,"%s\t", directions[direction_main]);
 131              		.loc 1 79 0 discriminator 1
 132 007c 8000     		lsls	r0, r0, #2
 133              	.LVL15:
 134 007e 0259     		ldr	r2, [r0, r4]
 135 0080 0B49     		ldr	r1, .L7+20
 136 0082 0DA8     		add	r0, sp, #52
 137 0084 FFF7FEFF 		bl	sprintf
 138              	.LVL16:
  80:main.c        ****         UART_UartPutString(outstring);
 139              		.loc 1 80 0 discriminator 1
 140 0088 0DA8     		add	r0, sp, #52
 141 008a FFF7FEFF 		bl	UART_UartPutString
 142              	.LVL17:
  81:main.c        ****         WEATHER_getWindSpeed();
 143              		.loc 1 81 0 discriminator 1
 144 008e FFF7FEFF 		bl	WEATHER_getWindSpeed
 145              	.LVL18:
  82:main.c        ****         CyDelay(1000);
 146              		.loc 1 82 0 discriminator 1
ARM GAS  C:\Users\corne\AppData\Local\Temp\cc5aIYte.s 			page 5


 147 0092 FA20     		movs	r0, #250
 148 0094 8000     		lsls	r0, r0, #2
 149 0096 FFF7FEFF 		bl	CyDelay
 150              	.LVL19:
 151 009a E3E7     		b	.L6
 152              	.L8:
 153              		.align	2
 154              	.L7:
 155 009c 00000000 		.word	.LC10
 156 00a0 58000000 		.word	.LC12
 157 00a4 7C000000 		.word	.LC14
 158 00a8 80000000 		.word	.LC16
 159 00ac 00000000 		.word	.LANCHOR0
 160 00b0 BC000000 		.word	.LC20
 161              	.LBE3:
 162              	.LBE2:
 163              		.cfi_endproc
 164              	.LFE65:
 165              		.size	main, .-main
 166              		.section	.rodata
 167              		.align	2
 168              		.set	.LANCHOR0,. + 0
 169              	.LC18:
 170 0000 C0000000 		.word	.LC0
 171 0004 C8000000 		.word	.LC1
 172 0008 D4000000 		.word	.LC2
 173 000c DC000000 		.word	.LC3
 174 0010 E8000000 		.word	.LC4
 175 0014 F0000000 		.word	.LC5
 176 0018 FC000000 		.word	.LC6
 177 001c 04010000 		.word	.LC7
 178 0020 10010000 		.word	.LC8
 179              		.section	.rodata.str1.4,"aMS",%progbits,1
 180              		.align	2
 181              	.LC10:
 182 0000 0D0A2A2A 		.ascii	"\015\012*******************************************"
 182      2A2A2A2A 
 182      2A2A2A2A 
 182      2A2A2A2A 
 182      2A2A2A2A 
 183 002d 2A2A2A2A 		.ascii	"****************************************\015\012\000"
 183      2A2A2A2A 
 183      2A2A2A2A 
 183      2A2A2A2A 
 183      2A2A2A2A 
 184              	.LC12:
 185 0058 436F726E 		.ascii	"Corne Bos Wireless Sensor Node\015\012\000"
 185      6520426F 
 185      73205769 
 185      72656C65 
 185      73732053 
 186 0079 000000   		.space	3
 187              	.LC14:
 188 007c 0D0A00   		.ascii	"\015\012\000"
 189 007f 00       		.space	1
 190              	.LC16:
 191 0080 31323334 		.ascii	"123456789a123456789b123456789c123456789d123456789e1"
ARM GAS  C:\Users\corne\AppData\Local\Temp\cc5aIYte.s 			page 6


 191      35363738 
 191      39613132 
 191      33343536 
 191      37383962 
 192 00b3 32333435 		.ascii	"23456789\000"
 192      36373839 
 192      00
 193              	.LC20:
 194 00bc 25730900 		.ascii	"%s\011\000"
 195              	.LC0:
 196 00c0 6E6F7274 		.ascii	"north\000"
 196      6800
 197 00c6 0000     		.space	2
 198              	.LC1:
 199 00c8 6E6F7274 		.ascii	"northeast\000"
 199      68656173 
 199      7400
 200 00d2 0000     		.space	2
 201              	.LC2:
 202 00d4 65617374 		.ascii	"east\000"
 202      00
 203 00d9 000000   		.space	3
 204              	.LC3:
 205 00dc 736F7574 		.ascii	"southeast\000"
 205      68656173 
 205      7400
 206 00e6 0000     		.space	2
 207              	.LC4:
 208 00e8 736F7574 		.ascii	"south\000"
 208      6800
 209 00ee 0000     		.space	2
 210              	.LC5:
 211 00f0 736F7574 		.ascii	"southwest\000"
 211      68776573 
 211      7400
 212 00fa 0000     		.space	2
 213              	.LC6:
 214 00fc 77657374 		.ascii	"west\000"
 214      00
 215 0101 000000   		.space	3
 216              	.LC7:
 217 0104 6E6F7274 		.ascii	"northwest\000"
 217      68776573 
 217      7400
 218 010e 0000     		.space	2
 219              	.LC8:
 220 0110 696E7661 		.ascii	"invalid\000"
 220      6C696400 
 221              		.text
 222              	.Letext0:
 223              		.file 2 "c:\\program files (x86)\\cypress\\psoc creator\\4.1\\psoc creator\\import\\gnu\\arm\\5.4.
 224              		.file 3 "c:\\program files (x86)\\cypress\\psoc creator\\4.1\\psoc creator\\import\\gnu\\arm\\5.4.
 225              		.file 4 "Generated_Source\\PSoC4/cytypes.h"
 226              		.file 5 "Generated_Source\\PSoC4/RTC.h"
 227              		.file 6 "weathersensors.h"
 228              		.file 7 "c:\\program files (x86)\\cypress\\psoc creator\\4.1\\psoc creator\\import\\gnu\\arm\\5.4.
 229              		.file 8 "Generated_Source\\PSoC4/UART_SPI_UART.h"
ARM GAS  C:\Users\corne\AppData\Local\Temp\cc5aIYte.s 			page 7


 230              		.file 9 "Generated_Source\\PSoC4/CyLib.h"
 231              		.file 10 "temp_bme280.h"
 232              		.file 11 "Generated_Source\\PSoC4/UART.h"
 233              		.file 12 "Generated_Source\\PSoC4/I2C.h"
 234              		.file 13 "Generated_Source\\PSoC4/ADC_SAR.h"
 235              		.file 14 "EEPROM.h"
 236              		.section	.debug_info,"",%progbits
 237              	.Ldebug_info0:
 238 0000 4F040000 		.4byte	0x44f
 239 0004 0400     		.2byte	0x4
 240 0006 00000000 		.4byte	.Ldebug_abbrev0
 241 000a 04       		.byte	0x4
 242 000b 01       		.uleb128 0x1
 243 000c 53000000 		.4byte	.LASF63
 244 0010 0C       		.byte	0xc
 245 0011 9C020000 		.4byte	.LASF64
 246 0015 DB020000 		.4byte	.LASF65
 247 0019 00000000 		.4byte	.Ldebug_ranges0+0
 248 001d 00000000 		.4byte	0
 249 0021 00000000 		.4byte	.Ldebug_line0
 250 0025 02       		.uleb128 0x2
 251 0026 01       		.byte	0x1
 252 0027 06       		.byte	0x6
 253 0028 A9010000 		.4byte	.LASF0
 254 002c 03       		.uleb128 0x3
 255 002d 61010000 		.4byte	.LASF9
 256 0031 02       		.byte	0x2
 257 0032 1D       		.byte	0x1d
 258 0033 37000000 		.4byte	0x37
 259 0037 02       		.uleb128 0x2
 260 0038 01       		.byte	0x1
 261 0039 08       		.byte	0x8
 262 003a 8D010000 		.4byte	.LASF1
 263 003e 02       		.uleb128 0x2
 264 003f 02       		.byte	0x2
 265 0040 05       		.byte	0x5
 266 0041 12000000 		.4byte	.LASF2
 267 0045 02       		.uleb128 0x2
 268 0046 02       		.byte	0x2
 269 0047 07       		.byte	0x7
 270 0048 FA010000 		.4byte	.LASF3
 271 004c 02       		.uleb128 0x2
 272 004d 04       		.byte	0x4
 273 004e 05       		.byte	0x5
 274 004f 27020000 		.4byte	.LASF4
 275 0053 02       		.uleb128 0x2
 276 0054 04       		.byte	0x4
 277 0055 07       		.byte	0x7
 278 0056 45010000 		.4byte	.LASF5
 279 005a 02       		.uleb128 0x2
 280 005b 08       		.byte	0x8
 281 005c 05       		.byte	0x5
 282 005d 08010000 		.4byte	.LASF6
 283 0061 02       		.uleb128 0x2
 284 0062 08       		.byte	0x8
 285 0063 07       		.byte	0x7
 286 0064 B5010000 		.4byte	.LASF7
ARM GAS  C:\Users\corne\AppData\Local\Temp\cc5aIYte.s 			page 8


 287 0068 04       		.uleb128 0x4
 288 0069 04       		.byte	0x4
 289 006a 05       		.byte	0x5
 290 006b 696E7400 		.ascii	"int\000"
 291 006f 02       		.uleb128 0x2
 292 0070 04       		.byte	0x4
 293 0071 07       		.byte	0x7
 294 0072 D4010000 		.4byte	.LASF8
 295 0076 03       		.uleb128 0x3
 296 0077 E1000000 		.4byte	.LASF10
 297 007b 03       		.byte	0x3
 298 007c 18       		.byte	0x18
 299 007d 2C000000 		.4byte	0x2c
 300 0081 05       		.uleb128 0x5
 301 0082 FC000000 		.4byte	.LASF11
 302 0086 04       		.byte	0x4
 303 0087 B901     		.2byte	0x1b9
 304 0089 37000000 		.4byte	0x37
 305 008d 05       		.uleb128 0x5
 306 008e 4C000000 		.4byte	.LASF12
 307 0092 04       		.byte	0x4
 308 0093 BA01     		.2byte	0x1ba
 309 0095 45000000 		.4byte	0x45
 310 0099 05       		.uleb128 0x5
 311 009a 95020000 		.4byte	.LASF13
 312 009e 04       		.byte	0x4
 313 009f BB01     		.2byte	0x1bb
 314 00a1 53000000 		.4byte	0x53
 315 00a5 02       		.uleb128 0x2
 316 00a6 04       		.byte	0x4
 317 00a7 04       		.byte	0x4
 318 00a8 02010000 		.4byte	.LASF14
 319 00ac 02       		.uleb128 0x2
 320 00ad 08       		.byte	0x8
 321 00ae 04       		.byte	0x4
 322 00af B2020000 		.4byte	.LASF15
 323 00b3 05       		.uleb128 0x5
 324 00b4 3E010000 		.4byte	.LASF16
 325 00b8 04       		.byte	0x4
 326 00b9 C501     		.2byte	0x1c5
 327 00bb 61000000 		.4byte	0x61
 328 00bf 05       		.uleb128 0x5
 329 00c0 2D000000 		.4byte	.LASF17
 330 00c4 04       		.byte	0x4
 331 00c5 CA01     		.2byte	0x1ca
 332 00c7 CB000000 		.4byte	0xcb
 333 00cb 02       		.uleb128 0x2
 334 00cc 01       		.byte	0x1
 335 00cd 08       		.byte	0x8
 336 00ce 22020000 		.4byte	.LASF18
 337 00d2 02       		.uleb128 0x2
 338 00d3 08       		.byte	0x8
 339 00d4 04       		.byte	0x4
 340 00d5 79010000 		.4byte	.LASF19
 341 00d9 02       		.uleb128 0x2
 342 00da 04       		.byte	0x4
 343 00db 07       		.byte	0x7
ARM GAS  C:\Users\corne\AppData\Local\Temp\cc5aIYte.s 			page 9


 344 00dc 1C000000 		.4byte	.LASF20
 345 00e0 06       		.uleb128 0x6
 346 00e1 04       		.byte	0x4
 347 00e2 E6000000 		.4byte	0xe6
 348 00e6 07       		.uleb128 0x7
 349 00e7 CB000000 		.4byte	0xcb
 350 00eb 08       		.uleb128 0x8
 351 00ec 10       		.byte	0x10
 352 00ed 05       		.byte	0x5
 353 00ee 29       		.byte	0x29
 354 00ef 24010000 		.4byte	0x124
 355 00f3 09       		.uleb128 0x9
 356 00f4 F5010000 		.4byte	.LASF21
 357 00f8 05       		.byte	0x5
 358 00f9 2B       		.byte	0x2b
 359 00fa 99000000 		.4byte	0x99
 360 00fe 00       		.byte	0
 361 00ff 09       		.uleb128 0x9
 362 0100 90020000 		.4byte	.LASF22
 363 0104 05       		.byte	0x5
 364 0105 2C       		.byte	0x2c
 365 0106 99000000 		.4byte	0x99
 366 010a 04       		.byte	0x4
 367 010b 09       		.uleb128 0x9
 368 010c 4D020000 		.4byte	.LASF23
 369 0110 05       		.byte	0x5
 370 0111 2D       		.byte	0x2d
 371 0112 99000000 		.4byte	0x99
 372 0116 08       		.byte	0x8
 373 0117 09       		.uleb128 0x9
 374 0118 0D020000 		.4byte	.LASF24
 375 011c 05       		.byte	0x5
 376 011d 2E       		.byte	0x2e
 377 011e 99000000 		.4byte	0x99
 378 0122 0C       		.byte	0xc
 379 0123 00       		.byte	0
 380 0124 03       		.uleb128 0x3
 381 0125 6B010000 		.4byte	.LASF25
 382 0129 05       		.byte	0x5
 383 012a 2F       		.byte	0x2f
 384 012b EB000000 		.4byte	0xeb
 385 012f 0A       		.uleb128 0xa
 386 0130 E7010000 		.4byte	.LASF35
 387 0134 01       		.byte	0x1
 388 0135 37000000 		.4byte	0x37
 389 0139 06       		.byte	0x6
 390 013a 1D       		.byte	0x1d
 391 013b 76010000 		.4byte	0x176
 392 013f 0B       		.uleb128 0xb
 393 0140 E1010000 		.4byte	.LASF26
 394 0144 00       		.byte	0
 395 0145 0B       		.uleb128 0xb
 396 0146 1F010000 		.4byte	.LASF27
 397 014a 01       		.byte	0x1
 398 014b 0B       		.uleb128 0xb
 399 014c B9020000 		.4byte	.LASF28
 400 0150 02       		.byte	0x2
ARM GAS  C:\Users\corne\AppData\Local\Temp\cc5aIYte.s 			page 10


 401 0151 0B       		.uleb128 0xb
 402 0152 57010000 		.4byte	.LASF29
 403 0156 03       		.byte	0x3
 404 0157 0B       		.uleb128 0xb
 405 0158 99030000 		.4byte	.LASF30
 406 015c 04       		.byte	0x4
 407 015d 0B       		.uleb128 0xb
 408 015e 29010000 		.4byte	.LASF31
 409 0162 05       		.byte	0x5
 410 0163 0B       		.uleb128 0xb
 411 0164 00000000 		.4byte	.LASF32
 412 0168 06       		.byte	0x6
 413 0169 0B       		.uleb128 0xb
 414 016a 76030000 		.4byte	.LASF33
 415 016e 07       		.byte	0x7
 416 016f 0B       		.uleb128 0xb
 417 0170 3F000000 		.4byte	.LASF34
 418 0174 08       		.byte	0x8
 419 0175 00       		.byte	0
 420 0176 03       		.uleb128 0x3
 421 0177 E7010000 		.4byte	.LASF35
 422 017b 06       		.byte	0x6
 423 017c 28       		.byte	0x28
 424 017d 2F010000 		.4byte	0x12f
 425 0181 0C       		.uleb128 0xc
 426 0182 33000000 		.4byte	.LASF66
 427 0186 01       		.byte	0x1
 428 0187 16       		.byte	0x16
 429 0188 68000000 		.4byte	0x68
 430 018c 00000000 		.4byte	.LFB65
 431 0190 B4000000 		.4byte	.LFE65-.LFB65
 432 0194 01       		.uleb128 0x1
 433 0195 9C       		.byte	0x9c
 434 0196 98030000 		.4byte	0x398
 435 019a 0D       		.uleb128 0xd
 436 019b BE020000 		.4byte	.LASF36
 437 019f 01       		.byte	0x1
 438 01a0 27       		.byte	0x27
 439 01a1 98030000 		.4byte	0x398
 440 01a5 03       		.uleb128 0x3
 441 01a6 91       		.byte	0x91
 442 01a7 8C7F     		.sleb128 -116
 443 01a9 0E       		.uleb128 0xe
 444 01aa 46030000 		.4byte	.LASF39
 445 01ae 01       		.byte	0x1
 446 01af 2C       		.byte	0x2c
 447 01b0 98030000 		.4byte	0x398
 448 01b4 0F       		.uleb128 0xf
 449 01b5 6900     		.ascii	"i\000"
 450 01b7 01       		.byte	0x1
 451 01b8 2D       		.byte	0x2d
 452 01b9 68000000 		.4byte	0x68
 453 01bd 00000000 		.4byte	.LLST0
 454 01c1 0D       		.uleb128 0xd
 455 01c2 16010000 		.4byte	.LASF37
 456 01c6 01       		.byte	0x1
 457 01c7 3E       		.byte	0x3e
ARM GAS  C:\Users\corne\AppData\Local\Temp\cc5aIYte.s 			page 11


 458 01c8 B3000000 		.4byte	0xb3
 459 01cc 03       		.uleb128 0x3
 460 01cd 91       		.byte	0x91
 461 01ce 807F     		.sleb128 -128
 462 01d0 10       		.uleb128 0x10
 463 01d1 64000000 		.4byte	.LBB2
 464 01d5 50000000 		.4byte	.LBE2-.LBB2
 465 01d9 CA020000 		.4byte	0x2ca
 466 01dd 11       		.uleb128 0x11
 467 01de A3020000 		.4byte	.LASF38
 468 01e2 01       		.byte	0x1
 469 01e3 49       		.byte	0x49
 470 01e4 76010000 		.4byte	0x176
 471 01e8 1F000000 		.4byte	.LLST1
 472 01ec 0E       		.uleb128 0xe
 473 01ed 72020000 		.4byte	.LASF40
 474 01f1 01       		.byte	0x1
 475 01f2 59       		.byte	0x59
 476 01f3 24010000 		.4byte	0x124
 477 01f7 0E       		.uleb128 0xe
 478 01f8 85010000 		.4byte	.LASF41
 479 01fc 01       		.byte	0x1
 480 01fd 5A       		.byte	0x5a
 481 01fe 99000000 		.4byte	0x99
 482 0202 0E       		.uleb128 0xe
 483 0203 25000000 		.4byte	.LASF42
 484 0207 01       		.byte	0x1
 485 0208 5B       		.byte	0x5b
 486 0209 99000000 		.4byte	0x99
 487 020d 12       		.uleb128 0x12
 488 020e 64617900 		.ascii	"day\000"
 489 0212 01       		.byte	0x1
 490 0213 5C       		.byte	0x5c
 491 0214 81000000 		.4byte	0x81
 492 0218 0E       		.uleb128 0xe
 493 0219 6C020000 		.4byte	.LASF43
 494 021d 01       		.byte	0x1
 495 021e 5C       		.byte	0x5c
 496 021f 81000000 		.4byte	0x81
 497 0223 0E       		.uleb128 0xe
 498 0224 1C020000 		.4byte	.LASF44
 499 0228 01       		.byte	0x1
 500 0229 5C       		.byte	0x5c
 501 022a 81000000 		.4byte	0x81
 502 022e 0E       		.uleb128 0xe
 503 022f C8020000 		.4byte	.LASF45
 504 0233 01       		.byte	0x1
 505 0234 5C       		.byte	0x5c
 506 0235 81000000 		.4byte	0x81
 507 0239 0E       		.uleb128 0xe
 508 023a 33010000 		.4byte	.LASF46
 509 023e 01       		.byte	0x1
 510 023f 5C       		.byte	0x5c
 511 0240 81000000 		.4byte	0x81
 512 0244 0E       		.uleb128 0xe
 513 0245 14020000 		.4byte	.LASF47
 514 0249 01       		.byte	0x1
ARM GAS  C:\Users\corne\AppData\Local\Temp\cc5aIYte.s 			page 12


 515 024a 5C       		.byte	0x5c
 516 024b 81000000 		.4byte	0x81
 517 024f 0E       		.uleb128 0xe
 518 0250 47000000 		.4byte	.LASF48
 519 0254 01       		.byte	0x1
 520 0255 5D       		.byte	0x5d
 521 0256 8D000000 		.4byte	0x8d
 522 025a 13       		.uleb128 0x13
 523 025b 64000000 		.4byte	.LBB3
 524 025f 50000000 		.4byte	.LBE3-.LBB3
 525 0263 0D       		.uleb128 0xd
 526 0264 D0020000 		.4byte	.LASF49
 527 0268 01       		.byte	0x1
 528 0269 4C       		.byte	0x4c
 529 026a A8030000 		.4byte	0x3a8
 530 026e 03       		.uleb128 0x3
 531 026f 91       		.byte	0x91
 532 0270 DC7E     		.sleb128 -164
 533 0272 14       		.uleb128 0x14
 534 0273 7C000000 		.4byte	.LVL14
 535 0277 B8030000 		.4byte	0x3b8
 536 027b 15       		.uleb128 0x15
 537 027c 88000000 		.4byte	.LVL16
 538 0280 C3030000 		.4byte	0x3c3
 539 0284 99020000 		.4byte	0x299
 540 0288 16       		.uleb128 0x16
 541 0289 01       		.uleb128 0x1
 542 028a 50       		.byte	0x50
 543 028b 03       		.uleb128 0x3
 544 028c 91       		.byte	0x91
 545 028d 8C7F     		.sleb128 -116
 546 028f 16       		.uleb128 0x16
 547 0290 01       		.uleb128 0x1
 548 0291 51       		.byte	0x51
 549 0292 05       		.uleb128 0x5
 550 0293 03       		.byte	0x3
 551 0294 BC000000 		.4byte	.LC20
 552 0298 00       		.byte	0
 553 0299 15       		.uleb128 0x15
 554 029a 8E000000 		.4byte	.LVL17
 555 029e CE030000 		.4byte	0x3ce
 556 02a2 AE020000 		.4byte	0x2ae
 557 02a6 16       		.uleb128 0x16
 558 02a7 01       		.uleb128 0x1
 559 02a8 50       		.byte	0x50
 560 02a9 03       		.uleb128 0x3
 561 02aa 91       		.byte	0x91
 562 02ab 8C7F     		.sleb128 -116
 563 02ad 00       		.byte	0
 564 02ae 14       		.uleb128 0x14
 565 02af 92000000 		.4byte	.LVL18
 566 02b3 DA030000 		.4byte	0x3da
 567 02b7 17       		.uleb128 0x17
 568 02b8 9A000000 		.4byte	.LVL19
 569 02bc E5030000 		.4byte	0x3e5
 570 02c0 16       		.uleb128 0x16
 571 02c1 01       		.uleb128 0x1
ARM GAS  C:\Users\corne\AppData\Local\Temp\cc5aIYte.s 			page 13


 572 02c2 50       		.byte	0x50
 573 02c3 03       		.uleb128 0x3
 574 02c4 0A       		.byte	0xa
 575 02c5 E803     		.2byte	0x3e8
 576 02c7 00       		.byte	0
 577 02c8 00       		.byte	0
 578 02c9 00       		.byte	0
 579 02ca 14       		.uleb128 0x14
 580 02cb 0A000000 		.4byte	.LVL0
 581 02cf F0030000 		.4byte	0x3f0
 582 02d3 14       		.uleb128 0x14
 583 02d4 0E000000 		.4byte	.LVL1
 584 02d8 FB030000 		.4byte	0x3fb
 585 02dc 15       		.uleb128 0x15
 586 02dd 14000000 		.4byte	.LVL2
 587 02e1 CE030000 		.4byte	0x3ce
 588 02e5 F3020000 		.4byte	0x2f3
 589 02e9 16       		.uleb128 0x16
 590 02ea 01       		.uleb128 0x1
 591 02eb 50       		.byte	0x50
 592 02ec 05       		.uleb128 0x5
 593 02ed 03       		.byte	0x3
 594 02ee 00000000 		.4byte	.LC10
 595 02f2 00       		.byte	0
 596 02f3 15       		.uleb128 0x15
 597 02f4 1A000000 		.4byte	.LVL3
 598 02f8 CE030000 		.4byte	0x3ce
 599 02fc 0A030000 		.4byte	0x30a
 600 0300 16       		.uleb128 0x16
 601 0301 01       		.uleb128 0x1
 602 0302 50       		.byte	0x50
 603 0303 05       		.uleb128 0x5
 604 0304 03       		.byte	0x3
 605 0305 58000000 		.4byte	.LC12
 606 0309 00       		.byte	0
 607 030a 15       		.uleb128 0x15
 608 030b 20000000 		.4byte	.LVL4
 609 030f CE030000 		.4byte	0x3ce
 610 0313 21030000 		.4byte	0x321
 611 0317 16       		.uleb128 0x16
 612 0318 01       		.uleb128 0x1
 613 0319 50       		.byte	0x50
 614 031a 05       		.uleb128 0x5
 615 031b 03       		.byte	0x3
 616 031c 7C000000 		.4byte	.LC14
 617 0320 00       		.byte	0
 618 0321 14       		.uleb128 0x14
 619 0322 24000000 		.4byte	.LVL5
 620 0326 06040000 		.4byte	0x406
 621 032a 15       		.uleb128 0x15
 622 032b 2E000000 		.4byte	.LVL6
 623 032f 12040000 		.4byte	0x412
 624 0333 4E030000 		.4byte	0x34e
 625 0337 16       		.uleb128 0x16
 626 0338 01       		.uleb128 0x1
 627 0339 50       		.byte	0x50
 628 033a 03       		.uleb128 0x3
ARM GAS  C:\Users\corne\AppData\Local\Temp\cc5aIYte.s 			page 14


 629 033b 91       		.byte	0x91
 630 033c 8C7F     		.sleb128 -116
 631 033e 16       		.uleb128 0x16
 632 033f 01       		.uleb128 0x1
 633 0340 51       		.byte	0x51
 634 0341 05       		.uleb128 0x5
 635 0342 03       		.byte	0x3
 636 0343 80000000 		.4byte	.LC16
 637 0347 16       		.uleb128 0x16
 638 0348 01       		.uleb128 0x1
 639 0349 52       		.byte	0x52
 640 034a 02       		.uleb128 0x2
 641 034b 08       		.byte	0x8
 642 034c 3C       		.byte	0x3c
 643 034d 00       		.byte	0
 644 034e 14       		.uleb128 0x14
 645 034f 3C000000 		.4byte	.LVL9
 646 0353 1B040000 		.4byte	0x41b
 647 0357 14       		.uleb128 0x14
 648 0358 40000000 		.4byte	.LVL10
 649 035c 26040000 		.4byte	0x426
 650 0360 14       		.uleb128 0x14
 651 0361 44000000 		.4byte	.LVL11
 652 0365 31040000 		.4byte	0x431
 653 0369 15       		.uleb128 0x15
 654 036a 58000000 		.4byte	.LVL12
 655 036e 3C040000 		.4byte	0x43c
 656 0372 8E030000 		.4byte	0x38e
 657 0376 16       		.uleb128 0x16
 658 0377 01       		.uleb128 0x1
 659 0378 50       		.byte	0x50
 660 0379 02       		.uleb128 0x2
 661 037a 08       		.byte	0x8
 662 037b 50       		.byte	0x50
 663 037c 16       		.uleb128 0x16
 664 037d 01       		.uleb128 0x1
 665 037e 51       		.byte	0x51
 666 037f 01       		.uleb128 0x1
 667 0380 30       		.byte	0x30
 668 0381 16       		.uleb128 0x16
 669 0382 01       		.uleb128 0x1
 670 0383 52       		.byte	0x52
 671 0384 03       		.uleb128 0x3
 672 0385 91       		.byte	0x91
 673 0386 807F     		.sleb128 -128
 674 0388 16       		.uleb128 0x16
 675 0389 01       		.uleb128 0x1
 676 038a 53       		.byte	0x53
 677 038b 01       		.uleb128 0x1
 678 038c 38       		.byte	0x38
 679 038d 00       		.byte	0
 680 038e 14       		.uleb128 0x14
 681 038f 64000000 		.4byte	.LVL13
 682 0393 47040000 		.4byte	0x447
 683 0397 00       		.byte	0
 684 0398 18       		.uleb128 0x18
 685 0399 BF000000 		.4byte	0xbf
ARM GAS  C:\Users\corne\AppData\Local\Temp\cc5aIYte.s 			page 15


 686 039d A8030000 		.4byte	0x3a8
 687 03a1 19       		.uleb128 0x19
 688 03a2 D9000000 		.4byte	0xd9
 689 03a6 63       		.byte	0x63
 690 03a7 00       		.byte	0
 691 03a8 18       		.uleb128 0x18
 692 03a9 E0000000 		.4byte	0xe0
 693 03ad B8030000 		.4byte	0x3b8
 694 03b1 19       		.uleb128 0x19
 695 03b2 D9000000 		.4byte	0xd9
 696 03b6 08       		.byte	0x8
 697 03b7 00       		.byte	0
 698 03b8 1A       		.uleb128 0x1a
 699 03b9 80030000 		.4byte	.LASF50
 700 03bd 80030000 		.4byte	.LASF50
 701 03c1 06       		.byte	0x6
 702 03c2 39       		.byte	0x39
 703 03c3 1A       		.uleb128 0x1a
 704 03c4 CC010000 		.4byte	.LASF51
 705 03c8 CC010000 		.4byte	.LASF51
 706 03cc 07       		.byte	0x7
 707 03cd E7       		.byte	0xe7
 708 03ce 1B       		.uleb128 0x1b
 709 03cf E9000000 		.4byte	.LASF52
 710 03d3 E9000000 		.4byte	.LASF52
 711 03d7 08       		.byte	0x8
 712 03d8 2103     		.2byte	0x321
 713 03da 1A       		.uleb128 0x1a
 714 03db 57020000 		.4byte	.LASF53
 715 03df 57020000 		.4byte	.LASF53
 716 03e3 06       		.byte	0x6
 717 03e4 3A       		.byte	0x3a
 718 03e5 1A       		.uleb128 0x1a
 719 03e6 5A030000 		.4byte	.LASF54
 720 03ea 5A030000 		.4byte	.LASF54
 721 03ee 09       		.byte	0x9
 722 03ef D9       		.byte	0xd9
 723 03f0 1A       		.uleb128 0x1a
 724 03f1 05000000 		.4byte	.LASF55
 725 03f5 05000000 		.4byte	.LASF55
 726 03f9 0A       		.byte	0xa
 727 03fa 12       		.byte	0x12
 728 03fb 1A       		.uleb128 0x1a
 729 03fc 30020000 		.4byte	.LASF56
 730 0400 30020000 		.4byte	.LASF56
 731 0404 0B       		.byte	0xb
 732 0405 6E       		.byte	0x6e
 733 0406 1B       		.uleb128 0x1b
 734 0407 6C030000 		.4byte	.LASF57
 735 040b 6C030000 		.4byte	.LASF57
 736 040f 05       		.byte	0x5
 737 0410 4E01     		.2byte	0x14e
 738 0412 1C       		.uleb128 0x1c
 739 0413 38000000 		.4byte	.LASF67
 740 0417 38000000 		.4byte	.LASF67
 741 041b 1A       		.uleb128 0x1a
 742 041c 62030000 		.4byte	.LASF58
ARM GAS  C:\Users\corne\AppData\Local\Temp\cc5aIYte.s 			page 16


 743 0420 62030000 		.4byte	.LASF58
 744 0424 0C       		.byte	0xc
 745 0425 6E       		.byte	0x6e
 746 0426 1A       		.uleb128 0x1a
 747 0427 9B010000 		.4byte	.LASF59
 748 042b 9B010000 		.4byte	.LASF59
 749 042f 0D       		.byte	0xd
 750 0430 98       		.byte	0x98
 751 0431 1A       		.uleb128 0x1a
 752 0432 7B020000 		.4byte	.LASF60
 753 0436 7B020000 		.4byte	.LASF60
 754 043a 0D       		.byte	0xd
 755 043b 9C       		.byte	0x9c
 756 043c 1A       		.uleb128 0x1a
 757 043d 3B020000 		.4byte	.LASF61
 758 0441 3B020000 		.4byte	.LASF61
 759 0445 0E       		.byte	0xe
 760 0446 1B       		.byte	0x1b
 761 0447 1A       		.uleb128 0x1a
 762 0448 4C030000 		.4byte	.LASF62
 763 044c 4C030000 		.4byte	.LASF62
 764 0450 06       		.byte	0x6
 765 0451 38       		.byte	0x38
 766 0452 00       		.byte	0
 767              		.section	.debug_abbrev,"",%progbits
 768              	.Ldebug_abbrev0:
 769 0000 01       		.uleb128 0x1
 770 0001 11       		.uleb128 0x11
 771 0002 01       		.byte	0x1
 772 0003 25       		.uleb128 0x25
 773 0004 0E       		.uleb128 0xe
 774 0005 13       		.uleb128 0x13
 775 0006 0B       		.uleb128 0xb
 776 0007 03       		.uleb128 0x3
 777 0008 0E       		.uleb128 0xe
 778 0009 1B       		.uleb128 0x1b
 779 000a 0E       		.uleb128 0xe
 780 000b 55       		.uleb128 0x55
 781 000c 17       		.uleb128 0x17
 782 000d 11       		.uleb128 0x11
 783 000e 01       		.uleb128 0x1
 784 000f 10       		.uleb128 0x10
 785 0010 17       		.uleb128 0x17
 786 0011 00       		.byte	0
 787 0012 00       		.byte	0
 788 0013 02       		.uleb128 0x2
 789 0014 24       		.uleb128 0x24
 790 0015 00       		.byte	0
 791 0016 0B       		.uleb128 0xb
 792 0017 0B       		.uleb128 0xb
 793 0018 3E       		.uleb128 0x3e
 794 0019 0B       		.uleb128 0xb
 795 001a 03       		.uleb128 0x3
 796 001b 0E       		.uleb128 0xe
 797 001c 00       		.byte	0
 798 001d 00       		.byte	0
 799 001e 03       		.uleb128 0x3
ARM GAS  C:\Users\corne\AppData\Local\Temp\cc5aIYte.s 			page 17


 800 001f 16       		.uleb128 0x16
 801 0020 00       		.byte	0
 802 0021 03       		.uleb128 0x3
 803 0022 0E       		.uleb128 0xe
 804 0023 3A       		.uleb128 0x3a
 805 0024 0B       		.uleb128 0xb
 806 0025 3B       		.uleb128 0x3b
 807 0026 0B       		.uleb128 0xb
 808 0027 49       		.uleb128 0x49
 809 0028 13       		.uleb128 0x13
 810 0029 00       		.byte	0
 811 002a 00       		.byte	0
 812 002b 04       		.uleb128 0x4
 813 002c 24       		.uleb128 0x24
 814 002d 00       		.byte	0
 815 002e 0B       		.uleb128 0xb
 816 002f 0B       		.uleb128 0xb
 817 0030 3E       		.uleb128 0x3e
 818 0031 0B       		.uleb128 0xb
 819 0032 03       		.uleb128 0x3
 820 0033 08       		.uleb128 0x8
 821 0034 00       		.byte	0
 822 0035 00       		.byte	0
 823 0036 05       		.uleb128 0x5
 824 0037 16       		.uleb128 0x16
 825 0038 00       		.byte	0
 826 0039 03       		.uleb128 0x3
 827 003a 0E       		.uleb128 0xe
 828 003b 3A       		.uleb128 0x3a
 829 003c 0B       		.uleb128 0xb
 830 003d 3B       		.uleb128 0x3b
 831 003e 05       		.uleb128 0x5
 832 003f 49       		.uleb128 0x49
 833 0040 13       		.uleb128 0x13
 834 0041 00       		.byte	0
 835 0042 00       		.byte	0
 836 0043 06       		.uleb128 0x6
 837 0044 0F       		.uleb128 0xf
 838 0045 00       		.byte	0
 839 0046 0B       		.uleb128 0xb
 840 0047 0B       		.uleb128 0xb
 841 0048 49       		.uleb128 0x49
 842 0049 13       		.uleb128 0x13
 843 004a 00       		.byte	0
 844 004b 00       		.byte	0
 845 004c 07       		.uleb128 0x7
 846 004d 26       		.uleb128 0x26
 847 004e 00       		.byte	0
 848 004f 49       		.uleb128 0x49
 849 0050 13       		.uleb128 0x13
 850 0051 00       		.byte	0
 851 0052 00       		.byte	0
 852 0053 08       		.uleb128 0x8
 853 0054 13       		.uleb128 0x13
 854 0055 01       		.byte	0x1
 855 0056 0B       		.uleb128 0xb
 856 0057 0B       		.uleb128 0xb
ARM GAS  C:\Users\corne\AppData\Local\Temp\cc5aIYte.s 			page 18


 857 0058 3A       		.uleb128 0x3a
 858 0059 0B       		.uleb128 0xb
 859 005a 3B       		.uleb128 0x3b
 860 005b 0B       		.uleb128 0xb
 861 005c 01       		.uleb128 0x1
 862 005d 13       		.uleb128 0x13
 863 005e 00       		.byte	0
 864 005f 00       		.byte	0
 865 0060 09       		.uleb128 0x9
 866 0061 0D       		.uleb128 0xd
 867 0062 00       		.byte	0
 868 0063 03       		.uleb128 0x3
 869 0064 0E       		.uleb128 0xe
 870 0065 3A       		.uleb128 0x3a
 871 0066 0B       		.uleb128 0xb
 872 0067 3B       		.uleb128 0x3b
 873 0068 0B       		.uleb128 0xb
 874 0069 49       		.uleb128 0x49
 875 006a 13       		.uleb128 0x13
 876 006b 38       		.uleb128 0x38
 877 006c 0B       		.uleb128 0xb
 878 006d 00       		.byte	0
 879 006e 00       		.byte	0
 880 006f 0A       		.uleb128 0xa
 881 0070 04       		.uleb128 0x4
 882 0071 01       		.byte	0x1
 883 0072 03       		.uleb128 0x3
 884 0073 0E       		.uleb128 0xe
 885 0074 0B       		.uleb128 0xb
 886 0075 0B       		.uleb128 0xb
 887 0076 49       		.uleb128 0x49
 888 0077 13       		.uleb128 0x13
 889 0078 3A       		.uleb128 0x3a
 890 0079 0B       		.uleb128 0xb
 891 007a 3B       		.uleb128 0x3b
 892 007b 0B       		.uleb128 0xb
 893 007c 01       		.uleb128 0x1
 894 007d 13       		.uleb128 0x13
 895 007e 00       		.byte	0
 896 007f 00       		.byte	0
 897 0080 0B       		.uleb128 0xb
 898 0081 28       		.uleb128 0x28
 899 0082 00       		.byte	0
 900 0083 03       		.uleb128 0x3
 901 0084 0E       		.uleb128 0xe
 902 0085 1C       		.uleb128 0x1c
 903 0086 0B       		.uleb128 0xb
 904 0087 00       		.byte	0
 905 0088 00       		.byte	0
 906 0089 0C       		.uleb128 0xc
 907 008a 2E       		.uleb128 0x2e
 908 008b 01       		.byte	0x1
 909 008c 3F       		.uleb128 0x3f
 910 008d 19       		.uleb128 0x19
 911 008e 03       		.uleb128 0x3
 912 008f 0E       		.uleb128 0xe
 913 0090 3A       		.uleb128 0x3a
ARM GAS  C:\Users\corne\AppData\Local\Temp\cc5aIYte.s 			page 19


 914 0091 0B       		.uleb128 0xb
 915 0092 3B       		.uleb128 0x3b
 916 0093 0B       		.uleb128 0xb
 917 0094 27       		.uleb128 0x27
 918 0095 19       		.uleb128 0x19
 919 0096 49       		.uleb128 0x49
 920 0097 13       		.uleb128 0x13
 921 0098 8701     		.uleb128 0x87
 922 009a 19       		.uleb128 0x19
 923 009b 11       		.uleb128 0x11
 924 009c 01       		.uleb128 0x1
 925 009d 12       		.uleb128 0x12
 926 009e 06       		.uleb128 0x6
 927 009f 40       		.uleb128 0x40
 928 00a0 18       		.uleb128 0x18
 929 00a1 9742     		.uleb128 0x2117
 930 00a3 19       		.uleb128 0x19
 931 00a4 01       		.uleb128 0x1
 932 00a5 13       		.uleb128 0x13
 933 00a6 00       		.byte	0
 934 00a7 00       		.byte	0
 935 00a8 0D       		.uleb128 0xd
 936 00a9 34       		.uleb128 0x34
 937 00aa 00       		.byte	0
 938 00ab 03       		.uleb128 0x3
 939 00ac 0E       		.uleb128 0xe
 940 00ad 3A       		.uleb128 0x3a
 941 00ae 0B       		.uleb128 0xb
 942 00af 3B       		.uleb128 0x3b
 943 00b0 0B       		.uleb128 0xb
 944 00b1 49       		.uleb128 0x49
 945 00b2 13       		.uleb128 0x13
 946 00b3 02       		.uleb128 0x2
 947 00b4 18       		.uleb128 0x18
 948 00b5 00       		.byte	0
 949 00b6 00       		.byte	0
 950 00b7 0E       		.uleb128 0xe
 951 00b8 34       		.uleb128 0x34
 952 00b9 00       		.byte	0
 953 00ba 03       		.uleb128 0x3
 954 00bb 0E       		.uleb128 0xe
 955 00bc 3A       		.uleb128 0x3a
 956 00bd 0B       		.uleb128 0xb
 957 00be 3B       		.uleb128 0x3b
 958 00bf 0B       		.uleb128 0xb
 959 00c0 49       		.uleb128 0x49
 960 00c1 13       		.uleb128 0x13
 961 00c2 00       		.byte	0
 962 00c3 00       		.byte	0
 963 00c4 0F       		.uleb128 0xf
 964 00c5 34       		.uleb128 0x34
 965 00c6 00       		.byte	0
 966 00c7 03       		.uleb128 0x3
 967 00c8 08       		.uleb128 0x8
 968 00c9 3A       		.uleb128 0x3a
 969 00ca 0B       		.uleb128 0xb
 970 00cb 3B       		.uleb128 0x3b
ARM GAS  C:\Users\corne\AppData\Local\Temp\cc5aIYte.s 			page 20


 971 00cc 0B       		.uleb128 0xb
 972 00cd 49       		.uleb128 0x49
 973 00ce 13       		.uleb128 0x13
 974 00cf 02       		.uleb128 0x2
 975 00d0 17       		.uleb128 0x17
 976 00d1 00       		.byte	0
 977 00d2 00       		.byte	0
 978 00d3 10       		.uleb128 0x10
 979 00d4 0B       		.uleb128 0xb
 980 00d5 01       		.byte	0x1
 981 00d6 11       		.uleb128 0x11
 982 00d7 01       		.uleb128 0x1
 983 00d8 12       		.uleb128 0x12
 984 00d9 06       		.uleb128 0x6
 985 00da 01       		.uleb128 0x1
 986 00db 13       		.uleb128 0x13
 987 00dc 00       		.byte	0
 988 00dd 00       		.byte	0
 989 00de 11       		.uleb128 0x11
 990 00df 34       		.uleb128 0x34
 991 00e0 00       		.byte	0
 992 00e1 03       		.uleb128 0x3
 993 00e2 0E       		.uleb128 0xe
 994 00e3 3A       		.uleb128 0x3a
 995 00e4 0B       		.uleb128 0xb
 996 00e5 3B       		.uleb128 0x3b
 997 00e6 0B       		.uleb128 0xb
 998 00e7 49       		.uleb128 0x49
 999 00e8 13       		.uleb128 0x13
 1000 00e9 02       		.uleb128 0x2
 1001 00ea 17       		.uleb128 0x17
 1002 00eb 00       		.byte	0
 1003 00ec 00       		.byte	0
 1004 00ed 12       		.uleb128 0x12
 1005 00ee 34       		.uleb128 0x34
 1006 00ef 00       		.byte	0
 1007 00f0 03       		.uleb128 0x3
 1008 00f1 08       		.uleb128 0x8
 1009 00f2 3A       		.uleb128 0x3a
 1010 00f3 0B       		.uleb128 0xb
 1011 00f4 3B       		.uleb128 0x3b
 1012 00f5 0B       		.uleb128 0xb
 1013 00f6 49       		.uleb128 0x49
 1014 00f7 13       		.uleb128 0x13
 1015 00f8 00       		.byte	0
 1016 00f9 00       		.byte	0
 1017 00fa 13       		.uleb128 0x13
 1018 00fb 0B       		.uleb128 0xb
 1019 00fc 01       		.byte	0x1
 1020 00fd 11       		.uleb128 0x11
 1021 00fe 01       		.uleb128 0x1
 1022 00ff 12       		.uleb128 0x12
 1023 0100 06       		.uleb128 0x6
 1024 0101 00       		.byte	0
 1025 0102 00       		.byte	0
 1026 0103 14       		.uleb128 0x14
 1027 0104 898201   		.uleb128 0x4109
ARM GAS  C:\Users\corne\AppData\Local\Temp\cc5aIYte.s 			page 21


 1028 0107 00       		.byte	0
 1029 0108 11       		.uleb128 0x11
 1030 0109 01       		.uleb128 0x1
 1031 010a 31       		.uleb128 0x31
 1032 010b 13       		.uleb128 0x13
 1033 010c 00       		.byte	0
 1034 010d 00       		.byte	0
 1035 010e 15       		.uleb128 0x15
 1036 010f 898201   		.uleb128 0x4109
 1037 0112 01       		.byte	0x1
 1038 0113 11       		.uleb128 0x11
 1039 0114 01       		.uleb128 0x1
 1040 0115 31       		.uleb128 0x31
 1041 0116 13       		.uleb128 0x13
 1042 0117 01       		.uleb128 0x1
 1043 0118 13       		.uleb128 0x13
 1044 0119 00       		.byte	0
 1045 011a 00       		.byte	0
 1046 011b 16       		.uleb128 0x16
 1047 011c 8A8201   		.uleb128 0x410a
 1048 011f 00       		.byte	0
 1049 0120 02       		.uleb128 0x2
 1050 0121 18       		.uleb128 0x18
 1051 0122 9142     		.uleb128 0x2111
 1052 0124 18       		.uleb128 0x18
 1053 0125 00       		.byte	0
 1054 0126 00       		.byte	0
 1055 0127 17       		.uleb128 0x17
 1056 0128 898201   		.uleb128 0x4109
 1057 012b 01       		.byte	0x1
 1058 012c 11       		.uleb128 0x11
 1059 012d 01       		.uleb128 0x1
 1060 012e 31       		.uleb128 0x31
 1061 012f 13       		.uleb128 0x13
 1062 0130 00       		.byte	0
 1063 0131 00       		.byte	0
 1064 0132 18       		.uleb128 0x18
 1065 0133 01       		.uleb128 0x1
 1066 0134 01       		.byte	0x1
 1067 0135 49       		.uleb128 0x49
 1068 0136 13       		.uleb128 0x13
 1069 0137 01       		.uleb128 0x1
 1070 0138 13       		.uleb128 0x13
 1071 0139 00       		.byte	0
 1072 013a 00       		.byte	0
 1073 013b 19       		.uleb128 0x19
 1074 013c 21       		.uleb128 0x21
 1075 013d 00       		.byte	0
 1076 013e 49       		.uleb128 0x49
 1077 013f 13       		.uleb128 0x13
 1078 0140 2F       		.uleb128 0x2f
 1079 0141 0B       		.uleb128 0xb
 1080 0142 00       		.byte	0
 1081 0143 00       		.byte	0
 1082 0144 1A       		.uleb128 0x1a
 1083 0145 2E       		.uleb128 0x2e
 1084 0146 00       		.byte	0
ARM GAS  C:\Users\corne\AppData\Local\Temp\cc5aIYte.s 			page 22


 1085 0147 3F       		.uleb128 0x3f
 1086 0148 19       		.uleb128 0x19
 1087 0149 3C       		.uleb128 0x3c
 1088 014a 19       		.uleb128 0x19
 1089 014b 6E       		.uleb128 0x6e
 1090 014c 0E       		.uleb128 0xe
 1091 014d 03       		.uleb128 0x3
 1092 014e 0E       		.uleb128 0xe
 1093 014f 3A       		.uleb128 0x3a
 1094 0150 0B       		.uleb128 0xb
 1095 0151 3B       		.uleb128 0x3b
 1096 0152 0B       		.uleb128 0xb
 1097 0153 00       		.byte	0
 1098 0154 00       		.byte	0
 1099 0155 1B       		.uleb128 0x1b
 1100 0156 2E       		.uleb128 0x2e
 1101 0157 00       		.byte	0
 1102 0158 3F       		.uleb128 0x3f
 1103 0159 19       		.uleb128 0x19
 1104 015a 3C       		.uleb128 0x3c
 1105 015b 19       		.uleb128 0x19
 1106 015c 6E       		.uleb128 0x6e
 1107 015d 0E       		.uleb128 0xe
 1108 015e 03       		.uleb128 0x3
 1109 015f 0E       		.uleb128 0xe
 1110 0160 3A       		.uleb128 0x3a
 1111 0161 0B       		.uleb128 0xb
 1112 0162 3B       		.uleb128 0x3b
 1113 0163 05       		.uleb128 0x5
 1114 0164 00       		.byte	0
 1115 0165 00       		.byte	0
 1116 0166 1C       		.uleb128 0x1c
 1117 0167 2E       		.uleb128 0x2e
 1118 0168 00       		.byte	0
 1119 0169 3F       		.uleb128 0x3f
 1120 016a 19       		.uleb128 0x19
 1121 016b 3C       		.uleb128 0x3c
 1122 016c 19       		.uleb128 0x19
 1123 016d 6E       		.uleb128 0x6e
 1124 016e 0E       		.uleb128 0xe
 1125 016f 03       		.uleb128 0x3
 1126 0170 0E       		.uleb128 0xe
 1127 0171 00       		.byte	0
 1128 0172 00       		.byte	0
 1129 0173 00       		.byte	0
 1130              		.section	.debug_loc,"",%progbits
 1131              	.Ldebug_loc0:
 1132              	.LLST0:
 1133 0000 2E000000 		.4byte	.LVL6
 1134 0004 32000000 		.4byte	.LVL7
 1135 0008 0200     		.2byte	0x2
 1136 000a 30       		.byte	0x30
 1137 000b 9F       		.byte	0x9f
 1138 000c 32000000 		.4byte	.LVL7
 1139 0010 3B000000 		.4byte	.LVL9-1
 1140 0014 0100     		.2byte	0x1
 1141 0016 53       		.byte	0x53
ARM GAS  C:\Users\corne\AppData\Local\Temp\cc5aIYte.s 			page 23


 1142 0017 00000000 		.4byte	0
 1143 001b 00000000 		.4byte	0
 1144              	.LLST1:
 1145 001f 7C000000 		.4byte	.LVL14
 1146 0023 7E000000 		.4byte	.LVL15
 1147 0027 0100     		.2byte	0x1
 1148 0029 50       		.byte	0x50
 1149 002a 00000000 		.4byte	0
 1150 002e 00000000 		.4byte	0
 1151              		.section	.debug_aranges,"",%progbits
 1152 0000 1C000000 		.4byte	0x1c
 1153 0004 0200     		.2byte	0x2
 1154 0006 00000000 		.4byte	.Ldebug_info0
 1155 000a 04       		.byte	0x4
 1156 000b 00       		.byte	0
 1157 000c 0000     		.2byte	0
 1158 000e 0000     		.2byte	0
 1159 0010 00000000 		.4byte	.LFB65
 1160 0014 B4000000 		.4byte	.LFE65-.LFB65
 1161 0018 00000000 		.4byte	0
 1162 001c 00000000 		.4byte	0
 1163              		.section	.debug_ranges,"",%progbits
 1164              	.Ldebug_ranges0:
 1165 0000 00000000 		.4byte	.LFB65
 1166 0004 B4000000 		.4byte	.LFE65
 1167 0008 00000000 		.4byte	0
 1168 000c 00000000 		.4byte	0
 1169              		.section	.debug_line,"",%progbits
 1170              	.Ldebug_line0:
 1171 0000 77020000 		.section	.debug_str,"MS",%progbits,1
 1171      02002902 
 1171      00000201 
 1171      FB0E0D00 
 1171      01010101 
 1172              	.LASF32:
 1173 0000 77657374 		.ascii	"west\000"
 1173      00
 1174              	.LASF55:
 1175 0005 424D4532 		.ascii	"BME280_setup\000"
 1175      38305F73 
 1175      65747570 
 1175      00
 1176              	.LASF2:
 1177 0012 73686F72 		.ascii	"short int\000"
 1177      7420696E 
 1177      7400
 1178              	.LASF20:
 1179 001c 73697A65 		.ascii	"sizetype\000"
 1179      74797065 
 1179      00
 1180              	.LASF42:
 1181 0025 6F6C6464 		.ascii	"olddate\000"
 1181      61746500 
 1182              	.LASF17:
 1183 002d 63686172 		.ascii	"char8\000"
 1183      3800
 1184              	.LASF66:
ARM GAS  C:\Users\corne\AppData\Local\Temp\cc5aIYte.s 			page 24


 1185 0033 6D61696E 		.ascii	"main\000"
 1185      00
 1186              	.LASF67:
 1187 0038 6D656D63 		.ascii	"memcpy\000"
 1187      707900
 1188              	.LASF34:
 1189 003f 696E7661 		.ascii	"invalid\000"
 1189      6C696400 
 1190              	.LASF48:
 1191 0047 79656172 		.ascii	"year\000"
 1191      00
 1192              	.LASF12:
 1193 004c 75696E74 		.ascii	"uint16\000"
 1193      313600
 1194              	.LASF63:
 1195 0053 474E5520 		.ascii	"GNU C11 5.4.1 20160609 (release) [ARM/embedded-5-br"
 1195      43313120 
 1195      352E342E 
 1195      31203230 
 1195      31363036 
 1196 0086 616E6368 		.ascii	"anch revision 237715] -mcpu=cortex-m0 -mthumb -g -O"
 1196      20726576 
 1196      6973696F 
 1196      6E203233 
 1196      37373135 
 1197 00b9 67202D66 		.ascii	"g -ffunction-sections -ffat-lto-objects\000"
 1197      66756E63 
 1197      74696F6E 
 1197      2D736563 
 1197      74696F6E 
 1198              	.LASF10:
 1199 00e1 75696E74 		.ascii	"uint8_t\000"
 1199      385F7400 
 1200              	.LASF52:
 1201 00e9 55415254 		.ascii	"UART_UartPutString\000"
 1201      5F556172 
 1201      74507574 
 1201      53747269 
 1201      6E6700
 1202              	.LASF11:
 1203 00fc 75696E74 		.ascii	"uint8\000"
 1203      3800
 1204              	.LASF14:
 1205 0102 666C6F61 		.ascii	"float\000"
 1205      7400
 1206              	.LASF6:
 1207 0108 6C6F6E67 		.ascii	"long long int\000"
 1207      206C6F6E 
 1207      6720696E 
 1207      7400
 1208              	.LASF37:
 1209 0116 756E6978 		.ascii	"unixtime\000"
 1209      74696D65 
 1209      00
 1210              	.LASF27:
 1211 011f 6E6F7274 		.ascii	"northeast\000"
 1211      68656173 
ARM GAS  C:\Users\corne\AppData\Local\Temp\cc5aIYte.s 			page 25


 1211      7400
 1212              	.LASF31:
 1213 0129 736F7574 		.ascii	"southwest\000"
 1213      68776573 
 1213      7400
 1214              	.LASF46:
 1215 0133 6F6C646D 		.ascii	"oldminutes\000"
 1215      696E7574 
 1215      657300
 1216              	.LASF16:
 1217 013e 75696E74 		.ascii	"uint64\000"
 1217      363400
 1218              	.LASF5:
 1219 0145 6C6F6E67 		.ascii	"long unsigned int\000"
 1219      20756E73 
 1219      69676E65 
 1219      6420696E 
 1219      7400
 1220              	.LASF29:
 1221 0157 736F7574 		.ascii	"southeast\000"
 1221      68656173 
 1221      7400
 1222              	.LASF9:
 1223 0161 5F5F7569 		.ascii	"__uint8_t\000"
 1223      6E74385F 
 1223      7400
 1224              	.LASF25:
 1225 016b 5254435F 		.ascii	"RTC_DATE_TIME\000"
 1225      44415445 
 1225      5F54494D 
 1225      4500
 1226              	.LASF19:
 1227 0179 6C6F6E67 		.ascii	"long double\000"
 1227      20646F75 
 1227      626C6500 
 1228              	.LASF41:
 1229 0185 6F6C6474 		.ascii	"oldtime\000"
 1229      696D6500 
 1230              	.LASF1:
 1231 018d 756E7369 		.ascii	"unsigned char\000"
 1231      676E6564 
 1231      20636861 
 1231      7200
 1232              	.LASF59:
 1233 019b 4144435F 		.ascii	"ADC_SAR_Start\000"
 1233      5341525F 
 1233      53746172 
 1233      7400
 1234              	.LASF0:
 1235 01a9 7369676E 		.ascii	"signed char\000"
 1235      65642063 
 1235      68617200 
 1236              	.LASF7:
 1237 01b5 6C6F6E67 		.ascii	"long long unsigned int\000"
 1237      206C6F6E 
 1237      6720756E 
 1237      7369676E 
ARM GAS  C:\Users\corne\AppData\Local\Temp\cc5aIYte.s 			page 26


 1237      65642069 
 1238              	.LASF51:
 1239 01cc 73707269 		.ascii	"sprintf\000"
 1239      6E746600 
 1240              	.LASF8:
 1241 01d4 756E7369 		.ascii	"unsigned int\000"
 1241      676E6564 
 1241      20696E74 
 1241      00
 1242              	.LASF26:
 1243 01e1 6E6F7274 		.ascii	"north\000"
 1243      6800
 1244              	.LASF35:
 1245 01e7 77696E64 		.ascii	"winddirection\000"
 1245      64697265 
 1245      6374696F 
 1245      6E00
 1246              	.LASF21:
 1247 01f5 74696D65 		.ascii	"time\000"
 1247      00
 1248              	.LASF3:
 1249 01fa 73686F72 		.ascii	"short unsigned int\000"
 1249      7420756E 
 1249      7369676E 
 1249      65642069 
 1249      6E7400
 1250              	.LASF24:
 1251 020d 73746174 		.ascii	"status\000"
 1251      757300
 1252              	.LASF47:
 1253 0214 7365636F 		.ascii	"seconds\000"
 1253      6E647300 
 1254              	.LASF44:
 1255 021c 686F7572 		.ascii	"hours\000"
 1255      7300
 1256              	.LASF18:
 1257 0222 63686172 		.ascii	"char\000"
 1257      00
 1258              	.LASF4:
 1259 0227 6C6F6E67 		.ascii	"long int\000"
 1259      20696E74 
 1259      00
 1260              	.LASF56:
 1261 0230 55415254 		.ascii	"UART_Start\000"
 1261      5F537461 
 1261      727400
 1262              	.LASF61:
 1263 023b 45455052 		.ascii	"EEPROM_ReadBuffer\000"
 1263      4F4D5F52 
 1263      65616442 
 1263      75666665 
 1263      7200
 1264              	.LASF23:
 1265 024d 6461794F 		.ascii	"dayOfWeek\000"
 1265      66576565 
 1265      6B00
 1266              	.LASF53:
ARM GAS  C:\Users\corne\AppData\Local\Temp\cc5aIYte.s 			page 27


 1267 0257 57454154 		.ascii	"WEATHER_getWindSpeed\000"
 1267      4845525F 
 1267      67657457 
 1267      696E6453 
 1267      70656564 
 1268              	.LASF43:
 1269 026c 6D6F6E74 		.ascii	"month\000"
 1269      6800
 1270              	.LASF40:
 1271 0272 64617465 		.ascii	"datetime\000"
 1271      74696D65 
 1271      00
 1272              	.LASF60:
 1273 027b 4144435F 		.ascii	"ADC_SAR_StartConvert\000"
 1273      5341525F 
 1273      53746172 
 1273      74436F6E 
 1273      76657274 
 1274              	.LASF22:
 1275 0290 64617465 		.ascii	"date\000"
 1275      00
 1276              	.LASF13:
 1277 0295 75696E74 		.ascii	"uint32\000"
 1277      333200
 1278              	.LASF64:
 1279 029c 6D61696E 		.ascii	"main.c\000"
 1279      2E6300
 1280              	.LASF38:
 1281 02a3 64697265 		.ascii	"direction_main\000"
 1281      6374696F 
 1281      6E5F6D61 
 1281      696E00
 1282              	.LASF15:
 1283 02b2 646F7562 		.ascii	"double\000"
 1283      6C6500
 1284              	.LASF28:
 1285 02b9 65617374 		.ascii	"east\000"
 1285      00
 1286              	.LASF36:
 1287 02be 6F757473 		.ascii	"outstring\000"
 1287      7472696E 
 1287      6700
 1288              	.LASF45:
 1289 02c8 6D696E75 		.ascii	"minutes\000"
 1289      74657300 
 1290              	.LASF49:
 1291 02d0 64697265 		.ascii	"directions\000"
 1291      6374696F 
 1291      6E7300
 1292              	.LASF65:
 1293 02db 433A5C55 		.ascii	"C:\\Users\\corne\\Dropbox\\prive\\projects\\Wireles"
 1293      73657273 
 1293      5C636F72 
 1293      6E655C44 
 1293      726F7062 
 1294 0308 735F7365 		.ascii	"s_sensornode\\Software\\Wireless_sensornode\\Firmwa"
 1294      6E736F72 
ARM GAS  C:\Users\corne\AppData\Local\Temp\cc5aIYte.s 			page 28


 1294      6E6F6465 
 1294      5C536F66 
 1294      74776172 
 1295 0338 72655F56 		.ascii	"re_V0.1.cydsn\000"
 1295      302E312E 
 1295      63796473 
 1295      6E00
 1296              	.LASF39:
 1297 0346 72786275 		.ascii	"rxbuf\000"
 1297      6600
 1298              	.LASF62:
 1299 034c 57454154 		.ascii	"WEATHER_Setup\000"
 1299      4845525F 
 1299      53657475 
 1299      7000
 1300              	.LASF54:
 1301 035a 43794465 		.ascii	"CyDelay\000"
 1301      6C617900 
 1302              	.LASF58:
 1303 0362 4932435F 		.ascii	"I2C_Start\000"
 1303      53746172 
 1303      7400
 1304              	.LASF57:
 1305 036c 5254435F 		.ascii	"RTC_Start\000"
 1305      53746172 
 1305      7400
 1306              	.LASF33:
 1307 0376 6E6F7274 		.ascii	"northwest\000"
 1307      68776573 
 1307      7400
 1308              	.LASF50:
 1309 0380 57454154 		.ascii	"WEATHER_getWindDirection\000"
 1309      4845525F 
 1309      67657457 
 1309      696E6444 
 1309      69726563 
 1310              	.LASF30:
 1311 0399 736F7574 		.ascii	"south\000"
 1311      6800
 1312              		.ident	"GCC: (GNU Tools for ARM Embedded Processors) 5.4.1 20160609 (release) [ARM/embedded-5-bran
