ARM GAS  C:\Users\corne\AppData\Local\Temp\ccyfxbmR.s 			page 1


   1              		.syntax unified
   2              		.cpu cortex-m0
   3              		.fpu softvfp
   4              		.eabi_attribute 20, 1
   5              		.eabi_attribute 21, 1
   6              		.eabi_attribute 23, 3
   7              		.eabi_attribute 24, 1
   8              		.eabi_attribute 25, 1
   9              		.eabi_attribute 26, 1
  10              		.eabi_attribute 30, 1
  11              		.eabi_attribute 34, 0
  12              		.eabi_attribute 18, 4
  13              		.thumb
  14              		.syntax unified
  15              		.file	"MyIndication.c"
  16              		.text
  17              	.Ltext0:
  18              		.cfi_sections	.debug_frame
  19              		.section	.text.setIndication,"ax",%progbits
  20              		.align	2
  21              		.global	setIndication
  22              		.code	16
  23              		.thumb_func
  24              		.type	setIndication, %function
  25              	setIndication:
  26              	.LFB64:
  27              		.file 1 "MyIndication.c"
   1:MyIndication.c **** /*
   2:MyIndication.c ****  * The MySensors Arduino library handles the wireless radio link and protocol
   3:MyIndication.c ****  * between your home built sensors/actuators and HA controller of choice.
   4:MyIndication.c ****  * The sensors forms a self healing radio network with optional repeaters. Each
   5:MyIndication.c ****  * repeater and gateway builds a routing tables in EEPROM which keeps track of the
   6:MyIndication.c ****  * network topology allowing messages to be routed to nodes.
   7:MyIndication.c ****  *
   8:MyIndication.c ****  * Created by Henrik Ekblad <henrik.ekblad@mysensors.org>
   9:MyIndication.c ****  * Copyright (C) 2013-2016 Sensnology AB
  10:MyIndication.c ****  * Full contributor list: https://github.com/mysensors/Arduino/graphs/contributors
  11:MyIndication.c ****  *
  12:MyIndication.c ****  * Documentation: http://www.mysensors.org
  13:MyIndication.c ****  * Support Forum: http://forum.mysensors.org
  14:MyIndication.c ****  *
  15:MyIndication.c ****  * This program is free software; you can redistribute it and/or
  16:MyIndication.c ****  * modify it under the terms of the GNU General Public License
  17:MyIndication.c ****  * version 2 as published by the Free Software Foundation.
  18:MyIndication.c ****  */
  19:MyIndication.c **** 
  20:MyIndication.c **** #include "MyIndication.h"
  21:MyIndication.c **** #include "MyLeds.h"
  22:MyIndication.c **** 
  23:MyIndication.c **** void setIndication( const indication_t ind )
  24:MyIndication.c **** {
  28              		.loc 1 24 0
  29              		.cfi_startproc
  30              		@ args = 0, pretend = 0, frame = 0
  31              		@ frame_needed = 0, uses_anonymous_args = 0
  32              	.LVL0:
  33 0000 10B5     		push	{r4, lr}
ARM GAS  C:\Users\corne\AppData\Local\Temp\ccyfxbmR.s 			page 2


  34              		.cfi_def_cfa_offset 8
  35              		.cfi_offset 4, -8
  36              		.cfi_offset 14, -4
  37 0002 041E     		subs	r4, r0, #0
  25:MyIndication.c **** 	if ((INDICATION_TX == ind) || (INDICATION_GW_TX == ind)) {
  38              		.loc 1 25 0
  39 0004 01D0     		beq	.L2
  40              		.loc 1 25 0 is_stmt 0 discriminator 1
  41 0006 0228     		cmp	r0, #2
  42 0008 03D1     		bne	.L3
  43              	.L2:
  26:MyIndication.c **** 		ledsBlinkTx(1);
  44              		.loc 1 26 0 is_stmt 1
  45 000a 0120     		movs	r0, #1
  46              	.LVL1:
  47 000c FFF7FEFF 		bl	ledsBlinkTx
  48              	.LVL2:
  49 0010 0DE0     		b	.L4
  50              	.LVL3:
  51              	.L3:
  27:MyIndication.c **** 	} else
  28:MyIndication.c **** 		if ((INDICATION_RX == ind) || (INDICATION_GW_RX == ind)) {
  52              		.loc 1 28 0
  53 0012 0128     		cmp	r0, #1
  54 0014 01D0     		beq	.L5
  55              		.loc 1 28 0 is_stmt 0 discriminator 1
  56 0016 0328     		cmp	r0, #3
  57 0018 03D1     		bne	.L6
  58              	.L5:
  29:MyIndication.c **** 			ledsBlinkRx(1);
  59              		.loc 1 29 0 is_stmt 1
  60 001a 0120     		movs	r0, #1
  61              	.LVL4:
  62 001c FFF7FEFF 		bl	ledsBlinkRx
  63              	.LVL5:
  64 0020 05E0     		b	.L4
  65              	.LVL6:
  66              	.L6:
  30:MyIndication.c **** 		} else
  31:MyIndication.c **** 			if (ind > INDICATION_ERR_START) {
  67              		.loc 1 31 0
  68 0022 6428     		cmp	r0, #100
  69 0024 03D9     		bls	.L4
  32:MyIndication.c **** 				// Number of blinks indicates which error occurred.
  33:MyIndication.c **** 				ledsBlinkErr(ind-INDICATION_ERR_START);
  70              		.loc 1 33 0
  71 0026 6438     		subs	r0, r0, #100
  72              	.LVL7:
  73 0028 C0B2     		uxtb	r0, r0
  74 002a FFF7FEFF 		bl	ledsBlinkErr
  75              	.LVL8:
  76              	.L4:
  34:MyIndication.c **** 			}
  35:MyIndication.c **** 	if (indication) {
  77              		.loc 1 35 0
  78 002e 034B     		ldr	r3, .L8
  79 0030 002B     		cmp	r3, #0
ARM GAS  C:\Users\corne\AppData\Local\Temp\ccyfxbmR.s 			page 3


  80 0032 02D0     		beq	.L1
  36:MyIndication.c **** 		indication(ind);
  81              		.loc 1 36 0
  82 0034 2000     		movs	r0, r4
  83 0036 FFF7FEFF 		bl	indication
  84              	.LVL9:
  85              	.L1:
  37:MyIndication.c **** 	}
  38:MyIndication.c **** }
  86              		.loc 1 38 0
  87              		@ sp needed
  88 003a 10BD     		pop	{r4, pc}
  89              	.L9:
  90              		.align	2
  91              	.L8:
  92 003c 00000000 		.word	indication
  93              		.cfi_endproc
  94              	.LFE64:
  95              		.size	setIndication, .-setIndication
  96              		.weak	indication
  97              		.text
  98              	.Letext0:
  99              		.file 2 "MyLeds.h"
 100              		.file 3 "MyIndication.h"
 101              		.section	.debug_info,"",%progbits
 102              	.Ldebug_info0:
 103 0000 1C020000 		.4byte	0x21c
 104 0004 0400     		.2byte	0x4
 105 0006 00000000 		.4byte	.Ldebug_abbrev0
 106 000a 04       		.byte	0x4
 107 000b 01       		.uleb128 0x1
 108 000c 86030000 		.4byte	.LASF54
 109 0010 0C       		.byte	0xc
 110 0011 79020000 		.4byte	.LASF55
 111 0015 00000000 		.4byte	.LASF56
 112 0019 00000000 		.4byte	.Ldebug_ranges0+0
 113 001d 00000000 		.4byte	0
 114 0021 00000000 		.4byte	.Ldebug_line0
 115 0025 02       		.uleb128 0x2
 116 0026 01       		.byte	0x1
 117 0027 0A010000 		.4byte	0x10a
 118 002b 03       		.byte	0x3
 119 002c 1A       		.byte	0x1a
 120 002d 0A010000 		.4byte	0x10a
 121 0031 03       		.uleb128 0x3
 122 0032 6B020000 		.4byte	.LASF0
 123 0036 00       		.byte	0
 124 0037 03       		.uleb128 0x3
 125 0038 37010000 		.4byte	.LASF1
 126 003c 01       		.byte	0x1
 127 003d 03       		.uleb128 0x3
 128 003e DB010000 		.4byte	.LASF2
 129 0042 02       		.byte	0x2
 130 0043 03       		.uleb128 0x3
 131 0044 AA010000 		.4byte	.LASF3
 132 0048 03       		.byte	0x3
 133 0049 03       		.uleb128 0x3
ARM GAS  C:\Users\corne\AppData\Local\Temp\ccyfxbmR.s 			page 4


 134 004a 5A030000 		.4byte	.LASF4
 135 004e 04       		.byte	0x4
 136 004f 03       		.uleb128 0x3
 137 0050 8F020000 		.4byte	.LASF5
 138 0054 05       		.byte	0x5
 139 0055 03       		.uleb128 0x3
 140 0056 1D040000 		.4byte	.LASF6
 141 005a 06       		.byte	0x6
 142 005b 03       		.uleb128 0x3
 143 005c BE000000 		.4byte	.LASF7
 144 0060 07       		.byte	0x7
 145 0061 03       		.uleb128 0x3
 146 0062 53020000 		.4byte	.LASF8
 147 0066 08       		.byte	0x8
 148 0067 03       		.uleb128 0x3
 149 0068 3E030000 		.4byte	.LASF9
 150 006c 09       		.byte	0x9
 151 006d 03       		.uleb128 0x3
 152 006e 46040000 		.4byte	.LASF10
 153 0072 0A       		.byte	0xa
 154 0073 03       		.uleb128 0x3
 155 0074 45010000 		.4byte	.LASF11
 156 0078 0B       		.byte	0xb
 157 0079 03       		.uleb128 0x3
 158 007a 87040000 		.4byte	.LASF12
 159 007e 0C       		.byte	0xc
 160 007f 03       		.uleb128 0x3
 161 0080 0B020000 		.4byte	.LASF13
 162 0084 0D       		.byte	0xd
 163 0085 03       		.uleb128 0x3
 164 0086 14050000 		.4byte	.LASF14
 165 008a 0E       		.byte	0xe
 166 008b 03       		.uleb128 0x3
 167 008c BB010000 		.4byte	.LASF15
 168 0090 0F       		.byte	0xf
 169 0091 03       		.uleb128 0x3
 170 0092 6C040000 		.4byte	.LASF16
 171 0096 10       		.byte	0x10
 172 0097 03       		.uleb128 0x3
 173 0098 1F010000 		.4byte	.LASF17
 174 009c 11       		.byte	0x11
 175 009d 03       		.uleb128 0x3
 176 009e E0040000 		.4byte	.LASF18
 177 00a2 12       		.byte	0x12
 178 00a3 03       		.uleb128 0x3
 179 00a4 71030000 		.4byte	.LASF19
 180 00a8 64       		.byte	0x64
 181 00a9 03       		.uleb128 0x3
 182 00aa 9A040000 		.4byte	.LASF20
 183 00ae 65       		.byte	0x65
 184 00af 03       		.uleb128 0x3
 185 00b0 6B000000 		.4byte	.LASF21
 186 00b4 66       		.byte	0x66
 187 00b5 03       		.uleb128 0x3
 188 00b6 D4000000 		.4byte	.LASF22
 189 00ba 67       		.byte	0x67
 190 00bb 03       		.uleb128 0x3
ARM GAS  C:\Users\corne\AppData\Local\Temp\ccyfxbmR.s 			page 5


 191 00bc A3000000 		.4byte	.LASF23
 192 00c0 68       		.byte	0x68
 193 00c1 03       		.uleb128 0x3
 194 00c2 DB020000 		.4byte	.LASF24
 195 00c6 69       		.byte	0x69
 196 00c7 03       		.uleb128 0x3
 197 00c8 37020000 		.4byte	.LASF25
 198 00cc 6A       		.byte	0x6a
 199 00cd 03       		.uleb128 0x3
 200 00ce 84010000 		.4byte	.LASF26
 201 00d2 6B       		.byte	0x6b
 202 00d3 03       		.uleb128 0x3
 203 00d4 57010000 		.4byte	.LASF27
 204 00d8 6C       		.byte	0x6c
 205 00d9 03       		.uleb128 0x3
 206 00da 8C000000 		.4byte	.LASF28
 207 00de 6D       		.byte	0x6d
 208 00df 03       		.uleb128 0x3
 209 00e0 F5020000 		.4byte	.LASF29
 210 00e4 6E       		.byte	0x6e
 211 00e5 03       		.uleb128 0x3
 212 00e6 FF000000 		.4byte	.LASF30
 213 00ea 6F       		.byte	0x6f
 214 00eb 03       		.uleb128 0x3
 215 00ec B8020000 		.4byte	.LASF31
 216 00f0 70       		.byte	0x70
 217 00f1 03       		.uleb128 0x3
 218 00f2 AC040000 		.4byte	.LASF32
 219 00f6 71       		.byte	0x71
 220 00f7 03       		.uleb128 0x3
 221 00f8 24030000 		.4byte	.LASF33
 222 00fc 72       		.byte	0x72
 223 00fd 03       		.uleb128 0x3
 224 00fe 25050000 		.4byte	.LASF34
 225 0102 73       		.byte	0x73
 226 0103 03       		.uleb128 0x3
 227 0104 A5020000 		.4byte	.LASF35
 228 0108 74       		.byte	0x74
 229 0109 00       		.byte	0
 230 010a 04       		.uleb128 0x4
 231 010b 01       		.byte	0x1
 232 010c 08       		.byte	0x8
 233 010d CD010000 		.4byte	.LASF36
 234 0111 05       		.uleb128 0x5
 235 0112 F2000000 		.4byte	.LASF57
 236 0116 03       		.byte	0x3
 237 0117 42       		.byte	0x42
 238 0118 25000000 		.4byte	0x25
 239 011c 04       		.uleb128 0x4
 240 011d 01       		.byte	0x1
 241 011e 06       		.byte	0x6
 242 011f 08050000 		.4byte	.LASF37
 243 0123 04       		.uleb128 0x4
 244 0124 02       		.byte	0x2
 245 0125 05       		.byte	0x5
 246 0126 62040000 		.4byte	.LASF38
 247 012a 04       		.uleb128 0x4
ARM GAS  C:\Users\corne\AppData\Local\Temp\ccyfxbmR.s 			page 6


 248 012b 02       		.byte	0x2
 249 012c 07       		.byte	0x7
 250 012d 24020000 		.4byte	.LASF39
 251 0131 04       		.uleb128 0x4
 252 0132 04       		.byte	0x4
 253 0133 05       		.byte	0x5
 254 0134 C9040000 		.4byte	.LASF40
 255 0138 04       		.uleb128 0x4
 256 0139 04       		.byte	0x4
 257 013a 07       		.byte	0x7
 258 013b F9010000 		.4byte	.LASF41
 259 013f 04       		.uleb128 0x4
 260 0140 08       		.byte	0x8
 261 0141 05       		.byte	0x5
 262 0142 33040000 		.4byte	.LASF42
 263 0146 04       		.uleb128 0x4
 264 0147 08       		.byte	0x8
 265 0148 07       		.byte	0x7
 266 0149 0D030000 		.4byte	.LASF43
 267 014d 06       		.uleb128 0x6
 268 014e 04       		.byte	0x4
 269 014f 05       		.byte	0x5
 270 0150 696E7400 		.ascii	"int\000"
 271 0154 04       		.uleb128 0x4
 272 0155 04       		.byte	0x4
 273 0156 07       		.byte	0x7
 274 0157 CE020000 		.4byte	.LASF44
 275 015b 04       		.uleb128 0x4
 276 015c 04       		.byte	0x4
 277 015d 04       		.byte	0x4
 278 015e 98010000 		.4byte	.LASF45
 279 0162 04       		.uleb128 0x4
 280 0163 08       		.byte	0x8
 281 0164 04       		.byte	0x4
 282 0165 88020000 		.4byte	.LASF46
 283 0169 04       		.uleb128 0x4
 284 016a 01       		.byte	0x1
 285 016b 08       		.byte	0x8
 286 016c 41040000 		.4byte	.LASF47
 287 0170 04       		.uleb128 0x4
 288 0171 08       		.byte	0x8
 289 0172 04       		.byte	0x4
 290 0173 FC040000 		.4byte	.LASF48
 291 0177 04       		.uleb128 0x4
 292 0178 04       		.byte	0x4
 293 0179 07       		.byte	0x7
 294 017a 14040000 		.4byte	.LASF49
 295 017e 07       		.uleb128 0x7
 296 017f D2040000 		.4byte	.LASF58
 297 0183 01       		.byte	0x1
 298 0184 17       		.byte	0x17
 299 0185 00000000 		.4byte	.LFB64
 300 0189 40000000 		.4byte	.LFE64-.LFB64
 301 018d 01       		.uleb128 0x1
 302 018e 9C       		.byte	0x9c
 303 018f EE010000 		.4byte	0x1ee
 304 0193 08       		.uleb128 0x8
ARM GAS  C:\Users\corne\AppData\Local\Temp\ccyfxbmR.s 			page 7


 305 0194 696E6400 		.ascii	"ind\000"
 306 0198 01       		.byte	0x1
 307 0199 17       		.byte	0x17
 308 019a EE010000 		.4byte	0x1ee
 309 019e 00000000 		.4byte	.LLST0
 310 01a2 09       		.uleb128 0x9
 311 01a3 10000000 		.4byte	.LVL2
 312 01a7 F3010000 		.4byte	0x1f3
 313 01ab B5010000 		.4byte	0x1b5
 314 01af 0A       		.uleb128 0xa
 315 01b0 01       		.uleb128 0x1
 316 01b1 50       		.byte	0x50
 317 01b2 01       		.uleb128 0x1
 318 01b3 31       		.byte	0x31
 319 01b4 00       		.byte	0
 320 01b5 09       		.uleb128 0x9
 321 01b6 20000000 		.4byte	.LVL5
 322 01ba FE010000 		.4byte	0x1fe
 323 01be C8010000 		.4byte	0x1c8
 324 01c2 0A       		.uleb128 0xa
 325 01c3 01       		.uleb128 0x1
 326 01c4 50       		.byte	0x50
 327 01c5 01       		.uleb128 0x1
 328 01c6 31       		.byte	0x31
 329 01c7 00       		.byte	0
 330 01c8 09       		.uleb128 0x9
 331 01c9 2E000000 		.4byte	.LVL8
 332 01cd 09020000 		.4byte	0x209
 333 01d1 DD010000 		.4byte	0x1dd
 334 01d5 0A       		.uleb128 0xa
 335 01d6 01       		.uleb128 0x1
 336 01d7 50       		.byte	0x50
 337 01d8 03       		.uleb128 0x3
 338 01d9 74       		.byte	0x74
 339 01da 9C7F     		.sleb128 -100
 340 01dc 00       		.byte	0
 341 01dd 0B       		.uleb128 0xb
 342 01de 3A000000 		.4byte	.LVL9
 343 01e2 14020000 		.4byte	0x214
 344 01e6 0A       		.uleb128 0xa
 345 01e7 01       		.uleb128 0x1
 346 01e8 50       		.byte	0x50
 347 01e9 02       		.uleb128 0x2
 348 01ea 74       		.byte	0x74
 349 01eb 00       		.sleb128 0
 350 01ec 00       		.byte	0
 351 01ed 00       		.byte	0
 352 01ee 0C       		.uleb128 0xc
 353 01ef 11010000 		.4byte	0x111
 354 01f3 0D       		.uleb128 0xd
 355 01f4 9E010000 		.4byte	.LASF50
 356 01f8 9E010000 		.4byte	.LASF50
 357 01fc 02       		.byte	0x2
 358 01fd 30       		.byte	0x30
 359 01fe 0D       		.uleb128 0xd
 360 01ff 78010000 		.4byte	.LASF51
 361 0203 78010000 		.4byte	.LASF51
ARM GAS  C:\Users\corne\AppData\Local\Temp\ccyfxbmR.s 			page 8


 362 0207 02       		.byte	0x2
 363 0208 2F       		.byte	0x2f
 364 0209 0D       		.uleb128 0xd
 365 020a EC010000 		.4byte	.LASF52
 366 020e EC010000 		.4byte	.LASF52
 367 0212 02       		.byte	0x2
 368 0213 31       		.byte	0x31
 369 0214 0D       		.uleb128 0xd
 370 0215 6D010000 		.4byte	.LASF53
 371 0219 6D010000 		.4byte	.LASF53
 372 021d 03       		.byte	0x3
 373 021e 4D       		.byte	0x4d
 374 021f 00       		.byte	0
 375              		.section	.debug_abbrev,"",%progbits
 376              	.Ldebug_abbrev0:
 377 0000 01       		.uleb128 0x1
 378 0001 11       		.uleb128 0x11
 379 0002 01       		.byte	0x1
 380 0003 25       		.uleb128 0x25
 381 0004 0E       		.uleb128 0xe
 382 0005 13       		.uleb128 0x13
 383 0006 0B       		.uleb128 0xb
 384 0007 03       		.uleb128 0x3
 385 0008 0E       		.uleb128 0xe
 386 0009 1B       		.uleb128 0x1b
 387 000a 0E       		.uleb128 0xe
 388 000b 55       		.uleb128 0x55
 389 000c 17       		.uleb128 0x17
 390 000d 11       		.uleb128 0x11
 391 000e 01       		.uleb128 0x1
 392 000f 10       		.uleb128 0x10
 393 0010 17       		.uleb128 0x17
 394 0011 00       		.byte	0
 395 0012 00       		.byte	0
 396 0013 02       		.uleb128 0x2
 397 0014 04       		.uleb128 0x4
 398 0015 01       		.byte	0x1
 399 0016 0B       		.uleb128 0xb
 400 0017 0B       		.uleb128 0xb
 401 0018 49       		.uleb128 0x49
 402 0019 13       		.uleb128 0x13
 403 001a 3A       		.uleb128 0x3a
 404 001b 0B       		.uleb128 0xb
 405 001c 3B       		.uleb128 0x3b
 406 001d 0B       		.uleb128 0xb
 407 001e 01       		.uleb128 0x1
 408 001f 13       		.uleb128 0x13
 409 0020 00       		.byte	0
 410 0021 00       		.byte	0
 411 0022 03       		.uleb128 0x3
 412 0023 28       		.uleb128 0x28
 413 0024 00       		.byte	0
 414 0025 03       		.uleb128 0x3
 415 0026 0E       		.uleb128 0xe
 416 0027 1C       		.uleb128 0x1c
 417 0028 0B       		.uleb128 0xb
 418 0029 00       		.byte	0
ARM GAS  C:\Users\corne\AppData\Local\Temp\ccyfxbmR.s 			page 9


 419 002a 00       		.byte	0
 420 002b 04       		.uleb128 0x4
 421 002c 24       		.uleb128 0x24
 422 002d 00       		.byte	0
 423 002e 0B       		.uleb128 0xb
 424 002f 0B       		.uleb128 0xb
 425 0030 3E       		.uleb128 0x3e
 426 0031 0B       		.uleb128 0xb
 427 0032 03       		.uleb128 0x3
 428 0033 0E       		.uleb128 0xe
 429 0034 00       		.byte	0
 430 0035 00       		.byte	0
 431 0036 05       		.uleb128 0x5
 432 0037 16       		.uleb128 0x16
 433 0038 00       		.byte	0
 434 0039 03       		.uleb128 0x3
 435 003a 0E       		.uleb128 0xe
 436 003b 3A       		.uleb128 0x3a
 437 003c 0B       		.uleb128 0xb
 438 003d 3B       		.uleb128 0x3b
 439 003e 0B       		.uleb128 0xb
 440 003f 49       		.uleb128 0x49
 441 0040 13       		.uleb128 0x13
 442 0041 00       		.byte	0
 443 0042 00       		.byte	0
 444 0043 06       		.uleb128 0x6
 445 0044 24       		.uleb128 0x24
 446 0045 00       		.byte	0
 447 0046 0B       		.uleb128 0xb
 448 0047 0B       		.uleb128 0xb
 449 0048 3E       		.uleb128 0x3e
 450 0049 0B       		.uleb128 0xb
 451 004a 03       		.uleb128 0x3
 452 004b 08       		.uleb128 0x8
 453 004c 00       		.byte	0
 454 004d 00       		.byte	0
 455 004e 07       		.uleb128 0x7
 456 004f 2E       		.uleb128 0x2e
 457 0050 01       		.byte	0x1
 458 0051 3F       		.uleb128 0x3f
 459 0052 19       		.uleb128 0x19
 460 0053 03       		.uleb128 0x3
 461 0054 0E       		.uleb128 0xe
 462 0055 3A       		.uleb128 0x3a
 463 0056 0B       		.uleb128 0xb
 464 0057 3B       		.uleb128 0x3b
 465 0058 0B       		.uleb128 0xb
 466 0059 27       		.uleb128 0x27
 467 005a 19       		.uleb128 0x19
 468 005b 11       		.uleb128 0x11
 469 005c 01       		.uleb128 0x1
 470 005d 12       		.uleb128 0x12
 471 005e 06       		.uleb128 0x6
 472 005f 40       		.uleb128 0x40
 473 0060 18       		.uleb128 0x18
 474 0061 9742     		.uleb128 0x2117
 475 0063 19       		.uleb128 0x19
ARM GAS  C:\Users\corne\AppData\Local\Temp\ccyfxbmR.s 			page 10


 476 0064 01       		.uleb128 0x1
 477 0065 13       		.uleb128 0x13
 478 0066 00       		.byte	0
 479 0067 00       		.byte	0
 480 0068 08       		.uleb128 0x8
 481 0069 05       		.uleb128 0x5
 482 006a 00       		.byte	0
 483 006b 03       		.uleb128 0x3
 484 006c 08       		.uleb128 0x8
 485 006d 3A       		.uleb128 0x3a
 486 006e 0B       		.uleb128 0xb
 487 006f 3B       		.uleb128 0x3b
 488 0070 0B       		.uleb128 0xb
 489 0071 49       		.uleb128 0x49
 490 0072 13       		.uleb128 0x13
 491 0073 02       		.uleb128 0x2
 492 0074 17       		.uleb128 0x17
 493 0075 00       		.byte	0
 494 0076 00       		.byte	0
 495 0077 09       		.uleb128 0x9
 496 0078 898201   		.uleb128 0x4109
 497 007b 01       		.byte	0x1
 498 007c 11       		.uleb128 0x11
 499 007d 01       		.uleb128 0x1
 500 007e 31       		.uleb128 0x31
 501 007f 13       		.uleb128 0x13
 502 0080 01       		.uleb128 0x1
 503 0081 13       		.uleb128 0x13
 504 0082 00       		.byte	0
 505 0083 00       		.byte	0
 506 0084 0A       		.uleb128 0xa
 507 0085 8A8201   		.uleb128 0x410a
 508 0088 00       		.byte	0
 509 0089 02       		.uleb128 0x2
 510 008a 18       		.uleb128 0x18
 511 008b 9142     		.uleb128 0x2111
 512 008d 18       		.uleb128 0x18
 513 008e 00       		.byte	0
 514 008f 00       		.byte	0
 515 0090 0B       		.uleb128 0xb
 516 0091 898201   		.uleb128 0x4109
 517 0094 01       		.byte	0x1
 518 0095 11       		.uleb128 0x11
 519 0096 01       		.uleb128 0x1
 520 0097 31       		.uleb128 0x31
 521 0098 13       		.uleb128 0x13
 522 0099 00       		.byte	0
 523 009a 00       		.byte	0
 524 009b 0C       		.uleb128 0xc
 525 009c 26       		.uleb128 0x26
 526 009d 00       		.byte	0
 527 009e 49       		.uleb128 0x49
 528 009f 13       		.uleb128 0x13
 529 00a0 00       		.byte	0
 530 00a1 00       		.byte	0
 531 00a2 0D       		.uleb128 0xd
 532 00a3 2E       		.uleb128 0x2e
ARM GAS  C:\Users\corne\AppData\Local\Temp\ccyfxbmR.s 			page 11


 533 00a4 00       		.byte	0
 534 00a5 3F       		.uleb128 0x3f
 535 00a6 19       		.uleb128 0x19
 536 00a7 3C       		.uleb128 0x3c
 537 00a8 19       		.uleb128 0x19
 538 00a9 6E       		.uleb128 0x6e
 539 00aa 0E       		.uleb128 0xe
 540 00ab 03       		.uleb128 0x3
 541 00ac 0E       		.uleb128 0xe
 542 00ad 3A       		.uleb128 0x3a
 543 00ae 0B       		.uleb128 0xb
 544 00af 3B       		.uleb128 0x3b
 545 00b0 0B       		.uleb128 0xb
 546 00b1 00       		.byte	0
 547 00b2 00       		.byte	0
 548 00b3 00       		.byte	0
 549              		.section	.debug_loc,"",%progbits
 550              	.Ldebug_loc0:
 551              	.LLST0:
 552 0000 00000000 		.4byte	.LVL0
 553 0004 0C000000 		.4byte	.LVL1
 554 0008 0100     		.2byte	0x1
 555 000a 50       		.byte	0x50
 556 000b 0C000000 		.4byte	.LVL1
 557 000f 12000000 		.4byte	.LVL3
 558 0013 0400     		.2byte	0x4
 559 0015 F3       		.byte	0xf3
 560 0016 01       		.uleb128 0x1
 561 0017 50       		.byte	0x50
 562 0018 9F       		.byte	0x9f
 563 0019 12000000 		.4byte	.LVL3
 564 001d 1C000000 		.4byte	.LVL4
 565 0021 0100     		.2byte	0x1
 566 0023 50       		.byte	0x50
 567 0024 1C000000 		.4byte	.LVL4
 568 0028 22000000 		.4byte	.LVL6
 569 002c 0400     		.2byte	0x4
 570 002e F3       		.byte	0xf3
 571 002f 01       		.uleb128 0x1
 572 0030 50       		.byte	0x50
 573 0031 9F       		.byte	0x9f
 574 0032 22000000 		.4byte	.LVL6
 575 0036 28000000 		.4byte	.LVL7
 576 003a 0100     		.2byte	0x1
 577 003c 50       		.byte	0x50
 578 003d 28000000 		.4byte	.LVL7
 579 0041 40000000 		.4byte	.LFE64
 580 0045 0400     		.2byte	0x4
 581 0047 F3       		.byte	0xf3
 582 0048 01       		.uleb128 0x1
 583 0049 50       		.byte	0x50
 584 004a 9F       		.byte	0x9f
 585 004b 00000000 		.4byte	0
 586 004f 00000000 		.4byte	0
 587              		.section	.debug_aranges,"",%progbits
 588 0000 1C000000 		.4byte	0x1c
 589 0004 0200     		.2byte	0x2
ARM GAS  C:\Users\corne\AppData\Local\Temp\ccyfxbmR.s 			page 12


 590 0006 00000000 		.4byte	.Ldebug_info0
 591 000a 04       		.byte	0x4
 592 000b 00       		.byte	0
 593 000c 0000     		.2byte	0
 594 000e 0000     		.2byte	0
 595 0010 00000000 		.4byte	.LFB64
 596 0014 40000000 		.4byte	.LFE64-.LFB64
 597 0018 00000000 		.4byte	0
 598 001c 00000000 		.4byte	0
 599              		.section	.debug_ranges,"",%progbits
 600              	.Ldebug_ranges0:
 601 0000 00000000 		.4byte	.LFB64
 602 0004 40000000 		.4byte	.LFE64
 603 0008 00000000 		.4byte	0
 604 000c 00000000 		.4byte	0
 605              		.section	.debug_line,"",%progbits
 606              	.Ldebug_line0:
 607 0000 6F000000 		.section	.debug_str,"MS",%progbits,1
 607      02004300 
 607      00000201 
 607      FB0E0D00 
 607      01010101 
 608              	.LASF56:
 609 0000 433A5C55 		.ascii	"C:\\Users\\corne\\Dropbox\\prive\\projects\\Wireles"
 609      73657273 
 609      5C636F72 
 609      6E655C44 
 609      726F7062 
 610 002d 735F7365 		.ascii	"s_sensornode\\Software\\Wireless_sensornode\\Firmwa"
 610      6E736F72 
 610      6E6F6465 
 610      5C536F66 
 610      74776172 
 611 005d 72655F56 		.ascii	"re_V0.1.cydsn\000"
 611      302E312E 
 611      63796473 
 611      6E00
 612              	.LASF21:
 613 006b 494E4449 		.ascii	"INDICATION_ERR_TRANSPORT_FAILURE\000"
 613      43415449 
 613      4F4E5F45 
 613      52525F54 
 613      52414E53 
 614              	.LASF28:
 615 008c 494E4449 		.ascii	"INDICATION_ERR_VERSION\000"
 615      43415449 
 615      4F4E5F45 
 615      52525F56 
 615      45525349 
 616              	.LASF23:
 617 00a3 494E4449 		.ascii	"INDICATION_ERR_FIND_PARENT\000"
 617      43415449 
 617      4F4E5F45 
 617      52525F46 
 617      494E445F 
 618              	.LASF7:
 619 00be 494E4449 		.ascii	"INDICATION_GOT_NODEID\000"
ARM GAS  C:\Users\corne\AppData\Local\Temp\ccyfxbmR.s 			page 13


 619      43415449 
 619      4F4E5F47 
 619      4F545F4E 
 619      4F444549 
 620              	.LASF22:
 621 00d4 494E4449 		.ascii	"INDICATION_ERR_INIT_TRANSPORT\000"
 621      43415449 
 621      4F4E5F45 
 621      52525F49 
 621      4E49545F 
 622              	.LASF57:
 623 00f2 696E6469 		.ascii	"indication_t\000"
 623      63617469 
 623      6F6E5F74 
 623      00
 624              	.LASF30:
 625 00ff 494E4449 		.ascii	"INDICATION_ERR_INIT_GWTRANSPORT\000"
 625      43415449 
 625      4F4E5F45 
 625      52525F49 
 625      4E49545F 
 626              	.LASF17:
 627 011f 494E4449 		.ascii	"INDICATION_FW_UPDATE_RX\000"
 627      43415449 
 627      4F4E5F46 
 627      575F5550 
 627      44415445 
 628              	.LASF1:
 629 0137 494E4449 		.ascii	"INDICATION_RX\000"
 629      43415449 
 629      4F4E5F52 
 629      5800
 630              	.LASF11:
 631 0145 494E4449 		.ascii	"INDICATION_REBOOT\000"
 631      43415449 
 631      4F4E5F52 
 631      45424F4F 
 631      5400
 632              	.LASF27:
 633 0157 494E4449 		.ascii	"INDICATION_ERR_LENGTH\000"
 633      43415449 
 633      4F4E5F45 
 633      52525F4C 
 633      454E4754 
 634              	.LASF53:
 635 016d 696E6469 		.ascii	"indication\000"
 635      63617469 
 635      6F6E00
 636              	.LASF51:
 637 0178 6C656473 		.ascii	"ledsBlinkRx\000"
 637      426C696E 
 637      6B527800 
 638              	.LASF26:
 639 0184 494E4449 		.ascii	"INDICATION_ERR_SIGN\000"
 639      43415449 
 639      4F4E5F45 
 639      52525F53 
ARM GAS  C:\Users\corne\AppData\Local\Temp\ccyfxbmR.s 			page 14


 639      49474E00 
 640              	.LASF45:
 641 0198 666C6F61 		.ascii	"float\000"
 641      7400
 642              	.LASF50:
 643 019e 6C656473 		.ascii	"ledsBlinkTx\000"
 643      426C696E 
 643      6B547800 
 644              	.LASF3:
 645 01aa 494E4449 		.ascii	"INDICATION_GW_RX\000"
 645      43415449 
 645      4F4E5F47 
 645      575F5258 
 645      00
 646              	.LASF15:
 647 01bb 494E4449 		.ascii	"INDICATION_WAKEUP\000"
 647      43415449 
 647      4F4E5F57 
 647      414B4555 
 647      5000
 648              	.LASF36:
 649 01cd 756E7369 		.ascii	"unsigned char\000"
 649      676E6564 
 649      20636861 
 649      7200
 650              	.LASF2:
 651 01db 494E4449 		.ascii	"INDICATION_GW_TX\000"
 651      43415449 
 651      4F4E5F47 
 651      575F5458 
 651      00
 652              	.LASF52:
 653 01ec 6C656473 		.ascii	"ledsBlinkErr\000"
 653      426C696E 
 653      6B457272 
 653      00
 654              	.LASF41:
 655 01f9 6C6F6E67 		.ascii	"long unsigned int\000"
 655      20756E73 
 655      69676E65 
 655      6420696E 
 655      7400
 656              	.LASF13:
 657 020b 494E4449 		.ascii	"INDICATION_CLEAR_ROUTING\000"
 657      43415449 
 657      4F4E5F43 
 657      4C454152 
 657      5F524F55 
 658              	.LASF39:
 659 0224 73686F72 		.ascii	"short unsigned int\000"
 659      7420756E 
 659      7369676E 
 659      65642069 
 659      6E7400
 660              	.LASF25:
 661 0237 494E4449 		.ascii	"INDICATION_ERR_CHECK_UPLINK\000"
 661      43415449 
ARM GAS  C:\Users\corne\AppData\Local\Temp\ccyfxbmR.s 			page 15


 661      4F4E5F45 
 661      52525F43 
 661      4845434B 
 662              	.LASF8:
 663 0253 494E4449 		.ascii	"INDICATION_CHECK_UPLINK\000"
 663      43415449 
 663      4F4E5F43 
 663      4845434B 
 663      5F55504C 
 664              	.LASF0:
 665 026b 494E4449 		.ascii	"INDICATION_TX\000"
 665      43415449 
 665      4F4E5F54 
 665      5800
 666              	.LASF55:
 667 0279 4D79496E 		.ascii	"MyIndication.c\000"
 667      64696361 
 667      74696F6E 
 667      2E6300
 668              	.LASF46:
 669 0288 646F7562 		.ascii	"double\000"
 669      6C6500
 670              	.LASF5:
 671 028f 494E4449 		.ascii	"INDICATION_GOT_PARENT\000"
 671      43415449 
 671      4F4E5F47 
 671      4F545F50 
 671      4152454E 
 672              	.LASF35:
 673 02a5 494E4449 		.ascii	"INDICATION_ERR_END\000"
 673      43415449 
 673      4F4E5F45 
 673      52525F45 
 673      4E4400
 674              	.LASF31:
 675 02b8 494E4449 		.ascii	"INDICATION_ERR_LOCKED\000"
 675      43415449 
 675      4F4E5F45 
 675      52525F4C 
 675      4F434B45 
 676              	.LASF44:
 677 02ce 756E7369 		.ascii	"unsigned int\000"
 677      676E6564 
 677      20696E74 
 677      00
 678              	.LASF24:
 679 02db 494E4449 		.ascii	"INDICATION_ERR_GET_NODEID\000"
 679      43415449 
 679      4F4E5F45 
 679      52525F47 
 679      45545F4E 
 680              	.LASF29:
 681 02f5 494E4449 		.ascii	"INDICATION_ERR_NET_FULL\000"
 681      43415449 
 681      4F4E5F45 
 681      52525F4E 
 681      45545F46 
ARM GAS  C:\Users\corne\AppData\Local\Temp\ccyfxbmR.s 			page 16


 682              	.LASF43:
 683 030d 6C6F6E67 		.ascii	"long long unsigned int\000"
 683      206C6F6E 
 683      6720756E 
 683      7369676E 
 683      65642069 
 684              	.LASF33:
 685 0324 494E4449 		.ascii	"INDICATION_ERR_FW_TIMEOUT\000"
 685      43415449 
 685      4F4E5F45 
 685      52525F46 
 685      575F5449 
 686              	.LASF9:
 687 033e 494E4449 		.ascii	"INDICATION_REQ_REGISTRATION\000"
 687      43415449 
 687      4F4E5F52 
 687      45515F52 
 687      45474953 
 688              	.LASF4:
 689 035a 494E4449 		.ascii	"INDICATION_FIND_PARENT\000"
 689      43415449 
 689      4F4E5F46 
 689      494E445F 
 689      50415245 
 690              	.LASF19:
 691 0371 494E4449 		.ascii	"INDICATION_ERR_START\000"
 691      43415449 
 691      4F4E5F45 
 691      52525F53 
 691      54415254 
 692              	.LASF54:
 693 0386 474E5520 		.ascii	"GNU C11 5.4.1 20160609 (release) [ARM/embedded-5-br"
 693      43313120 
 693      352E342E 
 693      31203230 
 693      31363036 
 694 03b9 616E6368 		.ascii	"anch revision 237715] -mcpu=cortex-m0 -mthumb -g -O"
 694      20726576 
 694      6973696F 
 694      6E203233 
 694      37373135 
 695 03ec 67202D66 		.ascii	"g -ffunction-sections -ffat-lto-objects\000"
 695      66756E63 
 695      74696F6E 
 695      2D736563 
 695      74696F6E 
 696              	.LASF49:
 697 0414 73697A65 		.ascii	"sizetype\000"
 697      74797065 
 697      00
 698              	.LASF6:
 699 041d 494E4449 		.ascii	"INDICATION_REQ_NODEID\000"
 699      43415449 
 699      4F4E5F52 
 699      45515F4E 
 699      4F444549 
 700              	.LASF42:
ARM GAS  C:\Users\corne\AppData\Local\Temp\ccyfxbmR.s 			page 17


 701 0433 6C6F6E67 		.ascii	"long long int\000"
 701      206C6F6E 
 701      6720696E 
 701      7400
 702              	.LASF47:
 703 0441 63686172 		.ascii	"char\000"
 703      00
 704              	.LASF10:
 705 0446 494E4449 		.ascii	"INDICATION_GOT_REGISTRATION\000"
 705      43415449 
 705      4F4E5F47 
 705      4F545F52 
 705      45474953 
 706              	.LASF38:
 707 0462 73686F72 		.ascii	"short int\000"
 707      7420696E 
 707      7400
 708              	.LASF16:
 709 046c 494E4449 		.ascii	"INDICATION_FW_UPDATE_START\000"
 709      43415449 
 709      4F4E5F46 
 709      575F5550 
 709      44415445 
 710              	.LASF12:
 711 0487 494E4449 		.ascii	"INDICATION_PRESENT\000"
 711      43415449 
 711      4F4E5F50 
 711      52455345 
 711      4E5400
 712              	.LASF20:
 713 049a 494E4449 		.ascii	"INDICATION_ERR_TX\000"
 713      43415449 
 713      4F4E5F45 
 713      52525F54 
 713      5800
 714              	.LASF32:
 715 04ac 494E4449 		.ascii	"INDICATION_ERR_FW_FLASH_INIT\000"
 715      43415449 
 715      4F4E5F45 
 715      52525F46 
 715      575F464C 
 716              	.LASF40:
 717 04c9 6C6F6E67 		.ascii	"long int\000"
 717      20696E74 
 717      00
 718              	.LASF58:
 719 04d2 73657449 		.ascii	"setIndication\000"
 719      6E646963 
 719      6174696F 
 719      6E00
 720              	.LASF18:
 721 04e0 494E4449 		.ascii	"INDICATION_FW_UPDATE_RX_ERR\000"
 721      43415449 
 721      4F4E5F46 
 721      575F5550 
 721      44415445 
 722              	.LASF48:
ARM GAS  C:\Users\corne\AppData\Local\Temp\ccyfxbmR.s 			page 18


 723 04fc 6C6F6E67 		.ascii	"long double\000"
 723      20646F75 
 723      626C6500 
 724              	.LASF37:
 725 0508 7369676E 		.ascii	"signed char\000"
 725      65642063 
 725      68617200 
 726              	.LASF14:
 727 0514 494E4449 		.ascii	"INDICATION_SLEEP\000"
 727      43415449 
 727      4F4E5F53 
 727      4C454550 
 727      00
 728              	.LASF34:
 729 0525 494E4449 		.ascii	"INDICATION_ERR_FW_CHECKSUM\000"
 729      43415449 
 729      4F4E5F45 
 729      52525F46 
 729      575F4348 
 730              		.ident	"GCC: (GNU Tools for ARM Embedded Processors) 5.4.1 20160609 (release) [ARM/embedded-5-bran
