ARM GAS  C:\Users\corne\AppData\Local\Temp\ccLyq2gc.s 			page 1


   1              		.syntax unified
   2              		.cpu cortex-m0
   3              		.fpu softvfp
   4              		.eabi_attribute 20, 1
   5              		.eabi_attribute 21, 1
   6              		.eabi_attribute 23, 3
   7              		.eabi_attribute 24, 1
   8              		.eabi_attribute 25, 1
   9              		.eabi_attribute 26, 1
  10              		.eabi_attribute 30, 1
  11              		.eabi_attribute 34, 0
  12              		.eabi_attribute 18, 4
  13              		.thumb
  14              		.syntax unified
  15              		.file	"SPIM_INT.c"
  16              		.text
  17              	.Ltext0:
  18              		.cfi_sections	.debug_frame
  19              		.section	.text.SPIM_TX_ISR,"ax",%progbits
  20              		.align	2
  21              		.global	SPIM_TX_ISR
  22              		.code	16
  23              		.thumb_func
  24              		.type	SPIM_TX_ISR, %function
  25              	SPIM_TX_ISR:
  26              	.LFB1:
  27              		.file 1 "Generated_Source\\PSoC4\\SPIM_INT.c"
   1:Generated_Source\PSoC4/SPIM_INT.c **** /*******************************************************************************
   2:Generated_Source\PSoC4/SPIM_INT.c **** * File Name: SPIM_INT.c
   3:Generated_Source\PSoC4/SPIM_INT.c **** * Version 2.50
   4:Generated_Source\PSoC4/SPIM_INT.c **** *
   5:Generated_Source\PSoC4/SPIM_INT.c **** * Description:
   6:Generated_Source\PSoC4/SPIM_INT.c **** *  This file provides all Interrupt Service Routine (ISR) for the SPI Master
   7:Generated_Source\PSoC4/SPIM_INT.c **** *  component.
   8:Generated_Source\PSoC4/SPIM_INT.c **** *
   9:Generated_Source\PSoC4/SPIM_INT.c **** * Note:
  10:Generated_Source\PSoC4/SPIM_INT.c **** *  None.
  11:Generated_Source\PSoC4/SPIM_INT.c **** *
  12:Generated_Source\PSoC4/SPIM_INT.c **** ********************************************************************************
  13:Generated_Source\PSoC4/SPIM_INT.c **** * Copyright 2008-2015, Cypress Semiconductor Corporation.  All rights reserved.
  14:Generated_Source\PSoC4/SPIM_INT.c **** * You may use this file only in accordance with the license, terms, conditions,
  15:Generated_Source\PSoC4/SPIM_INT.c **** * disclaimers, and limitations in the end user license agreement accompanying
  16:Generated_Source\PSoC4/SPIM_INT.c **** * the software package with which this file was provided.
  17:Generated_Source\PSoC4/SPIM_INT.c **** *******************************************************************************/
  18:Generated_Source\PSoC4/SPIM_INT.c **** 
  19:Generated_Source\PSoC4/SPIM_INT.c **** #include "SPIM_PVT.h"
  20:Generated_Source\PSoC4/SPIM_INT.c **** #include "cyapicallbacks.h"
  21:Generated_Source\PSoC4/SPIM_INT.c **** 
  22:Generated_Source\PSoC4/SPIM_INT.c **** /* User code required at start of ISR */
  23:Generated_Source\PSoC4/SPIM_INT.c **** /* `#START SPIM_ISR_START_DEF` */
  24:Generated_Source\PSoC4/SPIM_INT.c **** 
  25:Generated_Source\PSoC4/SPIM_INT.c **** /* `#END` */
  26:Generated_Source\PSoC4/SPIM_INT.c **** 
  27:Generated_Source\PSoC4/SPIM_INT.c **** 
  28:Generated_Source\PSoC4/SPIM_INT.c **** /*******************************************************************************
  29:Generated_Source\PSoC4/SPIM_INT.c **** * Function Name: SPIM_TX_ISR
  30:Generated_Source\PSoC4/SPIM_INT.c **** ********************************************************************************
ARM GAS  C:\Users\corne\AppData\Local\Temp\ccLyq2gc.s 			page 2


  31:Generated_Source\PSoC4/SPIM_INT.c **** *
  32:Generated_Source\PSoC4/SPIM_INT.c **** * Summary:
  33:Generated_Source\PSoC4/SPIM_INT.c **** *  Interrupt Service Routine for TX portion of the SPI Master.
  34:Generated_Source\PSoC4/SPIM_INT.c **** *
  35:Generated_Source\PSoC4/SPIM_INT.c **** * Parameters:
  36:Generated_Source\PSoC4/SPIM_INT.c **** *  None.
  37:Generated_Source\PSoC4/SPIM_INT.c **** *
  38:Generated_Source\PSoC4/SPIM_INT.c **** * Return:
  39:Generated_Source\PSoC4/SPIM_INT.c **** *  None.
  40:Generated_Source\PSoC4/SPIM_INT.c **** *
  41:Generated_Source\PSoC4/SPIM_INT.c **** * Global variables:
  42:Generated_Source\PSoC4/SPIM_INT.c **** *  SPIM_txBufferWrite - used for the account of the bytes which
  43:Generated_Source\PSoC4/SPIM_INT.c **** *  have been written down in the TX software buffer.
  44:Generated_Source\PSoC4/SPIM_INT.c **** *  SPIM_txBufferRead - used for the account of the bytes which
  45:Generated_Source\PSoC4/SPIM_INT.c **** *  have been read from the TX software buffer, modified when exist data to
  46:Generated_Source\PSoC4/SPIM_INT.c **** *  sending and FIFO Not Full.
  47:Generated_Source\PSoC4/SPIM_INT.c **** *  SPIM_txBuffer[SPIM_TX_BUFFER_SIZE] - used to store
  48:Generated_Source\PSoC4/SPIM_INT.c **** *  data to sending.
  49:Generated_Source\PSoC4/SPIM_INT.c **** *  All described above Global variables are used when Software Buffer is used.
  50:Generated_Source\PSoC4/SPIM_INT.c **** *
  51:Generated_Source\PSoC4/SPIM_INT.c **** *******************************************************************************/
  52:Generated_Source\PSoC4/SPIM_INT.c **** CY_ISR(SPIM_TX_ISR)
  53:Generated_Source\PSoC4/SPIM_INT.c **** {
  28              		.loc 1 53 0
  29              		.cfi_startproc
  30              		@ args = 0, pretend = 0, frame = 0
  31              		@ frame_needed = 0, uses_anonymous_args = 0
  32              		@ link register save eliminated.
  54:Generated_Source\PSoC4/SPIM_INT.c ****     #if(SPIM_TX_SOFTWARE_BUF_ENABLED)
  55:Generated_Source\PSoC4/SPIM_INT.c ****         uint8 tmpStatus;
  56:Generated_Source\PSoC4/SPIM_INT.c ****     #endif /* (SPIM_TX_SOFTWARE_BUF_ENABLED) */
  57:Generated_Source\PSoC4/SPIM_INT.c **** 
  58:Generated_Source\PSoC4/SPIM_INT.c ****     #ifdef SPIM_TX_ISR_ENTRY_CALLBACK
  59:Generated_Source\PSoC4/SPIM_INT.c ****         SPIM_TX_ISR_EntryCallback();
  60:Generated_Source\PSoC4/SPIM_INT.c ****     #endif /* SPIM_TX_ISR_ENTRY_CALLBACK */
  61:Generated_Source\PSoC4/SPIM_INT.c **** 
  62:Generated_Source\PSoC4/SPIM_INT.c ****     /* User code required at start of ISR */
  63:Generated_Source\PSoC4/SPIM_INT.c ****     /* `#START SPIM_TX_ISR_START` */
  64:Generated_Source\PSoC4/SPIM_INT.c **** 
  65:Generated_Source\PSoC4/SPIM_INT.c ****     /* `#END` */
  66:Generated_Source\PSoC4/SPIM_INT.c ****     
  67:Generated_Source\PSoC4/SPIM_INT.c ****     #if(SPIM_TX_SOFTWARE_BUF_ENABLED)
  68:Generated_Source\PSoC4/SPIM_INT.c ****         /* Check if TX data buffer is not empty and there is space in TX FIFO */
  69:Generated_Source\PSoC4/SPIM_INT.c ****         while(SPIM_txBufferRead != SPIM_txBufferWrite)
  33              		.loc 1 69 0
  34 0000 26E0     		b	.L2
  35              	.L6:
  70:Generated_Source\PSoC4/SPIM_INT.c ****         {
  71:Generated_Source\PSoC4/SPIM_INT.c ****             tmpStatus = SPIM_GET_STATUS_TX(SPIM_swStatusTx);
  36              		.loc 1 71 0
  37 0002 1E4B     		ldr	r3, .L8
  38 0004 1878     		ldrb	r0, [r3]
  39 0006 1E49     		ldr	r1, .L8+4
  40 0008 0B78     		ldrb	r3, [r1]
  41 000a 0922     		movs	r2, #9
  42 000c 1340     		ands	r3, r2
  43 000e 0343     		orrs	r3, r0
ARM GAS  C:\Users\corne\AppData\Local\Temp\ccLyq2gc.s 			page 3


  44              	.LVL0:
  72:Generated_Source\PSoC4/SPIM_INT.c ****             SPIM_swStatusTx = tmpStatus;
  45              		.loc 1 72 0
  46 0010 0B70     		strb	r3, [r1]
  73:Generated_Source\PSoC4/SPIM_INT.c **** 
  74:Generated_Source\PSoC4/SPIM_INT.c ****             if(0u != (SPIM_swStatusTx & SPIM_STS_TX_FIFO_NOT_FULL))
  47              		.loc 1 74 0
  48 0012 0B78     		ldrb	r3, [r1]
  49              	.LVL1:
  50 0014 5B07     		lsls	r3, r3, #29
  51 0016 23D5     		bpl	.L3
  75:Generated_Source\PSoC4/SPIM_INT.c ****             {
  76:Generated_Source\PSoC4/SPIM_INT.c ****                 if(0u == SPIM_txBufferFull)
  52              		.loc 1 76 0
  53 0018 1A4B     		ldr	r3, .L8+8
  54 001a 1B78     		ldrb	r3, [r3]
  55 001c 002B     		cmp	r3, #0
  56 001e 0CD1     		bne	.L4
  77:Generated_Source\PSoC4/SPIM_INT.c ****                 {
  78:Generated_Source\PSoC4/SPIM_INT.c ****                    SPIM_txBufferRead++;
  57              		.loc 1 78 0
  58 0020 194A     		ldr	r2, .L8+12
  59 0022 1378     		ldrb	r3, [r2]
  60 0024 0133     		adds	r3, r3, #1
  61 0026 DBB2     		uxtb	r3, r3
  62 0028 1370     		strb	r3, [r2]
  63              	.LVL2:
  79:Generated_Source\PSoC4/SPIM_INT.c **** 
  80:Generated_Source\PSoC4/SPIM_INT.c ****                     if(SPIM_txBufferRead >= SPIM_TX_BUFFER_SIZE)
  64              		.loc 1 80 0
  65 002a 1378     		ldrb	r3, [r2]
  66 002c DBB2     		uxtb	r3, r3
  67 002e 0F2B     		cmp	r3, #15
  68 0030 06D9     		bls	.L5
  81:Generated_Source\PSoC4/SPIM_INT.c ****                     {
  82:Generated_Source\PSoC4/SPIM_INT.c ****                         SPIM_txBufferRead = 0u;
  69              		.loc 1 82 0
  70 0032 0022     		movs	r2, #0
  71 0034 144B     		ldr	r3, .L8+12
  72 0036 1A70     		strb	r2, [r3]
  73 0038 02E0     		b	.L5
  74              	.LVL3:
  75              	.L4:
  83:Generated_Source\PSoC4/SPIM_INT.c ****                     }
  84:Generated_Source\PSoC4/SPIM_INT.c ****                 }
  85:Generated_Source\PSoC4/SPIM_INT.c ****                 else
  86:Generated_Source\PSoC4/SPIM_INT.c ****                 {
  87:Generated_Source\PSoC4/SPIM_INT.c ****                     SPIM_txBufferFull = 0u;
  76              		.loc 1 87 0
  77 003a 0022     		movs	r2, #0
  78 003c 114B     		ldr	r3, .L8+8
  79 003e 1A70     		strb	r2, [r3]
  80              	.LVL4:
  81              	.L5:
  88:Generated_Source\PSoC4/SPIM_INT.c ****                 }
  89:Generated_Source\PSoC4/SPIM_INT.c **** 
  90:Generated_Source\PSoC4/SPIM_INT.c ****                 /* Put data element into the TX FIFO */
ARM GAS  C:\Users\corne\AppData\Local\Temp\ccLyq2gc.s 			page 4


  91:Generated_Source\PSoC4/SPIM_INT.c ****                 CY_SET_REG8(SPIM_TXDATA_PTR, 
  82              		.loc 1 91 0
  83 0040 114B     		ldr	r3, .L8+12
  84 0042 1B78     		ldrb	r3, [r3]
  85 0044 DBB2     		uxtb	r3, r3
  86 0046 114A     		ldr	r2, .L8+16
  87 0048 D35C     		ldrb	r3, [r2, r3]
  88 004a DBB2     		uxtb	r3, r3
  89 004c 104A     		ldr	r2, .L8+20
  90 004e 1370     		strb	r3, [r2]
  91              	.L2:
  69:Generated_Source\PSoC4/SPIM_INT.c ****         {
  92              		.loc 1 69 0
  93 0050 0D4B     		ldr	r3, .L8+12
  94 0052 1A78     		ldrb	r2, [r3]
  95 0054 D2B2     		uxtb	r2, r2
  96 0056 0F4B     		ldr	r3, .L8+24
  97 0058 1B78     		ldrb	r3, [r3]
  98 005a DBB2     		uxtb	r3, r3
  99 005c 9A42     		cmp	r2, r3
 100 005e D0D1     		bne	.L6
 101              	.L3:
  92:Generated_Source\PSoC4/SPIM_INT.c ****                                              SPIM_txBuffer[SPIM_txBufferRead]);
  93:Generated_Source\PSoC4/SPIM_INT.c ****             }
  94:Generated_Source\PSoC4/SPIM_INT.c ****             else
  95:Generated_Source\PSoC4/SPIM_INT.c ****             {
  96:Generated_Source\PSoC4/SPIM_INT.c ****                 break;
  97:Generated_Source\PSoC4/SPIM_INT.c ****             }
  98:Generated_Source\PSoC4/SPIM_INT.c ****         }
  99:Generated_Source\PSoC4/SPIM_INT.c **** 
 100:Generated_Source\PSoC4/SPIM_INT.c ****         if(SPIM_txBufferRead == SPIM_txBufferWrite)
 102              		.loc 1 100 0
 103 0060 094B     		ldr	r3, .L8+12
 104 0062 1A78     		ldrb	r2, [r3]
 105 0064 D2B2     		uxtb	r2, r2
 106 0066 0B4B     		ldr	r3, .L8+24
 107 0068 1B78     		ldrb	r3, [r3]
 108 006a DBB2     		uxtb	r3, r3
 109 006c 9A42     		cmp	r2, r3
 110 006e 04D1     		bne	.L1
 101:Generated_Source\PSoC4/SPIM_INT.c ****         {
 102:Generated_Source\PSoC4/SPIM_INT.c ****             /* TX Buffer is EMPTY: disable interrupt on TX NOT FULL */
 103:Generated_Source\PSoC4/SPIM_INT.c ****             SPIM_TX_STATUS_MASK_REG &= ((uint8) ~SPIM_STS_TX_FIFO_NOT_FULL);
 111              		.loc 1 103 0
 112 0070 094A     		ldr	r2, .L8+28
 113 0072 1378     		ldrb	r3, [r2]
 114 0074 0421     		movs	r1, #4
 115 0076 8B43     		bics	r3, r1
 116 0078 1370     		strb	r3, [r2]
 117              	.L1:
 104:Generated_Source\PSoC4/SPIM_INT.c ****         }
 105:Generated_Source\PSoC4/SPIM_INT.c **** 
 106:Generated_Source\PSoC4/SPIM_INT.c ****     #endif /* (SPIM_TX_SOFTWARE_BUF_ENABLED) */
 107:Generated_Source\PSoC4/SPIM_INT.c **** 
 108:Generated_Source\PSoC4/SPIM_INT.c ****     /* User code required at end of ISR (Optional) */
 109:Generated_Source\PSoC4/SPIM_INT.c ****     /* `#START SPIM_TX_ISR_END` */
 110:Generated_Source\PSoC4/SPIM_INT.c **** 
ARM GAS  C:\Users\corne\AppData\Local\Temp\ccLyq2gc.s 			page 5


 111:Generated_Source\PSoC4/SPIM_INT.c ****     /* `#END` */
 112:Generated_Source\PSoC4/SPIM_INT.c ****     
 113:Generated_Source\PSoC4/SPIM_INT.c ****     #ifdef SPIM_TX_ISR_EXIT_CALLBACK
 114:Generated_Source\PSoC4/SPIM_INT.c ****         SPIM_TX_ISR_ExitCallback();
 115:Generated_Source\PSoC4/SPIM_INT.c ****     #endif /* SPIM_TX_ISR_EXIT_CALLBACK */
 116:Generated_Source\PSoC4/SPIM_INT.c **** }
 118              		.loc 1 116 0
 119              		@ sp needed
 120 007a 7047     		bx	lr
 121              	.L9:
 122              		.align	2
 123              	.L8:
 124 007c 64000F40 		.word	1074724964
 125 0080 00000000 		.word	SPIM_swStatusTx
 126 0084 00000000 		.word	SPIM_txBufferFull
 127 0088 00000000 		.word	SPIM_txBufferRead
 128 008c 00000000 		.word	SPIM_txBuffer
 129 0090 43000F40 		.word	1074724931
 130 0094 00000000 		.word	SPIM_txBufferWrite
 131 0098 84000F40 		.word	1074724996
 132              		.cfi_endproc
 133              	.LFE1:
 134              		.size	SPIM_TX_ISR, .-SPIM_TX_ISR
 135              		.section	.text.SPIM_RX_ISR,"ax",%progbits
 136              		.align	2
 137              		.global	SPIM_RX_ISR
 138              		.code	16
 139              		.thumb_func
 140              		.type	SPIM_RX_ISR, %function
 141              	SPIM_RX_ISR:
 142              	.LFB2:
 117:Generated_Source\PSoC4/SPIM_INT.c **** 
 118:Generated_Source\PSoC4/SPIM_INT.c **** 
 119:Generated_Source\PSoC4/SPIM_INT.c **** /*******************************************************************************
 120:Generated_Source\PSoC4/SPIM_INT.c **** * Function Name: SPIM_RX_ISR
 121:Generated_Source\PSoC4/SPIM_INT.c **** ********************************************************************************
 122:Generated_Source\PSoC4/SPIM_INT.c **** *
 123:Generated_Source\PSoC4/SPIM_INT.c **** * Summary:
 124:Generated_Source\PSoC4/SPIM_INT.c **** *  Interrupt Service Routine for RX portion of the SPI Master.
 125:Generated_Source\PSoC4/SPIM_INT.c **** *
 126:Generated_Source\PSoC4/SPIM_INT.c **** * Parameters:
 127:Generated_Source\PSoC4/SPIM_INT.c **** *  None.
 128:Generated_Source\PSoC4/SPIM_INT.c **** *
 129:Generated_Source\PSoC4/SPIM_INT.c **** * Return:
 130:Generated_Source\PSoC4/SPIM_INT.c **** *  None.
 131:Generated_Source\PSoC4/SPIM_INT.c **** *
 132:Generated_Source\PSoC4/SPIM_INT.c **** * Global variables:
 133:Generated_Source\PSoC4/SPIM_INT.c **** *  SPIM_rxBufferWrite - used for the account of the bytes which
 134:Generated_Source\PSoC4/SPIM_INT.c **** *  have been written down in the RX software buffer modified when FIFO contains
 135:Generated_Source\PSoC4/SPIM_INT.c **** *  new data.
 136:Generated_Source\PSoC4/SPIM_INT.c **** *  SPIM_rxBufferRead - used for the account of the bytes which
 137:Generated_Source\PSoC4/SPIM_INT.c **** *  have been read from the RX software buffer, modified when overflow occurred.
 138:Generated_Source\PSoC4/SPIM_INT.c **** *  SPIM_rxBuffer[SPIM_RX_BUFFER_SIZE] - used to store
 139:Generated_Source\PSoC4/SPIM_INT.c **** *  received data, modified when FIFO contains new data.
 140:Generated_Source\PSoC4/SPIM_INT.c **** *  All described above Global variables are used when Software Buffer is used.
 141:Generated_Source\PSoC4/SPIM_INT.c **** *
 142:Generated_Source\PSoC4/SPIM_INT.c **** *******************************************************************************/
ARM GAS  C:\Users\corne\AppData\Local\Temp\ccLyq2gc.s 			page 6


 143:Generated_Source\PSoC4/SPIM_INT.c **** CY_ISR(SPIM_RX_ISR)
 144:Generated_Source\PSoC4/SPIM_INT.c **** {
 143              		.loc 1 144 0
 144              		.cfi_startproc
 145              		@ args = 0, pretend = 0, frame = 0
 146              		@ frame_needed = 0, uses_anonymous_args = 0
 147              		@ link register save eliminated.
 145:Generated_Source\PSoC4/SPIM_INT.c ****     #if(SPIM_RX_SOFTWARE_BUF_ENABLED)
 146:Generated_Source\PSoC4/SPIM_INT.c ****         uint8 tmpStatus;
 147:Generated_Source\PSoC4/SPIM_INT.c ****         uint8 rxData;
 148:Generated_Source\PSoC4/SPIM_INT.c ****     #endif /* (SPIM_RX_SOFTWARE_BUF_ENABLED) */
 149:Generated_Source\PSoC4/SPIM_INT.c **** 
 150:Generated_Source\PSoC4/SPIM_INT.c ****     #ifdef SPIM_RX_ISR_ENTRY_CALLBACK
 151:Generated_Source\PSoC4/SPIM_INT.c ****         SPIM_RX_ISR_EntryCallback();
 152:Generated_Source\PSoC4/SPIM_INT.c ****     #endif /* SPIM_RX_ISR_ENTRY_CALLBACK */
 153:Generated_Source\PSoC4/SPIM_INT.c **** 
 154:Generated_Source\PSoC4/SPIM_INT.c ****     /* User code required at start of ISR */
 155:Generated_Source\PSoC4/SPIM_INT.c ****     /* `#START SPIM_RX_ISR_START` */
 156:Generated_Source\PSoC4/SPIM_INT.c **** 
 157:Generated_Source\PSoC4/SPIM_INT.c ****     /* `#END` */
 158:Generated_Source\PSoC4/SPIM_INT.c ****     
 159:Generated_Source\PSoC4/SPIM_INT.c ****     #if(SPIM_RX_SOFTWARE_BUF_ENABLED)
 160:Generated_Source\PSoC4/SPIM_INT.c **** 
 161:Generated_Source\PSoC4/SPIM_INT.c ****         tmpStatus = SPIM_GET_STATUS_RX(SPIM_swStatusRx);
 148              		.loc 1 161 0
 149 0000 204B     		ldr	r3, .L16
 150 0002 1878     		ldrb	r0, [r3]
 151 0004 2049     		ldr	r1, .L16+4
 152 0006 0B78     		ldrb	r3, [r1]
 153 0008 4022     		movs	r2, #64
 154 000a 1340     		ands	r3, r2
 155 000c 0343     		orrs	r3, r0
 156              	.LVL5:
 162:Generated_Source\PSoC4/SPIM_INT.c ****         SPIM_swStatusRx = tmpStatus;
 157              		.loc 1 162 0
 158 000e 0B70     		strb	r3, [r1]
 163:Generated_Source\PSoC4/SPIM_INT.c **** 
 164:Generated_Source\PSoC4/SPIM_INT.c ****         /* Check if RX data FIFO has some data to be moved into the RX Buffer */
 165:Generated_Source\PSoC4/SPIM_INT.c ****         while(0u != (SPIM_swStatusRx & SPIM_STS_RX_FIFO_NOT_EMPTY))
 159              		.loc 1 165 0
 160 0010 32E0     		b	.L11
 161              	.LVL6:
 162              	.L15:
 166:Generated_Source\PSoC4/SPIM_INT.c ****         {
 167:Generated_Source\PSoC4/SPIM_INT.c ****             rxData = CY_GET_REG8(SPIM_RXDATA_PTR);
 163              		.loc 1 167 0
 164 0012 1E4B     		ldr	r3, .L16+8
 165 0014 1A78     		ldrb	r2, [r3]
 166 0016 D2B2     		uxtb	r2, r2
 167              	.LVL7:
 168:Generated_Source\PSoC4/SPIM_INT.c **** 
 169:Generated_Source\PSoC4/SPIM_INT.c ****             /* Set next pointer. */
 170:Generated_Source\PSoC4/SPIM_INT.c ****             SPIM_rxBufferWrite++;
 168              		.loc 1 170 0
 169 0018 1D49     		ldr	r1, .L16+12
 170              	.LVL8:
 171 001a 0B78     		ldrb	r3, [r1]
ARM GAS  C:\Users\corne\AppData\Local\Temp\ccLyq2gc.s 			page 7


 172 001c 0133     		adds	r3, r3, #1
 173 001e DBB2     		uxtb	r3, r3
 174 0020 0B70     		strb	r3, [r1]
 175              	.LVL9:
 171:Generated_Source\PSoC4/SPIM_INT.c ****             if(SPIM_rxBufferWrite >= SPIM_RX_BUFFER_SIZE)
 176              		.loc 1 171 0
 177 0022 0B78     		ldrb	r3, [r1]
 178 0024 DBB2     		uxtb	r3, r3
 179 0026 1D2B     		cmp	r3, #29
 180 0028 02D9     		bls	.L12
 172:Generated_Source\PSoC4/SPIM_INT.c ****             {
 173:Generated_Source\PSoC4/SPIM_INT.c ****                 SPIM_rxBufferWrite = 0u;
 181              		.loc 1 173 0
 182 002a 0021     		movs	r1, #0
 183 002c 184B     		ldr	r3, .L16+12
 184 002e 1970     		strb	r1, [r3]
 185              	.L12:
 174:Generated_Source\PSoC4/SPIM_INT.c ****             }
 175:Generated_Source\PSoC4/SPIM_INT.c **** 
 176:Generated_Source\PSoC4/SPIM_INT.c ****             if(SPIM_rxBufferWrite == SPIM_rxBufferRead)
 186              		.loc 1 176 0
 187 0030 174B     		ldr	r3, .L16+12
 188 0032 1978     		ldrb	r1, [r3]
 189 0034 C9B2     		uxtb	r1, r1
 190 0036 174B     		ldr	r3, .L16+16
 191 0038 1B78     		ldrb	r3, [r3]
 192 003a DBB2     		uxtb	r3, r3
 193 003c 9942     		cmp	r1, r3
 194 003e 0ED1     		bne	.L13
 177:Generated_Source\PSoC4/SPIM_INT.c ****             {
 178:Generated_Source\PSoC4/SPIM_INT.c ****                 SPIM_rxBufferRead++;
 195              		.loc 1 178 0
 196 0040 1449     		ldr	r1, .L16+16
 197 0042 0B78     		ldrb	r3, [r1]
 198 0044 0133     		adds	r3, r3, #1
 199 0046 DBB2     		uxtb	r3, r3
 200 0048 0B70     		strb	r3, [r1]
 179:Generated_Source\PSoC4/SPIM_INT.c ****                 if(SPIM_rxBufferRead >= SPIM_RX_BUFFER_SIZE)
 201              		.loc 1 179 0
 202 004a 0B78     		ldrb	r3, [r1]
 203 004c DBB2     		uxtb	r3, r3
 204 004e 1D2B     		cmp	r3, #29
 205 0050 02D9     		bls	.L14
 180:Generated_Source\PSoC4/SPIM_INT.c ****                 {
 181:Generated_Source\PSoC4/SPIM_INT.c ****                     SPIM_rxBufferRead = 0u;
 206              		.loc 1 181 0
 207 0052 0021     		movs	r1, #0
 208 0054 0F4B     		ldr	r3, .L16+16
 209 0056 1970     		strb	r1, [r3]
 210              	.L14:
 182:Generated_Source\PSoC4/SPIM_INT.c ****                 }
 183:Generated_Source\PSoC4/SPIM_INT.c **** 
 184:Generated_Source\PSoC4/SPIM_INT.c ****                 SPIM_rxBufferFull = 1u;
 211              		.loc 1 184 0
 212 0058 0121     		movs	r1, #1
 213 005a 0F4B     		ldr	r3, .L16+20
 214 005c 1970     		strb	r1, [r3]
ARM GAS  C:\Users\corne\AppData\Local\Temp\ccLyq2gc.s 			page 8


 215              	.L13:
 185:Generated_Source\PSoC4/SPIM_INT.c ****             }
 186:Generated_Source\PSoC4/SPIM_INT.c **** 
 187:Generated_Source\PSoC4/SPIM_INT.c ****             /* Move data from the FIFO to the Buffer */
 188:Generated_Source\PSoC4/SPIM_INT.c ****             SPIM_rxBuffer[SPIM_rxBufferWrite] = rxData;
 216              		.loc 1 188 0
 217 005e 0C4B     		ldr	r3, .L16+12
 218 0060 1B78     		ldrb	r3, [r3]
 219 0062 DBB2     		uxtb	r3, r3
 220 0064 0D49     		ldr	r1, .L16+24
 221 0066 CA54     		strb	r2, [r1, r3]
 189:Generated_Source\PSoC4/SPIM_INT.c **** 
 190:Generated_Source\PSoC4/SPIM_INT.c ****             tmpStatus = SPIM_GET_STATUS_RX(SPIM_swStatusRx);
 222              		.loc 1 190 0
 223 0068 064B     		ldr	r3, .L16
 224 006a 1878     		ldrb	r0, [r3]
 225 006c 0649     		ldr	r1, .L16+4
 226 006e 0B78     		ldrb	r3, [r1]
 227 0070 4022     		movs	r2, #64
 228              	.LVL10:
 229 0072 1340     		ands	r3, r2
 230 0074 0343     		orrs	r3, r0
 231              	.LVL11:
 191:Generated_Source\PSoC4/SPIM_INT.c ****             SPIM_swStatusRx = tmpStatus;
 232              		.loc 1 191 0
 233 0076 0B70     		strb	r3, [r1]
 234              	.L11:
 165:Generated_Source\PSoC4/SPIM_INT.c ****         {
 235              		.loc 1 165 0
 236 0078 034B     		ldr	r3, .L16+4
 237              	.LVL12:
 238 007a 1B78     		ldrb	r3, [r3]
 239 007c 9B06     		lsls	r3, r3, #26
 240 007e C8D4     		bmi	.L15
 192:Generated_Source\PSoC4/SPIM_INT.c ****         }
 193:Generated_Source\PSoC4/SPIM_INT.c **** 
 194:Generated_Source\PSoC4/SPIM_INT.c ****     #endif /* (SPIM_RX_SOFTWARE_BUF_ENABLED) */
 195:Generated_Source\PSoC4/SPIM_INT.c **** 
 196:Generated_Source\PSoC4/SPIM_INT.c ****     /* User code required at end of ISR (Optional) */
 197:Generated_Source\PSoC4/SPIM_INT.c ****     /* `#START SPIM_RX_ISR_END` */
 198:Generated_Source\PSoC4/SPIM_INT.c **** 
 199:Generated_Source\PSoC4/SPIM_INT.c ****     /* `#END` */
 200:Generated_Source\PSoC4/SPIM_INT.c ****     
 201:Generated_Source\PSoC4/SPIM_INT.c ****     #ifdef SPIM_RX_ISR_EXIT_CALLBACK
 202:Generated_Source\PSoC4/SPIM_INT.c ****         SPIM_RX_ISR_ExitCallback();
 203:Generated_Source\PSoC4/SPIM_INT.c ****     #endif /* SPIM_RX_ISR_EXIT_CALLBACK */
 204:Generated_Source\PSoC4/SPIM_INT.c **** }
 241              		.loc 1 204 0
 242              		@ sp needed
 243 0080 7047     		bx	lr
 244              	.L17:
 245 0082 C046     		.align	2
 246              	.L16:
 247 0084 62000F40 		.word	1074724962
 248 0088 00000000 		.word	SPIM_swStatusRx
 249 008c 53000F40 		.word	1074724947
 250 0090 00000000 		.word	SPIM_rxBufferWrite
ARM GAS  C:\Users\corne\AppData\Local\Temp\ccLyq2gc.s 			page 9


 251 0094 00000000 		.word	SPIM_rxBufferRead
 252 0098 00000000 		.word	SPIM_rxBufferFull
 253 009c 00000000 		.word	SPIM_rxBuffer
 254              		.cfi_endproc
 255              	.LFE2:
 256              		.size	SPIM_RX_ISR, .-SPIM_RX_ISR
 257              		.text
 258              	.Letext0:
 259              		.file 2 "Generated_Source\\PSoC4\\cytypes.h"
 260              		.file 3 "Generated_Source\\PSoC4\\SPIM_PVT.h"
 261              		.section	.debug_info,"",%progbits
 262              	.Ldebug_info0:
 263 0000 99010000 		.4byte	0x199
 264 0004 0400     		.2byte	0x4
 265 0006 00000000 		.4byte	.Ldebug_abbrev0
 266 000a 04       		.byte	0x4
 267 000b 01       		.uleb128 0x1
 268 000c A1010000 		.4byte	.LASF30
 269 0010 0C       		.byte	0xc
 270 0011 6C010000 		.4byte	.LASF31
 271 0015 EA000000 		.4byte	.LASF32
 272 0019 00000000 		.4byte	.Ldebug_ranges0+0
 273 001d 00000000 		.4byte	0
 274 0021 00000000 		.4byte	.Ldebug_line0
 275 0025 02       		.uleb128 0x2
 276 0026 01       		.byte	0x1
 277 0027 06       		.byte	0x6
 278 0028 85020000 		.4byte	.LASF0
 279 002c 02       		.uleb128 0x2
 280 002d 01       		.byte	0x1
 281 002e 08       		.byte	0x8
 282 002f 76000000 		.4byte	.LASF1
 283 0033 02       		.uleb128 0x2
 284 0034 02       		.byte	0x2
 285 0035 05       		.byte	0x5
 286 0036 5C020000 		.4byte	.LASF2
 287 003a 02       		.uleb128 0x2
 288 003b 02       		.byte	0x2
 289 003c 07       		.byte	0x7
 290 003d 0C000000 		.4byte	.LASF3
 291 0041 02       		.uleb128 0x2
 292 0042 04       		.byte	0x4
 293 0043 05       		.byte	0x5
 294 0044 66020000 		.4byte	.LASF4
 295 0048 02       		.uleb128 0x2
 296 0049 04       		.byte	0x4
 297 004a 07       		.byte	0x7
 298 004b 96000000 		.4byte	.LASF5
 299 004f 02       		.uleb128 0x2
 300 0050 08       		.byte	0x8
 301 0051 05       		.byte	0x5
 302 0052 49020000 		.4byte	.LASF6
 303 0056 02       		.uleb128 0x2
 304 0057 08       		.byte	0x8
 305 0058 07       		.byte	0x7
 306 0059 55010000 		.4byte	.LASF7
 307 005d 03       		.uleb128 0x3
ARM GAS  C:\Users\corne\AppData\Local\Temp\ccLyq2gc.s 			page 10


 308 005e 04       		.byte	0x4
 309 005f 05       		.byte	0x5
 310 0060 696E7400 		.ascii	"int\000"
 311 0064 02       		.uleb128 0x2
 312 0065 04       		.byte	0x4
 313 0066 07       		.byte	0x7
 314 0067 2D000000 		.4byte	.LASF8
 315 006b 04       		.uleb128 0x4
 316 006c A8000000 		.4byte	.LASF12
 317 0070 02       		.byte	0x2
 318 0071 B901     		.2byte	0x1b9
 319 0073 2C000000 		.4byte	0x2c
 320 0077 02       		.uleb128 0x2
 321 0078 04       		.byte	0x4
 322 0079 04       		.byte	0x4
 323 007a 5E000000 		.4byte	.LASF9
 324 007e 02       		.uleb128 0x2
 325 007f 08       		.byte	0x8
 326 0080 04       		.byte	0x4
 327 0081 B5000000 		.4byte	.LASF10
 328 0085 02       		.uleb128 0x2
 329 0086 01       		.byte	0x1
 330 0087 08       		.byte	0x8
 331 0088 57020000 		.4byte	.LASF11
 332 008c 04       		.uleb128 0x4
 333 008d 2F020000 		.4byte	.LASF13
 334 0091 02       		.byte	0x2
 335 0092 6302     		.2byte	0x263
 336 0094 98000000 		.4byte	0x98
 337 0098 05       		.uleb128 0x5
 338 0099 6B000000 		.4byte	0x6b
 339 009d 02       		.uleb128 0x2
 340 009e 08       		.byte	0x8
 341 009f 04       		.byte	0x4
 342 00a0 79020000 		.4byte	.LASF14
 343 00a4 02       		.uleb128 0x2
 344 00a5 04       		.byte	0x4
 345 00a6 07       		.byte	0x7
 346 00a7 34020000 		.4byte	.LASF15
 347 00ab 06       		.uleb128 0x6
 348 00ac 3D020000 		.4byte	.LASF16
 349 00b0 01       		.byte	0x1
 350 00b1 34       		.byte	0x34
 351 00b2 00000000 		.4byte	.LFB1
 352 00b6 9C000000 		.4byte	.LFE1-.LFB1
 353 00ba 01       		.uleb128 0x1
 354 00bb 9C       		.byte	0x9c
 355 00bc D0000000 		.4byte	0xd0
 356 00c0 07       		.uleb128 0x7
 357 00c1 6F020000 		.4byte	.LASF18
 358 00c5 01       		.byte	0x1
 359 00c6 37       		.byte	0x37
 360 00c7 6B000000 		.4byte	0x6b
 361 00cb 00000000 		.4byte	.LLST0
 362 00cf 00       		.byte	0
 363 00d0 06       		.uleb128 0x6
 364 00d1 00000000 		.4byte	.LASF17
ARM GAS  C:\Users\corne\AppData\Local\Temp\ccLyq2gc.s 			page 11


 365 00d5 01       		.byte	0x1
 366 00d6 8F       		.byte	0x8f
 367 00d7 00000000 		.4byte	.LFB2
 368 00db A0000000 		.4byte	.LFE2-.LFB2
 369 00df 01       		.uleb128 0x1
 370 00e0 9C       		.byte	0x9c
 371 00e1 04010000 		.4byte	0x104
 372 00e5 07       		.uleb128 0x7
 373 00e6 6F020000 		.4byte	.LASF18
 374 00ea 01       		.byte	0x1
 375 00eb 92       		.byte	0x92
 376 00ec 6B000000 		.4byte	0x6b
 377 00f0 2B000000 		.4byte	.LLST1
 378 00f4 07       		.uleb128 0x7
 379 00f5 AE000000 		.4byte	.LASF19
 380 00f9 01       		.byte	0x1
 381 00fa 93       		.byte	0x93
 382 00fb 6B000000 		.4byte	0x6b
 383 00ff 61000000 		.4byte	.LLST2
 384 0103 00       		.byte	0
 385 0104 08       		.uleb128 0x8
 386 0105 DA000000 		.4byte	.LASF20
 387 0109 03       		.byte	0x3
 388 010a 21       		.byte	0x21
 389 010b 98000000 		.4byte	0x98
 390 010f 08       		.uleb128 0x8
 391 0110 BC000000 		.4byte	.LASF21
 392 0114 03       		.byte	0x3
 393 0115 22       		.byte	0x22
 394 0116 98000000 		.4byte	0x98
 395 011a 09       		.uleb128 0x9
 396 011b 98000000 		.4byte	0x98
 397 011f 2A010000 		.4byte	0x12a
 398 0123 0A       		.uleb128 0xa
 399 0124 A4000000 		.4byte	0xa4
 400 0128 0F       		.byte	0xf
 401 0129 00       		.byte	0
 402 012a 08       		.uleb128 0x8
 403 012b 1F000000 		.4byte	.LASF22
 404 012f 03       		.byte	0x3
 405 0130 25       		.byte	0x25
 406 0131 35010000 		.4byte	0x135
 407 0135 05       		.uleb128 0x5
 408 0136 1A010000 		.4byte	0x11a
 409 013a 08       		.uleb128 0x8
 410 013b 84000000 		.4byte	.LASF23
 411 013f 03       		.byte	0x3
 412 0140 26       		.byte	0x26
 413 0141 98000000 		.4byte	0x98
 414 0145 08       		.uleb128 0x8
 415 0146 91020000 		.4byte	.LASF24
 416 014a 03       		.byte	0x3
 417 014b 27       		.byte	0x27
 418 014c 98000000 		.4byte	0x98
 419 0150 08       		.uleb128 0x8
 420 0151 3A000000 		.4byte	.LASF25
 421 0155 03       		.byte	0x3
ARM GAS  C:\Users\corne\AppData\Local\Temp\ccLyq2gc.s 			page 12


 422 0156 28       		.byte	0x28
 423 0157 98000000 		.4byte	0x98
 424 015b 09       		.uleb128 0x9
 425 015c 98000000 		.4byte	0x98
 426 0160 6B010000 		.4byte	0x16b
 427 0164 0A       		.uleb128 0xa
 428 0165 A4000000 		.4byte	0xa4
 429 0169 1D       		.byte	0x1d
 430 016a 00       		.byte	0
 431 016b 08       		.uleb128 0x8
 432 016c CC000000 		.4byte	.LASF26
 433 0170 03       		.byte	0x3
 434 0171 2C       		.byte	0x2c
 435 0172 76010000 		.4byte	0x176
 436 0176 05       		.uleb128 0x5
 437 0177 5B010000 		.4byte	0x15b
 438 017b 08       		.uleb128 0x8
 439 017c 64000000 		.4byte	.LASF27
 440 0180 03       		.byte	0x3
 441 0181 2D       		.byte	0x2d
 442 0182 98000000 		.4byte	0x98
 443 0186 08       		.uleb128 0x8
 444 0187 8E010000 		.4byte	.LASF28
 445 018b 03       		.byte	0x3
 446 018c 2E       		.byte	0x2e
 447 018d 98000000 		.4byte	0x98
 448 0191 08       		.uleb128 0x8
 449 0192 4C000000 		.4byte	.LASF29
 450 0196 03       		.byte	0x3
 451 0197 2F       		.byte	0x2f
 452 0198 98000000 		.4byte	0x98
 453 019c 00       		.byte	0
 454              		.section	.debug_abbrev,"",%progbits
 455              	.Ldebug_abbrev0:
 456 0000 01       		.uleb128 0x1
 457 0001 11       		.uleb128 0x11
 458 0002 01       		.byte	0x1
 459 0003 25       		.uleb128 0x25
 460 0004 0E       		.uleb128 0xe
 461 0005 13       		.uleb128 0x13
 462 0006 0B       		.uleb128 0xb
 463 0007 03       		.uleb128 0x3
 464 0008 0E       		.uleb128 0xe
 465 0009 1B       		.uleb128 0x1b
 466 000a 0E       		.uleb128 0xe
 467 000b 55       		.uleb128 0x55
 468 000c 17       		.uleb128 0x17
 469 000d 11       		.uleb128 0x11
 470 000e 01       		.uleb128 0x1
 471 000f 10       		.uleb128 0x10
 472 0010 17       		.uleb128 0x17
 473 0011 00       		.byte	0
 474 0012 00       		.byte	0
 475 0013 02       		.uleb128 0x2
 476 0014 24       		.uleb128 0x24
 477 0015 00       		.byte	0
 478 0016 0B       		.uleb128 0xb
ARM GAS  C:\Users\corne\AppData\Local\Temp\ccLyq2gc.s 			page 13


 479 0017 0B       		.uleb128 0xb
 480 0018 3E       		.uleb128 0x3e
 481 0019 0B       		.uleb128 0xb
 482 001a 03       		.uleb128 0x3
 483 001b 0E       		.uleb128 0xe
 484 001c 00       		.byte	0
 485 001d 00       		.byte	0
 486 001e 03       		.uleb128 0x3
 487 001f 24       		.uleb128 0x24
 488 0020 00       		.byte	0
 489 0021 0B       		.uleb128 0xb
 490 0022 0B       		.uleb128 0xb
 491 0023 3E       		.uleb128 0x3e
 492 0024 0B       		.uleb128 0xb
 493 0025 03       		.uleb128 0x3
 494 0026 08       		.uleb128 0x8
 495 0027 00       		.byte	0
 496 0028 00       		.byte	0
 497 0029 04       		.uleb128 0x4
 498 002a 16       		.uleb128 0x16
 499 002b 00       		.byte	0
 500 002c 03       		.uleb128 0x3
 501 002d 0E       		.uleb128 0xe
 502 002e 3A       		.uleb128 0x3a
 503 002f 0B       		.uleb128 0xb
 504 0030 3B       		.uleb128 0x3b
 505 0031 05       		.uleb128 0x5
 506 0032 49       		.uleb128 0x49
 507 0033 13       		.uleb128 0x13
 508 0034 00       		.byte	0
 509 0035 00       		.byte	0
 510 0036 05       		.uleb128 0x5
 511 0037 35       		.uleb128 0x35
 512 0038 00       		.byte	0
 513 0039 49       		.uleb128 0x49
 514 003a 13       		.uleb128 0x13
 515 003b 00       		.byte	0
 516 003c 00       		.byte	0
 517 003d 06       		.uleb128 0x6
 518 003e 2E       		.uleb128 0x2e
 519 003f 01       		.byte	0x1
 520 0040 3F       		.uleb128 0x3f
 521 0041 19       		.uleb128 0x19
 522 0042 03       		.uleb128 0x3
 523 0043 0E       		.uleb128 0xe
 524 0044 3A       		.uleb128 0x3a
 525 0045 0B       		.uleb128 0xb
 526 0046 3B       		.uleb128 0x3b
 527 0047 0B       		.uleb128 0xb
 528 0048 27       		.uleb128 0x27
 529 0049 19       		.uleb128 0x19
 530 004a 11       		.uleb128 0x11
 531 004b 01       		.uleb128 0x1
 532 004c 12       		.uleb128 0x12
 533 004d 06       		.uleb128 0x6
 534 004e 40       		.uleb128 0x40
 535 004f 18       		.uleb128 0x18
ARM GAS  C:\Users\corne\AppData\Local\Temp\ccLyq2gc.s 			page 14


 536 0050 9742     		.uleb128 0x2117
 537 0052 19       		.uleb128 0x19
 538 0053 01       		.uleb128 0x1
 539 0054 13       		.uleb128 0x13
 540 0055 00       		.byte	0
 541 0056 00       		.byte	0
 542 0057 07       		.uleb128 0x7
 543 0058 34       		.uleb128 0x34
 544 0059 00       		.byte	0
 545 005a 03       		.uleb128 0x3
 546 005b 0E       		.uleb128 0xe
 547 005c 3A       		.uleb128 0x3a
 548 005d 0B       		.uleb128 0xb
 549 005e 3B       		.uleb128 0x3b
 550 005f 0B       		.uleb128 0xb
 551 0060 49       		.uleb128 0x49
 552 0061 13       		.uleb128 0x13
 553 0062 02       		.uleb128 0x2
 554 0063 17       		.uleb128 0x17
 555 0064 00       		.byte	0
 556 0065 00       		.byte	0
 557 0066 08       		.uleb128 0x8
 558 0067 34       		.uleb128 0x34
 559 0068 00       		.byte	0
 560 0069 03       		.uleb128 0x3
 561 006a 0E       		.uleb128 0xe
 562 006b 3A       		.uleb128 0x3a
 563 006c 0B       		.uleb128 0xb
 564 006d 3B       		.uleb128 0x3b
 565 006e 0B       		.uleb128 0xb
 566 006f 49       		.uleb128 0x49
 567 0070 13       		.uleb128 0x13
 568 0071 3F       		.uleb128 0x3f
 569 0072 19       		.uleb128 0x19
 570 0073 3C       		.uleb128 0x3c
 571 0074 19       		.uleb128 0x19
 572 0075 00       		.byte	0
 573 0076 00       		.byte	0
 574 0077 09       		.uleb128 0x9
 575 0078 01       		.uleb128 0x1
 576 0079 01       		.byte	0x1
 577 007a 49       		.uleb128 0x49
 578 007b 13       		.uleb128 0x13
 579 007c 01       		.uleb128 0x1
 580 007d 13       		.uleb128 0x13
 581 007e 00       		.byte	0
 582 007f 00       		.byte	0
 583 0080 0A       		.uleb128 0xa
 584 0081 21       		.uleb128 0x21
 585 0082 00       		.byte	0
 586 0083 49       		.uleb128 0x49
 587 0084 13       		.uleb128 0x13
 588 0085 2F       		.uleb128 0x2f
 589 0086 0B       		.uleb128 0xb
 590 0087 00       		.byte	0
 591 0088 00       		.byte	0
 592 0089 00       		.byte	0
ARM GAS  C:\Users\corne\AppData\Local\Temp\ccLyq2gc.s 			page 15


 593              		.section	.debug_loc,"",%progbits
 594              	.Ldebug_loc0:
 595              	.LLST0:
 596 0000 10000000 		.4byte	.LVL0
 597 0004 14000000 		.4byte	.LVL1
 598 0008 0100     		.2byte	0x1
 599 000a 53       		.byte	0x53
 600 000b 14000000 		.4byte	.LVL1
 601 000f 2A000000 		.4byte	.LVL2
 602 0013 0200     		.2byte	0x2
 603 0015 71       		.byte	0x71
 604 0016 00       		.sleb128 0
 605 0017 3A000000 		.4byte	.LVL3
 606 001b 40000000 		.4byte	.LVL4
 607 001f 0200     		.2byte	0x2
 608 0021 71       		.byte	0x71
 609 0022 00       		.sleb128 0
 610 0023 00000000 		.4byte	0
 611 0027 00000000 		.4byte	0
 612              	.LLST1:
 613 002b 0E000000 		.4byte	.LVL5
 614 002f 12000000 		.4byte	.LVL6
 615 0033 0100     		.2byte	0x1
 616 0035 53       		.byte	0x53
 617 0036 12000000 		.4byte	.LVL6
 618 003a 1A000000 		.4byte	.LVL8
 619 003e 0200     		.2byte	0x2
 620 0040 71       		.byte	0x71
 621 0041 00       		.sleb128 0
 622 0042 76000000 		.4byte	.LVL11
 623 0046 7A000000 		.4byte	.LVL12
 624 004a 0100     		.2byte	0x1
 625 004c 53       		.byte	0x53
 626 004d 7A000000 		.4byte	.LVL12
 627 0051 A0000000 		.4byte	.LFE2
 628 0055 0200     		.2byte	0x2
 629 0057 71       		.byte	0x71
 630 0058 00       		.sleb128 0
 631 0059 00000000 		.4byte	0
 632 005d 00000000 		.4byte	0
 633              	.LLST2:
 634 0061 18000000 		.4byte	.LVL7
 635 0065 72000000 		.4byte	.LVL10
 636 0069 0100     		.2byte	0x1
 637 006b 52       		.byte	0x52
 638 006c 00000000 		.4byte	0
 639 0070 00000000 		.4byte	0
 640              		.section	.debug_aranges,"",%progbits
 641 0000 24000000 		.4byte	0x24
 642 0004 0200     		.2byte	0x2
 643 0006 00000000 		.4byte	.Ldebug_info0
 644 000a 04       		.byte	0x4
 645 000b 00       		.byte	0
 646 000c 0000     		.2byte	0
 647 000e 0000     		.2byte	0
 648 0010 00000000 		.4byte	.LFB1
 649 0014 9C000000 		.4byte	.LFE1-.LFB1
ARM GAS  C:\Users\corne\AppData\Local\Temp\ccLyq2gc.s 			page 16


 650 0018 00000000 		.4byte	.LFB2
 651 001c A0000000 		.4byte	.LFE2-.LFB2
 652 0020 00000000 		.4byte	0
 653 0024 00000000 		.4byte	0
 654              		.section	.debug_ranges,"",%progbits
 655              	.Ldebug_ranges0:
 656 0000 00000000 		.4byte	.LFB1
 657 0004 9C000000 		.4byte	.LFE1
 658 0008 00000000 		.4byte	.LFB2
 659 000c A0000000 		.4byte	.LFE2
 660 0010 00000000 		.4byte	0
 661 0014 00000000 		.4byte	0
 662              		.section	.debug_line,"",%progbits
 663              	.Ldebug_line0:
 664 0000 A4000000 		.section	.debug_str,"MS",%progbits,1
 664      02005300 
 664      00000201 
 664      FB0E0D00 
 664      01010101 
 665              	.LASF17:
 666 0000 5350494D 		.ascii	"SPIM_RX_ISR\000"
 666      5F52585F 
 666      49535200 
 667              	.LASF3:
 668 000c 73686F72 		.ascii	"short unsigned int\000"
 668      7420756E 
 668      7369676E 
 668      65642069 
 668      6E7400
 669              	.LASF22:
 670 001f 5350494D 		.ascii	"SPIM_txBuffer\000"
 670      5F747842 
 670      75666665 
 670      7200
 671              	.LASF8:
 672 002d 756E7369 		.ascii	"unsigned int\000"
 672      676E6564 
 672      20696E74 
 672      00
 673              	.LASF25:
 674 003a 5350494D 		.ascii	"SPIM_txBufferFull\000"
 674      5F747842 
 674      75666665 
 674      7246756C 
 674      6C00
 675              	.LASF29:
 676 004c 5350494D 		.ascii	"SPIM_rxBufferFull\000"
 676      5F727842 
 676      75666665 
 676      7246756C 
 676      6C00
 677              	.LASF9:
 678 005e 666C6F61 		.ascii	"float\000"
 678      7400
 679              	.LASF27:
 680 0064 5350494D 		.ascii	"SPIM_rxBufferRead\000"
 680      5F727842 
ARM GAS  C:\Users\corne\AppData\Local\Temp\ccLyq2gc.s 			page 17


 680      75666665 
 680      72526561 
 680      6400
 681              	.LASF1:
 682 0076 756E7369 		.ascii	"unsigned char\000"
 682      676E6564 
 682      20636861 
 682      7200
 683              	.LASF23:
 684 0084 5350494D 		.ascii	"SPIM_txBufferRead\000"
 684      5F747842 
 684      75666665 
 684      72526561 
 684      6400
 685              	.LASF5:
 686 0096 6C6F6E67 		.ascii	"long unsigned int\000"
 686      20756E73 
 686      69676E65 
 686      6420696E 
 686      7400
 687              	.LASF12:
 688 00a8 75696E74 		.ascii	"uint8\000"
 688      3800
 689              	.LASF19:
 690 00ae 72784461 		.ascii	"rxData\000"
 690      746100
 691              	.LASF10:
 692 00b5 646F7562 		.ascii	"double\000"
 692      6C6500
 693              	.LASF21:
 694 00bc 5350494D 		.ascii	"SPIM_swStatusRx\000"
 694      5F737753 
 694      74617475 
 694      73527800 
 695              	.LASF26:
 696 00cc 5350494D 		.ascii	"SPIM_rxBuffer\000"
 696      5F727842 
 696      75666665 
 696      7200
 697              	.LASF20:
 698 00da 5350494D 		.ascii	"SPIM_swStatusTx\000"
 698      5F737753 
 698      74617475 
 698      73547800 
 699              	.LASF32:
 700 00ea 433A5C55 		.ascii	"C:\\Users\\corne\\Dropbox\\prive\\projects\\Wireles"
 700      73657273 
 700      5C636F72 
 700      6E655C44 
 700      726F7062 
 701 0117 735F7365 		.ascii	"s_sensornode\\Software\\Wireless_sensornode\\Firmwa"
 701      6E736F72 
 701      6E6F6465 
 701      5C536F66 
 701      74776172 
 702 0147 72655F56 		.ascii	"re_V0.1.cydsn\000"
 702      302E312E 
ARM GAS  C:\Users\corne\AppData\Local\Temp\ccLyq2gc.s 			page 18


 702      63796473 
 702      6E00
 703              	.LASF7:
 704 0155 6C6F6E67 		.ascii	"long long unsigned int\000"
 704      206C6F6E 
 704      6720756E 
 704      7369676E 
 704      65642069 
 705              	.LASF31:
 706 016c 47656E65 		.ascii	"Generated_Source\\PSoC4\\SPIM_INT.c\000"
 706      72617465 
 706      645F536F 
 706      75726365 
 706      5C50536F 
 707              	.LASF28:
 708 018e 5350494D 		.ascii	"SPIM_rxBufferWrite\000"
 708      5F727842 
 708      75666665 
 708      72577269 
 708      746500
 709              	.LASF30:
 710 01a1 474E5520 		.ascii	"GNU C11 5.4.1 20160609 (release) [ARM/embedded-5-br"
 710      43313120 
 710      352E342E 
 710      31203230 
 710      31363036 
 711 01d4 616E6368 		.ascii	"anch revision 237715] -mcpu=cortex-m0 -mthumb -g -O"
 711      20726576 
 711      6973696F 
 711      6E203233 
 711      37373135 
 712 0207 67202D66 		.ascii	"g -ffunction-sections -ffat-lto-objects\000"
 712      66756E63 
 712      74696F6E 
 712      2D736563 
 712      74696F6E 
 713              	.LASF13:
 714 022f 72656738 		.ascii	"reg8\000"
 714      00
 715              	.LASF15:
 716 0234 73697A65 		.ascii	"sizetype\000"
 716      74797065 
 716      00
 717              	.LASF16:
 718 023d 5350494D 		.ascii	"SPIM_TX_ISR\000"
 718      5F54585F 
 718      49535200 
 719              	.LASF6:
 720 0249 6C6F6E67 		.ascii	"long long int\000"
 720      206C6F6E 
 720      6720696E 
 720      7400
 721              	.LASF11:
 722 0257 63686172 		.ascii	"char\000"
 722      00
 723              	.LASF2:
 724 025c 73686F72 		.ascii	"short int\000"
ARM GAS  C:\Users\corne\AppData\Local\Temp\ccLyq2gc.s 			page 19


 724      7420696E 
 724      7400
 725              	.LASF4:
 726 0266 6C6F6E67 		.ascii	"long int\000"
 726      20696E74 
 726      00
 727              	.LASF18:
 728 026f 746D7053 		.ascii	"tmpStatus\000"
 728      74617475 
 728      7300
 729              	.LASF14:
 730 0279 6C6F6E67 		.ascii	"long double\000"
 730      20646F75 
 730      626C6500 
 731              	.LASF0:
 732 0285 7369676E 		.ascii	"signed char\000"
 732      65642063 
 732      68617200 
 733              	.LASF24:
 734 0291 5350494D 		.ascii	"SPIM_txBufferWrite\000"
 734      5F747842 
 734      75666665 
 734      72577269 
 734      746500
 735              		.ident	"GCC: (GNU Tools for ARM Embedded Processors) 5.4.1 20160609 (release) [ARM/embedded-5-bran
