ARM GAS  C:\Users\corne\AppData\Local\Temp\cchloB95.s 			page 1


   1              		.syntax unified
   2              		.cpu cortex-m0
   3              		.fpu softvfp
   4              		.eabi_attribute 20, 1
   5              		.eabi_attribute 21, 1
   6              		.eabi_attribute 23, 3
   7              		.eabi_attribute 24, 1
   8              		.eabi_attribute 25, 1
   9              		.eabi_attribute 26, 1
  10              		.eabi_attribute 30, 1
  11              		.eabi_attribute 34, 0
  12              		.eabi_attribute 18, 4
  13              		.thumb
  14              		.syntax unified
  15              		.file	"SPIM_PM.c"
  16              		.text
  17              	.Ltext0:
  18              		.cfi_sections	.debug_frame
  19              		.section	.text.SPIM_SaveConfig,"ax",%progbits
  20              		.align	2
  21              		.global	SPIM_SaveConfig
  22              		.code	16
  23              		.thumb_func
  24              		.type	SPIM_SaveConfig, %function
  25              	SPIM_SaveConfig:
  26              	.LFB1:
  27              		.file 1 "Generated_Source\\PSoC4\\SPIM_PM.c"
   1:Generated_Source\PSoC4/SPIM_PM.c **** /*******************************************************************************
   2:Generated_Source\PSoC4/SPIM_PM.c **** * File Name: SPIM_PM.c
   3:Generated_Source\PSoC4/SPIM_PM.c **** * Version 2.50
   4:Generated_Source\PSoC4/SPIM_PM.c **** *
   5:Generated_Source\PSoC4/SPIM_PM.c **** * Description:
   6:Generated_Source\PSoC4/SPIM_PM.c **** *  This file contains the setup, control and status commands to support
   7:Generated_Source\PSoC4/SPIM_PM.c **** *  component operations in low power mode.
   8:Generated_Source\PSoC4/SPIM_PM.c **** *
   9:Generated_Source\PSoC4/SPIM_PM.c **** * Note:
  10:Generated_Source\PSoC4/SPIM_PM.c **** *
  11:Generated_Source\PSoC4/SPIM_PM.c **** ********************************************************************************
  12:Generated_Source\PSoC4/SPIM_PM.c **** * Copyright 2008-2015, Cypress Semiconductor Corporation.  All rights reserved.
  13:Generated_Source\PSoC4/SPIM_PM.c **** * You may use this file only in accordance with the license, terms, conditions,
  14:Generated_Source\PSoC4/SPIM_PM.c **** * disclaimers, and limitations in the end user license agreement accompanying
  15:Generated_Source\PSoC4/SPIM_PM.c **** * the software package with which this file was provided.
  16:Generated_Source\PSoC4/SPIM_PM.c **** *******************************************************************************/
  17:Generated_Source\PSoC4/SPIM_PM.c **** 
  18:Generated_Source\PSoC4/SPIM_PM.c **** #include "SPIM_PVT.h"
  19:Generated_Source\PSoC4/SPIM_PM.c **** 
  20:Generated_Source\PSoC4/SPIM_PM.c **** static SPIM_BACKUP_STRUCT SPIM_backup =
  21:Generated_Source\PSoC4/SPIM_PM.c **** {
  22:Generated_Source\PSoC4/SPIM_PM.c ****     SPIM_DISABLED,
  23:Generated_Source\PSoC4/SPIM_PM.c ****     SPIM_BITCTR_INIT,
  24:Generated_Source\PSoC4/SPIM_PM.c **** };
  25:Generated_Source\PSoC4/SPIM_PM.c **** 
  26:Generated_Source\PSoC4/SPIM_PM.c **** 
  27:Generated_Source\PSoC4/SPIM_PM.c **** /*******************************************************************************
  28:Generated_Source\PSoC4/SPIM_PM.c **** * Function Name: SPIM_SaveConfig
  29:Generated_Source\PSoC4/SPIM_PM.c **** ********************************************************************************
  30:Generated_Source\PSoC4/SPIM_PM.c **** *
ARM GAS  C:\Users\corne\AppData\Local\Temp\cchloB95.s 			page 2


  31:Generated_Source\PSoC4/SPIM_PM.c **** * Summary:
  32:Generated_Source\PSoC4/SPIM_PM.c **** *  Empty function. Included for consistency with other components.
  33:Generated_Source\PSoC4/SPIM_PM.c **** *
  34:Generated_Source\PSoC4/SPIM_PM.c **** * Parameters:
  35:Generated_Source\PSoC4/SPIM_PM.c **** *  None.
  36:Generated_Source\PSoC4/SPIM_PM.c **** *
  37:Generated_Source\PSoC4/SPIM_PM.c **** * Return:
  38:Generated_Source\PSoC4/SPIM_PM.c **** *  None.
  39:Generated_Source\PSoC4/SPIM_PM.c **** *
  40:Generated_Source\PSoC4/SPIM_PM.c **** *******************************************************************************/
  41:Generated_Source\PSoC4/SPIM_PM.c **** void SPIM_SaveConfig(void) 
  42:Generated_Source\PSoC4/SPIM_PM.c **** {
  28              		.loc 1 42 0
  29              		.cfi_startproc
  30              		@ args = 0, pretend = 0, frame = 0
  31              		@ frame_needed = 0, uses_anonymous_args = 0
  32              		@ link register save eliminated.
  43:Generated_Source\PSoC4/SPIM_PM.c **** 
  44:Generated_Source\PSoC4/SPIM_PM.c **** }
  33              		.loc 1 44 0
  34              		@ sp needed
  35 0000 7047     		bx	lr
  36              		.cfi_endproc
  37              	.LFE1:
  38              		.size	SPIM_SaveConfig, .-SPIM_SaveConfig
  39 0002 C046     		.section	.text.SPIM_RestoreConfig,"ax",%progbits
  40              		.align	2
  41              		.global	SPIM_RestoreConfig
  42              		.code	16
  43              		.thumb_func
  44              		.type	SPIM_RestoreConfig, %function
  45              	SPIM_RestoreConfig:
  46              	.LFB2:
  45:Generated_Source\PSoC4/SPIM_PM.c **** 
  46:Generated_Source\PSoC4/SPIM_PM.c **** 
  47:Generated_Source\PSoC4/SPIM_PM.c **** /*******************************************************************************
  48:Generated_Source\PSoC4/SPIM_PM.c **** * Function Name: SPIM_RestoreConfig
  49:Generated_Source\PSoC4/SPIM_PM.c **** ********************************************************************************
  50:Generated_Source\PSoC4/SPIM_PM.c **** *
  51:Generated_Source\PSoC4/SPIM_PM.c **** * Summary:
  52:Generated_Source\PSoC4/SPIM_PM.c **** *  Empty function. Included for consistency with other components.
  53:Generated_Source\PSoC4/SPIM_PM.c **** *
  54:Generated_Source\PSoC4/SPIM_PM.c **** * Parameters:
  55:Generated_Source\PSoC4/SPIM_PM.c **** *  None.
  56:Generated_Source\PSoC4/SPIM_PM.c **** *
  57:Generated_Source\PSoC4/SPIM_PM.c **** * Return:
  58:Generated_Source\PSoC4/SPIM_PM.c **** *  None.
  59:Generated_Source\PSoC4/SPIM_PM.c **** *
  60:Generated_Source\PSoC4/SPIM_PM.c **** *******************************************************************************/
  61:Generated_Source\PSoC4/SPIM_PM.c **** void SPIM_RestoreConfig(void) 
  62:Generated_Source\PSoC4/SPIM_PM.c **** {
  47              		.loc 1 62 0
  48              		.cfi_startproc
  49              		@ args = 0, pretend = 0, frame = 0
  50              		@ frame_needed = 0, uses_anonymous_args = 0
  51              		@ link register save eliminated.
  63:Generated_Source\PSoC4/SPIM_PM.c **** 
ARM GAS  C:\Users\corne\AppData\Local\Temp\cchloB95.s 			page 3


  64:Generated_Source\PSoC4/SPIM_PM.c **** }
  52              		.loc 1 64 0
  53              		@ sp needed
  54 0000 7047     		bx	lr
  55              		.cfi_endproc
  56              	.LFE2:
  57              		.size	SPIM_RestoreConfig, .-SPIM_RestoreConfig
  58 0002 C046     		.section	.text.SPIM_Sleep,"ax",%progbits
  59              		.align	2
  60              		.global	SPIM_Sleep
  61              		.code	16
  62              		.thumb_func
  63              		.type	SPIM_Sleep, %function
  64              	SPIM_Sleep:
  65              	.LFB3:
  65:Generated_Source\PSoC4/SPIM_PM.c **** 
  66:Generated_Source\PSoC4/SPIM_PM.c **** 
  67:Generated_Source\PSoC4/SPIM_PM.c **** /*******************************************************************************
  68:Generated_Source\PSoC4/SPIM_PM.c **** * Function Name: SPIM_Sleep
  69:Generated_Source\PSoC4/SPIM_PM.c **** ********************************************************************************
  70:Generated_Source\PSoC4/SPIM_PM.c **** *
  71:Generated_Source\PSoC4/SPIM_PM.c **** * Summary:
  72:Generated_Source\PSoC4/SPIM_PM.c **** *  Prepare SPIM Component goes to sleep.
  73:Generated_Source\PSoC4/SPIM_PM.c **** *
  74:Generated_Source\PSoC4/SPIM_PM.c **** * Parameters:
  75:Generated_Source\PSoC4/SPIM_PM.c **** *  None.
  76:Generated_Source\PSoC4/SPIM_PM.c **** *
  77:Generated_Source\PSoC4/SPIM_PM.c **** * Return:
  78:Generated_Source\PSoC4/SPIM_PM.c **** *  None.
  79:Generated_Source\PSoC4/SPIM_PM.c **** *
  80:Generated_Source\PSoC4/SPIM_PM.c **** * Global Variables:
  81:Generated_Source\PSoC4/SPIM_PM.c **** *  SPIM_backup - modified when non-retention registers are saved.
  82:Generated_Source\PSoC4/SPIM_PM.c **** *
  83:Generated_Source\PSoC4/SPIM_PM.c **** * Reentrant:
  84:Generated_Source\PSoC4/SPIM_PM.c **** *  No.
  85:Generated_Source\PSoC4/SPIM_PM.c **** *
  86:Generated_Source\PSoC4/SPIM_PM.c **** *******************************************************************************/
  87:Generated_Source\PSoC4/SPIM_PM.c **** void SPIM_Sleep(void) 
  88:Generated_Source\PSoC4/SPIM_PM.c **** {
  66              		.loc 1 88 0
  67              		.cfi_startproc
  68              		@ args = 0, pretend = 0, frame = 0
  69              		@ frame_needed = 0, uses_anonymous_args = 0
  70 0000 10B5     		push	{r4, lr}
  71              		.cfi_def_cfa_offset 8
  72              		.cfi_offset 4, -8
  73              		.cfi_offset 14, -4
  89:Generated_Source\PSoC4/SPIM_PM.c ****     /* Save components enable state */
  90:Generated_Source\PSoC4/SPIM_PM.c ****     SPIM_backup.enableState = ((uint8) SPIM_IS_ENABLED);
  74              		.loc 1 90 0
  75 0002 054B     		ldr	r3, .L4
  76 0004 1B78     		ldrb	r3, [r3]
  77 0006 1B09     		lsrs	r3, r3, #4
  78 0008 0122     		movs	r2, #1
  79 000a 1340     		ands	r3, r2
  80 000c 034A     		ldr	r2, .L4+4
  81 000e 1370     		strb	r3, [r2]
ARM GAS  C:\Users\corne\AppData\Local\Temp\cchloB95.s 			page 4


  91:Generated_Source\PSoC4/SPIM_PM.c **** 
  92:Generated_Source\PSoC4/SPIM_PM.c ****     SPIM_Stop();
  82              		.loc 1 92 0
  83 0010 FFF7FEFF 		bl	SPIM_Stop
  84              	.LVL0:
  93:Generated_Source\PSoC4/SPIM_PM.c **** }
  85              		.loc 1 93 0
  86              		@ sp needed
  87 0014 10BD     		pop	{r4, pc}
  88              	.L5:
  89 0016 C046     		.align	2
  90              	.L4:
  91 0018 94000F40 		.word	1074725012
  92 001c 00000000 		.word	.LANCHOR0
  93              		.cfi_endproc
  94              	.LFE3:
  95              		.size	SPIM_Sleep, .-SPIM_Sleep
  96              		.section	.text.SPIM_Wakeup,"ax",%progbits
  97              		.align	2
  98              		.global	SPIM_Wakeup
  99              		.code	16
 100              		.thumb_func
 101              		.type	SPIM_Wakeup, %function
 102              	SPIM_Wakeup:
 103              	.LFB4:
  94:Generated_Source\PSoC4/SPIM_PM.c **** 
  95:Generated_Source\PSoC4/SPIM_PM.c **** 
  96:Generated_Source\PSoC4/SPIM_PM.c **** /*******************************************************************************
  97:Generated_Source\PSoC4/SPIM_PM.c **** * Function Name: SPIM_Wakeup
  98:Generated_Source\PSoC4/SPIM_PM.c **** ********************************************************************************
  99:Generated_Source\PSoC4/SPIM_PM.c **** *
 100:Generated_Source\PSoC4/SPIM_PM.c **** * Summary:
 101:Generated_Source\PSoC4/SPIM_PM.c **** *  Prepare SPIM Component to wake up.
 102:Generated_Source\PSoC4/SPIM_PM.c **** *
 103:Generated_Source\PSoC4/SPIM_PM.c **** * Parameters:
 104:Generated_Source\PSoC4/SPIM_PM.c **** *  None.
 105:Generated_Source\PSoC4/SPIM_PM.c **** *
 106:Generated_Source\PSoC4/SPIM_PM.c **** * Return:
 107:Generated_Source\PSoC4/SPIM_PM.c **** *  None.
 108:Generated_Source\PSoC4/SPIM_PM.c **** *
 109:Generated_Source\PSoC4/SPIM_PM.c **** * Global Variables:
 110:Generated_Source\PSoC4/SPIM_PM.c **** *  SPIM_backup - used when non-retention registers are restored.
 111:Generated_Source\PSoC4/SPIM_PM.c **** *  SPIM_txBufferWrite - modified every function call - resets to
 112:Generated_Source\PSoC4/SPIM_PM.c **** *  zero.
 113:Generated_Source\PSoC4/SPIM_PM.c **** *  SPIM_txBufferRead - modified every function call - resets to
 114:Generated_Source\PSoC4/SPIM_PM.c **** *  zero.
 115:Generated_Source\PSoC4/SPIM_PM.c **** *  SPIM_rxBufferWrite - modified every function call - resets to
 116:Generated_Source\PSoC4/SPIM_PM.c **** *  zero.
 117:Generated_Source\PSoC4/SPIM_PM.c **** *  SPIM_rxBufferRead - modified every function call - resets to
 118:Generated_Source\PSoC4/SPIM_PM.c **** *  zero.
 119:Generated_Source\PSoC4/SPIM_PM.c **** *
 120:Generated_Source\PSoC4/SPIM_PM.c **** * Reentrant:
 121:Generated_Source\PSoC4/SPIM_PM.c **** *  No.
 122:Generated_Source\PSoC4/SPIM_PM.c **** *
 123:Generated_Source\PSoC4/SPIM_PM.c **** *******************************************************************************/
 124:Generated_Source\PSoC4/SPIM_PM.c **** void SPIM_Wakeup(void) 
 125:Generated_Source\PSoC4/SPIM_PM.c **** {
ARM GAS  C:\Users\corne\AppData\Local\Temp\cchloB95.s 			page 5


 104              		.loc 1 125 0
 105              		.cfi_startproc
 106              		@ args = 0, pretend = 0, frame = 0
 107              		@ frame_needed = 0, uses_anonymous_args = 0
 108 0000 10B5     		push	{r4, lr}
 109              		.cfi_def_cfa_offset 8
 110              		.cfi_offset 4, -8
 111              		.cfi_offset 14, -4
 126:Generated_Source\PSoC4/SPIM_PM.c ****     #if(SPIM_RX_SOFTWARE_BUF_ENABLED)
 127:Generated_Source\PSoC4/SPIM_PM.c ****         SPIM_rxBufferFull  = 0u;
 112              		.loc 1 127 0
 113 0002 0023     		movs	r3, #0
 114 0004 0A4A     		ldr	r2, .L8
 115 0006 1370     		strb	r3, [r2]
 128:Generated_Source\PSoC4/SPIM_PM.c ****         SPIM_rxBufferRead  = 0u;
 116              		.loc 1 128 0
 117 0008 0A4A     		ldr	r2, .L8+4
 118 000a 1370     		strb	r3, [r2]
 129:Generated_Source\PSoC4/SPIM_PM.c ****         SPIM_rxBufferWrite = 0u;
 119              		.loc 1 129 0
 120 000c 0A4A     		ldr	r2, .L8+8
 121 000e 1370     		strb	r3, [r2]
 130:Generated_Source\PSoC4/SPIM_PM.c ****     #endif /* (SPIM_RX_SOFTWARE_BUF_ENABLED) */
 131:Generated_Source\PSoC4/SPIM_PM.c **** 
 132:Generated_Source\PSoC4/SPIM_PM.c ****     #if(SPIM_TX_SOFTWARE_BUF_ENABLED)
 133:Generated_Source\PSoC4/SPIM_PM.c ****         SPIM_txBufferFull  = 0u;
 122              		.loc 1 133 0
 123 0010 0A4A     		ldr	r2, .L8+12
 124 0012 1370     		strb	r3, [r2]
 134:Generated_Source\PSoC4/SPIM_PM.c ****         SPIM_txBufferRead  = 0u;
 125              		.loc 1 134 0
 126 0014 0A4A     		ldr	r2, .L8+16
 127 0016 1370     		strb	r3, [r2]
 135:Generated_Source\PSoC4/SPIM_PM.c ****         SPIM_txBufferWrite = 0u;
 128              		.loc 1 135 0
 129 0018 0A4A     		ldr	r2, .L8+20
 130 001a 1370     		strb	r3, [r2]
 136:Generated_Source\PSoC4/SPIM_PM.c ****     #endif /* (SPIM_TX_SOFTWARE_BUF_ENABLED) */
 137:Generated_Source\PSoC4/SPIM_PM.c **** 
 138:Generated_Source\PSoC4/SPIM_PM.c ****     /* Clear any data from the RX and TX FIFO */
 139:Generated_Source\PSoC4/SPIM_PM.c ****     SPIM_ClearFIFO();
 131              		.loc 1 139 0
 132 001c FFF7FEFF 		bl	SPIM_ClearFIFO
 133              	.LVL1:
 140:Generated_Source\PSoC4/SPIM_PM.c **** 
 141:Generated_Source\PSoC4/SPIM_PM.c ****     /* Restore components block enable state */
 142:Generated_Source\PSoC4/SPIM_PM.c ****     if(0u != SPIM_backup.enableState)
 134              		.loc 1 142 0
 135 0020 094B     		ldr	r3, .L8+24
 136 0022 1B78     		ldrb	r3, [r3]
 137 0024 002B     		cmp	r3, #0
 138 0026 01D0     		beq	.L6
 143:Generated_Source\PSoC4/SPIM_PM.c ****     {
 144:Generated_Source\PSoC4/SPIM_PM.c ****         SPIM_Enable();
 139              		.loc 1 144 0
 140 0028 FFF7FEFF 		bl	SPIM_Enable
 141              	.LVL2:
ARM GAS  C:\Users\corne\AppData\Local\Temp\cchloB95.s 			page 6


 142              	.L6:
 145:Generated_Source\PSoC4/SPIM_PM.c ****     }
 146:Generated_Source\PSoC4/SPIM_PM.c **** }
 143              		.loc 1 146 0
 144              		@ sp needed
 145 002c 10BD     		pop	{r4, pc}
 146              	.L9:
 147 002e C046     		.align	2
 148              	.L8:
 149 0030 00000000 		.word	SPIM_rxBufferFull
 150 0034 00000000 		.word	SPIM_rxBufferRead
 151 0038 00000000 		.word	SPIM_rxBufferWrite
 152 003c 00000000 		.word	SPIM_txBufferFull
 153 0040 00000000 		.word	SPIM_txBufferRead
 154 0044 00000000 		.word	SPIM_txBufferWrite
 155 0048 00000000 		.word	.LANCHOR0
 156              		.cfi_endproc
 157              	.LFE4:
 158              		.size	SPIM_Wakeup, .-SPIM_Wakeup
 159              		.data
 160              		.align	2
 161              		.set	.LANCHOR0,. + 0
 162              		.type	SPIM_backup, %object
 163              		.size	SPIM_backup, 2
 164              	SPIM_backup:
 165 0000 00       		.byte	0
 166 0001 0F       		.byte	15
 167              		.text
 168              	.Letext0:
 169              		.file 2 "Generated_Source\\PSoC4\\cytypes.h"
 170              		.file 3 "Generated_Source\\PSoC4\\SPIM.h"
 171              		.file 4 "Generated_Source\\PSoC4\\SPIM_PVT.h"
 172              		.section	.debug_info,"",%progbits
 173              	.Ldebug_info0:
 174 0000 B1010000 		.4byte	0x1b1
 175 0004 0400     		.2byte	0x4
 176 0006 00000000 		.4byte	.Ldebug_abbrev0
 177 000a 04       		.byte	0x4
 178 000b 01       		.uleb128 0x1
 179 000c AF010000 		.4byte	.LASF32
 180 0010 0C       		.byte	0xc
 181 0011 7B010000 		.4byte	.LASF33
 182 0015 F9000000 		.4byte	.LASF34
 183 0019 00000000 		.4byte	.Ldebug_ranges0+0
 184 001d 00000000 		.4byte	0
 185 0021 00000000 		.4byte	.Ldebug_line0
 186 0025 02       		.uleb128 0x2
 187 0026 01       		.byte	0x1
 188 0027 06       		.byte	0x6
 189 0028 A4020000 		.4byte	.LASF0
 190 002c 02       		.uleb128 0x2
 191 002d 01       		.byte	0x1
 192 002e 08       		.byte	0x8
 193 002f 98000000 		.4byte	.LASF1
 194 0033 02       		.uleb128 0x2
 195 0034 02       		.byte	0x2
 196 0035 05       		.byte	0x5
ARM GAS  C:\Users\corne\AppData\Local\Temp\cchloB95.s 			page 7


 197 0036 6D020000 		.4byte	.LASF2
 198 003a 02       		.uleb128 0x2
 199 003b 02       		.byte	0x2
 200 003c 07       		.byte	0x7
 201 003d 29000000 		.4byte	.LASF3
 202 0041 02       		.uleb128 0x2
 203 0042 04       		.byte	0x4
 204 0043 05       		.byte	0x5
 205 0044 83020000 		.4byte	.LASF4
 206 0048 02       		.uleb128 0x2
 207 0049 04       		.byte	0x4
 208 004a 07       		.byte	0x7
 209 004b B8000000 		.4byte	.LASF5
 210 004f 02       		.uleb128 0x2
 211 0050 08       		.byte	0x8
 212 0051 05       		.byte	0x5
 213 0052 4B020000 		.4byte	.LASF6
 214 0056 02       		.uleb128 0x2
 215 0057 08       		.byte	0x8
 216 0058 07       		.byte	0x7
 217 0059 64010000 		.4byte	.LASF7
 218 005d 03       		.uleb128 0x3
 219 005e 04       		.byte	0x4
 220 005f 05       		.byte	0x5
 221 0060 696E7400 		.ascii	"int\000"
 222 0064 02       		.uleb128 0x2
 223 0065 04       		.byte	0x4
 224 0066 07       		.byte	0x7
 225 0067 4F000000 		.4byte	.LASF8
 226 006b 04       		.uleb128 0x4
 227 006c CA000000 		.4byte	.LASF12
 228 0070 02       		.byte	0x2
 229 0071 B901     		.2byte	0x1b9
 230 0073 2C000000 		.4byte	0x2c
 231 0077 02       		.uleb128 0x2
 232 0078 04       		.byte	0x4
 233 0079 04       		.byte	0x4
 234 007a 80000000 		.4byte	.LASF9
 235 007e 02       		.uleb128 0x2
 236 007f 08       		.byte	0x8
 237 0080 04       		.byte	0x4
 238 0081 DB000000 		.4byte	.LASF10
 239 0085 02       		.uleb128 0x2
 240 0086 01       		.byte	0x1
 241 0087 08       		.byte	0x8
 242 0088 59020000 		.4byte	.LASF11
 243 008c 04       		.uleb128 0x4
 244 008d 3D020000 		.4byte	.LASF13
 245 0091 02       		.byte	0x2
 246 0092 6302     		.2byte	0x263
 247 0094 98000000 		.4byte	0x98
 248 0098 05       		.uleb128 0x5
 249 0099 6B000000 		.4byte	0x6b
 250 009d 02       		.uleb128 0x2
 251 009e 08       		.byte	0x8
 252 009f 04       		.byte	0x4
 253 00a0 98020000 		.4byte	.LASF14
ARM GAS  C:\Users\corne\AppData\Local\Temp\cchloB95.s 			page 8


 254 00a4 02       		.uleb128 0x2
 255 00a5 04       		.byte	0x4
 256 00a6 07       		.byte	0x7
 257 00a7 42020000 		.4byte	.LASF15
 258 00ab 06       		.uleb128 0x6
 259 00ac 02       		.byte	0x2
 260 00ad 03       		.byte	0x3
 261 00ae 40       		.byte	0x40
 262 00af CC000000 		.4byte	0xcc
 263 00b3 07       		.uleb128 0x7
 264 00b4 ED000000 		.4byte	.LASF16
 265 00b8 03       		.byte	0x3
 266 00b9 42       		.byte	0x42
 267 00ba 6B000000 		.4byte	0x6b
 268 00be 00       		.byte	0
 269 00bf 07       		.uleb128 0x7
 270 00c0 E2000000 		.4byte	.LASF17
 271 00c4 03       		.byte	0x3
 272 00c5 43       		.byte	0x43
 273 00c6 6B000000 		.4byte	0x6b
 274 00ca 01       		.byte	0x1
 275 00cb 00       		.byte	0
 276 00cc 08       		.uleb128 0x8
 277 00cd 3C000000 		.4byte	.LASF18
 278 00d1 03       		.byte	0x3
 279 00d2 44       		.byte	0x44
 280 00d3 AB000000 		.4byte	0xab
 281 00d7 09       		.uleb128 0x9
 282 00d8 B0020000 		.4byte	.LASF19
 283 00dc 01       		.byte	0x1
 284 00dd 29       		.byte	0x29
 285 00de 00000000 		.4byte	.LFB1
 286 00e2 02000000 		.4byte	.LFE1-.LFB1
 287 00e6 01       		.uleb128 0x1
 288 00e7 9C       		.byte	0x9c
 289 00e8 09       		.uleb128 0x9
 290 00e9 16000000 		.4byte	.LASF20
 291 00ed 01       		.byte	0x1
 292 00ee 3D       		.byte	0x3d
 293 00ef 00000000 		.4byte	.LFB2
 294 00f3 02000000 		.4byte	.LFE2-.LFB2
 295 00f7 01       		.uleb128 0x1
 296 00f8 9C       		.byte	0x9c
 297 00f9 0A       		.uleb128 0xa
 298 00fa D0000000 		.4byte	.LASF21
 299 00fe 01       		.byte	0x1
 300 00ff 57       		.byte	0x57
 301 0100 00000000 		.4byte	.LFB3
 302 0104 20000000 		.4byte	.LFE3-.LFB3
 303 0108 01       		.uleb128 0x1
 304 0109 9C       		.byte	0x9c
 305 010a 18010000 		.4byte	0x118
 306 010e 0B       		.uleb128 0xb
 307 010f 14000000 		.4byte	.LVL0
 308 0113 93010000 		.4byte	0x193
 309 0117 00       		.byte	0
 310 0118 0A       		.uleb128 0xa
ARM GAS  C:\Users\corne\AppData\Local\Temp\cchloB95.s 			page 9


 311 0119 77020000 		.4byte	.LASF22
 312 011d 01       		.byte	0x1
 313 011e 7C       		.byte	0x7c
 314 011f 00000000 		.4byte	.LFB4
 315 0123 4C000000 		.4byte	.LFE4-.LFB4
 316 0127 01       		.uleb128 0x1
 317 0128 9C       		.byte	0x9c
 318 0129 40010000 		.4byte	0x140
 319 012d 0B       		.uleb128 0xb
 320 012e 20000000 		.4byte	.LVL1
 321 0132 9E010000 		.4byte	0x19e
 322 0136 0B       		.uleb128 0xb
 323 0137 2C000000 		.4byte	.LVL2
 324 013b A9010000 		.4byte	0x1a9
 325 013f 00       		.byte	0
 326 0140 0C       		.uleb128 0xc
 327 0141 00000000 		.4byte	.LASF35
 328 0145 01       		.byte	0x1
 329 0146 14       		.byte	0x14
 330 0147 CC000000 		.4byte	0xcc
 331 014b 05       		.uleb128 0x5
 332 014c 03       		.byte	0x3
 333 014d 00000000 		.4byte	SPIM_backup
 334 0151 0D       		.uleb128 0xd
 335 0152 A6000000 		.4byte	.LASF23
 336 0156 04       		.byte	0x4
 337 0157 26       		.byte	0x26
 338 0158 98000000 		.4byte	0x98
 339 015c 0D       		.uleb128 0xd
 340 015d C0020000 		.4byte	.LASF24
 341 0161 04       		.byte	0x4
 342 0162 27       		.byte	0x27
 343 0163 98000000 		.4byte	0x98
 344 0167 0D       		.uleb128 0xd
 345 0168 5C000000 		.4byte	.LASF25
 346 016c 04       		.byte	0x4
 347 016d 28       		.byte	0x28
 348 016e 98000000 		.4byte	0x98
 349 0172 0D       		.uleb128 0xd
 350 0173 86000000 		.4byte	.LASF26
 351 0177 04       		.byte	0x4
 352 0178 2D       		.byte	0x2d
 353 0179 98000000 		.4byte	0x98
 354 017d 0D       		.uleb128 0xd
 355 017e 9C010000 		.4byte	.LASF27
 356 0182 04       		.byte	0x4
 357 0183 2E       		.byte	0x2e
 358 0184 98000000 		.4byte	0x98
 359 0188 0D       		.uleb128 0xd
 360 0189 6E000000 		.4byte	.LASF28
 361 018d 04       		.byte	0x4
 362 018e 2F       		.byte	0x2f
 363 018f 98000000 		.4byte	0x98
 364 0193 0E       		.uleb128 0xe
 365 0194 0C000000 		.4byte	.LASF29
 366 0198 0C000000 		.4byte	.LASF29
 367 019c 03       		.byte	0x3
ARM GAS  C:\Users\corne\AppData\Local\Temp\cchloB95.s 			page 10


 368 019d 4E       		.byte	0x4e
 369 019e 0E       		.uleb128 0xe
 370 019f 5E020000 		.4byte	.LASF30
 371 01a3 5E020000 		.4byte	.LASF30
 372 01a7 03       		.byte	0x3
 373 01a8 66       		.byte	0x66
 374 01a9 0E       		.uleb128 0xe
 375 01aa 8C020000 		.4byte	.LASF31
 376 01ae 8C020000 		.4byte	.LASF31
 377 01b2 03       		.byte	0x3
 378 01b3 4C       		.byte	0x4c
 379 01b4 00       		.byte	0
 380              		.section	.debug_abbrev,"",%progbits
 381              	.Ldebug_abbrev0:
 382 0000 01       		.uleb128 0x1
 383 0001 11       		.uleb128 0x11
 384 0002 01       		.byte	0x1
 385 0003 25       		.uleb128 0x25
 386 0004 0E       		.uleb128 0xe
 387 0005 13       		.uleb128 0x13
 388 0006 0B       		.uleb128 0xb
 389 0007 03       		.uleb128 0x3
 390 0008 0E       		.uleb128 0xe
 391 0009 1B       		.uleb128 0x1b
 392 000a 0E       		.uleb128 0xe
 393 000b 55       		.uleb128 0x55
 394 000c 17       		.uleb128 0x17
 395 000d 11       		.uleb128 0x11
 396 000e 01       		.uleb128 0x1
 397 000f 10       		.uleb128 0x10
 398 0010 17       		.uleb128 0x17
 399 0011 00       		.byte	0
 400 0012 00       		.byte	0
 401 0013 02       		.uleb128 0x2
 402 0014 24       		.uleb128 0x24
 403 0015 00       		.byte	0
 404 0016 0B       		.uleb128 0xb
 405 0017 0B       		.uleb128 0xb
 406 0018 3E       		.uleb128 0x3e
 407 0019 0B       		.uleb128 0xb
 408 001a 03       		.uleb128 0x3
 409 001b 0E       		.uleb128 0xe
 410 001c 00       		.byte	0
 411 001d 00       		.byte	0
 412 001e 03       		.uleb128 0x3
 413 001f 24       		.uleb128 0x24
 414 0020 00       		.byte	0
 415 0021 0B       		.uleb128 0xb
 416 0022 0B       		.uleb128 0xb
 417 0023 3E       		.uleb128 0x3e
 418 0024 0B       		.uleb128 0xb
 419 0025 03       		.uleb128 0x3
 420 0026 08       		.uleb128 0x8
 421 0027 00       		.byte	0
 422 0028 00       		.byte	0
 423 0029 04       		.uleb128 0x4
 424 002a 16       		.uleb128 0x16
ARM GAS  C:\Users\corne\AppData\Local\Temp\cchloB95.s 			page 11


 425 002b 00       		.byte	0
 426 002c 03       		.uleb128 0x3
 427 002d 0E       		.uleb128 0xe
 428 002e 3A       		.uleb128 0x3a
 429 002f 0B       		.uleb128 0xb
 430 0030 3B       		.uleb128 0x3b
 431 0031 05       		.uleb128 0x5
 432 0032 49       		.uleb128 0x49
 433 0033 13       		.uleb128 0x13
 434 0034 00       		.byte	0
 435 0035 00       		.byte	0
 436 0036 05       		.uleb128 0x5
 437 0037 35       		.uleb128 0x35
 438 0038 00       		.byte	0
 439 0039 49       		.uleb128 0x49
 440 003a 13       		.uleb128 0x13
 441 003b 00       		.byte	0
 442 003c 00       		.byte	0
 443 003d 06       		.uleb128 0x6
 444 003e 13       		.uleb128 0x13
 445 003f 01       		.byte	0x1
 446 0040 0B       		.uleb128 0xb
 447 0041 0B       		.uleb128 0xb
 448 0042 3A       		.uleb128 0x3a
 449 0043 0B       		.uleb128 0xb
 450 0044 3B       		.uleb128 0x3b
 451 0045 0B       		.uleb128 0xb
 452 0046 01       		.uleb128 0x1
 453 0047 13       		.uleb128 0x13
 454 0048 00       		.byte	0
 455 0049 00       		.byte	0
 456 004a 07       		.uleb128 0x7
 457 004b 0D       		.uleb128 0xd
 458 004c 00       		.byte	0
 459 004d 03       		.uleb128 0x3
 460 004e 0E       		.uleb128 0xe
 461 004f 3A       		.uleb128 0x3a
 462 0050 0B       		.uleb128 0xb
 463 0051 3B       		.uleb128 0x3b
 464 0052 0B       		.uleb128 0xb
 465 0053 49       		.uleb128 0x49
 466 0054 13       		.uleb128 0x13
 467 0055 38       		.uleb128 0x38
 468 0056 0B       		.uleb128 0xb
 469 0057 00       		.byte	0
 470 0058 00       		.byte	0
 471 0059 08       		.uleb128 0x8
 472 005a 16       		.uleb128 0x16
 473 005b 00       		.byte	0
 474 005c 03       		.uleb128 0x3
 475 005d 0E       		.uleb128 0xe
 476 005e 3A       		.uleb128 0x3a
 477 005f 0B       		.uleb128 0xb
 478 0060 3B       		.uleb128 0x3b
 479 0061 0B       		.uleb128 0xb
 480 0062 49       		.uleb128 0x49
 481 0063 13       		.uleb128 0x13
ARM GAS  C:\Users\corne\AppData\Local\Temp\cchloB95.s 			page 12


 482 0064 00       		.byte	0
 483 0065 00       		.byte	0
 484 0066 09       		.uleb128 0x9
 485 0067 2E       		.uleb128 0x2e
 486 0068 00       		.byte	0
 487 0069 3F       		.uleb128 0x3f
 488 006a 19       		.uleb128 0x19
 489 006b 03       		.uleb128 0x3
 490 006c 0E       		.uleb128 0xe
 491 006d 3A       		.uleb128 0x3a
 492 006e 0B       		.uleb128 0xb
 493 006f 3B       		.uleb128 0x3b
 494 0070 0B       		.uleb128 0xb
 495 0071 27       		.uleb128 0x27
 496 0072 19       		.uleb128 0x19
 497 0073 11       		.uleb128 0x11
 498 0074 01       		.uleb128 0x1
 499 0075 12       		.uleb128 0x12
 500 0076 06       		.uleb128 0x6
 501 0077 40       		.uleb128 0x40
 502 0078 18       		.uleb128 0x18
 503 0079 9742     		.uleb128 0x2117
 504 007b 19       		.uleb128 0x19
 505 007c 00       		.byte	0
 506 007d 00       		.byte	0
 507 007e 0A       		.uleb128 0xa
 508 007f 2E       		.uleb128 0x2e
 509 0080 01       		.byte	0x1
 510 0081 3F       		.uleb128 0x3f
 511 0082 19       		.uleb128 0x19
 512 0083 03       		.uleb128 0x3
 513 0084 0E       		.uleb128 0xe
 514 0085 3A       		.uleb128 0x3a
 515 0086 0B       		.uleb128 0xb
 516 0087 3B       		.uleb128 0x3b
 517 0088 0B       		.uleb128 0xb
 518 0089 27       		.uleb128 0x27
 519 008a 19       		.uleb128 0x19
 520 008b 11       		.uleb128 0x11
 521 008c 01       		.uleb128 0x1
 522 008d 12       		.uleb128 0x12
 523 008e 06       		.uleb128 0x6
 524 008f 40       		.uleb128 0x40
 525 0090 18       		.uleb128 0x18
 526 0091 9742     		.uleb128 0x2117
 527 0093 19       		.uleb128 0x19
 528 0094 01       		.uleb128 0x1
 529 0095 13       		.uleb128 0x13
 530 0096 00       		.byte	0
 531 0097 00       		.byte	0
 532 0098 0B       		.uleb128 0xb
 533 0099 898201   		.uleb128 0x4109
 534 009c 00       		.byte	0
 535 009d 11       		.uleb128 0x11
 536 009e 01       		.uleb128 0x1
 537 009f 31       		.uleb128 0x31
 538 00a0 13       		.uleb128 0x13
ARM GAS  C:\Users\corne\AppData\Local\Temp\cchloB95.s 			page 13


 539 00a1 00       		.byte	0
 540 00a2 00       		.byte	0
 541 00a3 0C       		.uleb128 0xc
 542 00a4 34       		.uleb128 0x34
 543 00a5 00       		.byte	0
 544 00a6 03       		.uleb128 0x3
 545 00a7 0E       		.uleb128 0xe
 546 00a8 3A       		.uleb128 0x3a
 547 00a9 0B       		.uleb128 0xb
 548 00aa 3B       		.uleb128 0x3b
 549 00ab 0B       		.uleb128 0xb
 550 00ac 49       		.uleb128 0x49
 551 00ad 13       		.uleb128 0x13
 552 00ae 02       		.uleb128 0x2
 553 00af 18       		.uleb128 0x18
 554 00b0 00       		.byte	0
 555 00b1 00       		.byte	0
 556 00b2 0D       		.uleb128 0xd
 557 00b3 34       		.uleb128 0x34
 558 00b4 00       		.byte	0
 559 00b5 03       		.uleb128 0x3
 560 00b6 0E       		.uleb128 0xe
 561 00b7 3A       		.uleb128 0x3a
 562 00b8 0B       		.uleb128 0xb
 563 00b9 3B       		.uleb128 0x3b
 564 00ba 0B       		.uleb128 0xb
 565 00bb 49       		.uleb128 0x49
 566 00bc 13       		.uleb128 0x13
 567 00bd 3F       		.uleb128 0x3f
 568 00be 19       		.uleb128 0x19
 569 00bf 3C       		.uleb128 0x3c
 570 00c0 19       		.uleb128 0x19
 571 00c1 00       		.byte	0
 572 00c2 00       		.byte	0
 573 00c3 0E       		.uleb128 0xe
 574 00c4 2E       		.uleb128 0x2e
 575 00c5 00       		.byte	0
 576 00c6 3F       		.uleb128 0x3f
 577 00c7 19       		.uleb128 0x19
 578 00c8 3C       		.uleb128 0x3c
 579 00c9 19       		.uleb128 0x19
 580 00ca 6E       		.uleb128 0x6e
 581 00cb 0E       		.uleb128 0xe
 582 00cc 03       		.uleb128 0x3
 583 00cd 0E       		.uleb128 0xe
 584 00ce 3A       		.uleb128 0x3a
 585 00cf 0B       		.uleb128 0xb
 586 00d0 3B       		.uleb128 0x3b
 587 00d1 0B       		.uleb128 0xb
 588 00d2 00       		.byte	0
 589 00d3 00       		.byte	0
 590 00d4 00       		.byte	0
 591              		.section	.debug_aranges,"",%progbits
 592 0000 34000000 		.4byte	0x34
 593 0004 0200     		.2byte	0x2
 594 0006 00000000 		.4byte	.Ldebug_info0
 595 000a 04       		.byte	0x4
ARM GAS  C:\Users\corne\AppData\Local\Temp\cchloB95.s 			page 14


 596 000b 00       		.byte	0
 597 000c 0000     		.2byte	0
 598 000e 0000     		.2byte	0
 599 0010 00000000 		.4byte	.LFB1
 600 0014 02000000 		.4byte	.LFE1-.LFB1
 601 0018 00000000 		.4byte	.LFB2
 602 001c 02000000 		.4byte	.LFE2-.LFB2
 603 0020 00000000 		.4byte	.LFB3
 604 0024 20000000 		.4byte	.LFE3-.LFB3
 605 0028 00000000 		.4byte	.LFB4
 606 002c 4C000000 		.4byte	.LFE4-.LFB4
 607 0030 00000000 		.4byte	0
 608 0034 00000000 		.4byte	0
 609              		.section	.debug_ranges,"",%progbits
 610              	.Ldebug_ranges0:
 611 0000 00000000 		.4byte	.LFB1
 612 0004 02000000 		.4byte	.LFE1
 613 0008 00000000 		.4byte	.LFB2
 614 000c 02000000 		.4byte	.LFE2
 615 0010 00000000 		.4byte	.LFB3
 616 0014 20000000 		.4byte	.LFE3
 617 0018 00000000 		.4byte	.LFB4
 618 001c 4C000000 		.4byte	.LFE4
 619 0020 00000000 		.4byte	0
 620 0024 00000000 		.4byte	0
 621              		.section	.debug_line,"",%progbits
 622              	.Ldebug_line0:
 623 0000 AF000000 		.section	.debug_str,"MS",%progbits,1
 623      02005C00 
 623      00000201 
 623      FB0E0D00 
 623      01010101 
 624              	.LASF35:
 625 0000 5350494D 		.ascii	"SPIM_backup\000"
 625      5F626163 
 625      6B757000 
 626              	.LASF29:
 627 000c 5350494D 		.ascii	"SPIM_Stop\000"
 627      5F53746F 
 627      7000
 628              	.LASF20:
 629 0016 5350494D 		.ascii	"SPIM_RestoreConfig\000"
 629      5F526573 
 629      746F7265 
 629      436F6E66 
 629      696700
 630              	.LASF3:
 631 0029 73686F72 		.ascii	"short unsigned int\000"
 631      7420756E 
 631      7369676E 
 631      65642069 
 631      6E7400
 632              	.LASF18:
 633 003c 5350494D 		.ascii	"SPIM_BACKUP_STRUCT\000"
 633      5F424143 
 633      4B55505F 
 633      53545255 
ARM GAS  C:\Users\corne\AppData\Local\Temp\cchloB95.s 			page 15


 633      435400
 634              	.LASF8:
 635 004f 756E7369 		.ascii	"unsigned int\000"
 635      676E6564 
 635      20696E74 
 635      00
 636              	.LASF25:
 637 005c 5350494D 		.ascii	"SPIM_txBufferFull\000"
 637      5F747842 
 637      75666665 
 637      7246756C 
 637      6C00
 638              	.LASF28:
 639 006e 5350494D 		.ascii	"SPIM_rxBufferFull\000"
 639      5F727842 
 639      75666665 
 639      7246756C 
 639      6C00
 640              	.LASF9:
 641 0080 666C6F61 		.ascii	"float\000"
 641      7400
 642              	.LASF26:
 643 0086 5350494D 		.ascii	"SPIM_rxBufferRead\000"
 643      5F727842 
 643      75666665 
 643      72526561 
 643      6400
 644              	.LASF1:
 645 0098 756E7369 		.ascii	"unsigned char\000"
 645      676E6564 
 645      20636861 
 645      7200
 646              	.LASF23:
 647 00a6 5350494D 		.ascii	"SPIM_txBufferRead\000"
 647      5F747842 
 647      75666665 
 647      72526561 
 647      6400
 648              	.LASF5:
 649 00b8 6C6F6E67 		.ascii	"long unsigned int\000"
 649      20756E73 
 649      69676E65 
 649      6420696E 
 649      7400
 650              	.LASF12:
 651 00ca 75696E74 		.ascii	"uint8\000"
 651      3800
 652              	.LASF21:
 653 00d0 5350494D 		.ascii	"SPIM_Sleep\000"
 653      5F536C65 
 653      657000
 654              	.LASF10:
 655 00db 646F7562 		.ascii	"double\000"
 655      6C6500
 656              	.LASF17:
 657 00e2 636E7472 		.ascii	"cntrPeriod\000"
 657      50657269 
ARM GAS  C:\Users\corne\AppData\Local\Temp\cchloB95.s 			page 16


 657      6F6400
 658              	.LASF16:
 659 00ed 656E6162 		.ascii	"enableState\000"
 659      6C655374 
 659      61746500 
 660              	.LASF34:
 661 00f9 433A5C55 		.ascii	"C:\\Users\\corne\\Dropbox\\prive\\projects\\Wireles"
 661      73657273 
 661      5C636F72 
 661      6E655C44 
 661      726F7062 
 662 0126 735F7365 		.ascii	"s_sensornode\\Software\\Wireless_sensornode\\Firmwa"
 662      6E736F72 
 662      6E6F6465 
 662      5C536F66 
 662      74776172 
 663 0156 72655F56 		.ascii	"re_V0.1.cydsn\000"
 663      302E312E 
 663      63796473 
 663      6E00
 664              	.LASF7:
 665 0164 6C6F6E67 		.ascii	"long long unsigned int\000"
 665      206C6F6E 
 665      6720756E 
 665      7369676E 
 665      65642069 
 666              	.LASF33:
 667 017b 47656E65 		.ascii	"Generated_Source\\PSoC4\\SPIM_PM.c\000"
 667      72617465 
 667      645F536F 
 667      75726365 
 667      5C50536F 
 668              	.LASF27:
 669 019c 5350494D 		.ascii	"SPIM_rxBufferWrite\000"
 669      5F727842 
 669      75666665 
 669      72577269 
 669      746500
 670              	.LASF32:
 671 01af 474E5520 		.ascii	"GNU C11 5.4.1 20160609 (release) [ARM/embedded-5-br"
 671      43313120 
 671      352E342E 
 671      31203230 
 671      31363036 
 672 01e2 616E6368 		.ascii	"anch revision 237715] -mcpu=cortex-m0 -mthumb -g -O"
 672      20726576 
 672      6973696F 
 672      6E203233 
 672      37373135 
 673 0215 67202D66 		.ascii	"g -ffunction-sections -ffat-lto-objects\000"
 673      66756E63 
 673      74696F6E 
 673      2D736563 
 673      74696F6E 
 674              	.LASF13:
 675 023d 72656738 		.ascii	"reg8\000"
 675      00
ARM GAS  C:\Users\corne\AppData\Local\Temp\cchloB95.s 			page 17


 676              	.LASF15:
 677 0242 73697A65 		.ascii	"sizetype\000"
 677      74797065 
 677      00
 678              	.LASF6:
 679 024b 6C6F6E67 		.ascii	"long long int\000"
 679      206C6F6E 
 679      6720696E 
 679      7400
 680              	.LASF11:
 681 0259 63686172 		.ascii	"char\000"
 681      00
 682              	.LASF30:
 683 025e 5350494D 		.ascii	"SPIM_ClearFIFO\000"
 683      5F436C65 
 683      61724649 
 683      464F00
 684              	.LASF2:
 685 026d 73686F72 		.ascii	"short int\000"
 685      7420696E 
 685      7400
 686              	.LASF22:
 687 0277 5350494D 		.ascii	"SPIM_Wakeup\000"
 687      5F57616B 
 687      65757000 
 688              	.LASF4:
 689 0283 6C6F6E67 		.ascii	"long int\000"
 689      20696E74 
 689      00
 690              	.LASF31:
 691 028c 5350494D 		.ascii	"SPIM_Enable\000"
 691      5F456E61 
 691      626C6500 
 692              	.LASF14:
 693 0298 6C6F6E67 		.ascii	"long double\000"
 693      20646F75 
 693      626C6500 
 694              	.LASF0:
 695 02a4 7369676E 		.ascii	"signed char\000"
 695      65642063 
 695      68617200 
 696              	.LASF19:
 697 02b0 5350494D 		.ascii	"SPIM_SaveConfig\000"
 697      5F536176 
 697      65436F6E 
 697      66696700 
 698              	.LASF24:
 699 02c0 5350494D 		.ascii	"SPIM_txBufferWrite\000"
 699      5F747842 
 699      75666665 
 699      72577269 
 699      746500
 700              		.ident	"GCC: (GNU Tools for ARM Embedded Processors) 5.4.1 20160609 (release) [ARM/embedded-5-bran
