ARM GAS  C:\Users\corne\AppData\Local\Temp\ccEeBFWg.s 			page 1


   1              		.syntax unified
   2              		.cpu cortex-m0
   3              		.fpu softvfp
   4              		.eabi_attribute 20, 1
   5              		.eabi_attribute 21, 1
   6              		.eabi_attribute 23, 3
   7              		.eabi_attribute 24, 1
   8              		.eabi_attribute 25, 1
   9              		.eabi_attribute 26, 1
  10              		.eabi_attribute 30, 1
  11              		.eabi_attribute 34, 0
  12              		.eabi_attribute 18, 4
  13              		.thumb
  14              		.syntax unified
  15              		.file	"USBUART_cls.c"
  16              		.text
  17              	.Ltext0:
  18              		.cfi_sections	.debug_frame
  19              		.section	.text.USBUART_DispatchClassRqst,"ax",%progbits
  20              		.align	2
  21              		.global	USBUART_DispatchClassRqst
  22              		.code	16
  23              		.thumb_func
  24              		.type	USBUART_DispatchClassRqst, %function
  25              	USBUART_DispatchClassRqst:
  26              	.LFB1:
  27              		.file 1 "Generated_Source\\PSoC4\\USBUART_cls.c"
   1:Generated_Source\PSoC4/USBUART_cls.c **** /***************************************************************************//**
   2:Generated_Source\PSoC4/USBUART_cls.c **** * \file USBUART_cls.c
   3:Generated_Source\PSoC4/USBUART_cls.c **** * \version 3.10
   4:Generated_Source\PSoC4/USBUART_cls.c **** *
   5:Generated_Source\PSoC4/USBUART_cls.c **** * \brief
   6:Generated_Source\PSoC4/USBUART_cls.c **** *  This file contains the USB Class request handler.
   7:Generated_Source\PSoC4/USBUART_cls.c **** *
   8:Generated_Source\PSoC4/USBUART_cls.c **** ********************************************************************************
   9:Generated_Source\PSoC4/USBUART_cls.c **** * \copyright
  10:Generated_Source\PSoC4/USBUART_cls.c **** * Copyright 2008-2016, Cypress Semiconductor Corporation.  All rights reserved.
  11:Generated_Source\PSoC4/USBUART_cls.c **** * You may use this file only in accordance with the license, terms, conditions,
  12:Generated_Source\PSoC4/USBUART_cls.c **** * disclaimers, and limitations in the end user license agreement accompanying
  13:Generated_Source\PSoC4/USBUART_cls.c **** * the software package with which this file was provided.
  14:Generated_Source\PSoC4/USBUART_cls.c **** *******************************************************************************/
  15:Generated_Source\PSoC4/USBUART_cls.c **** 
  16:Generated_Source\PSoC4/USBUART_cls.c **** #include "USBUART_pvt.h"
  17:Generated_Source\PSoC4/USBUART_cls.c **** #include "cyapicallbacks.h"
  18:Generated_Source\PSoC4/USBUART_cls.c **** 
  19:Generated_Source\PSoC4/USBUART_cls.c **** #if(USBUART_EXTERN_CLS == USBUART_FALSE)
  20:Generated_Source\PSoC4/USBUART_cls.c **** 
  21:Generated_Source\PSoC4/USBUART_cls.c **** /***************************************
  22:Generated_Source\PSoC4/USBUART_cls.c **** * User Implemented Class Driver Declarations.
  23:Generated_Source\PSoC4/USBUART_cls.c **** ***************************************/
  24:Generated_Source\PSoC4/USBUART_cls.c **** /* `#START USER_DEFINED_CLASS_DECLARATIONS` Place your declaration here */
  25:Generated_Source\PSoC4/USBUART_cls.c **** 
  26:Generated_Source\PSoC4/USBUART_cls.c **** /* `#END` */
  27:Generated_Source\PSoC4/USBUART_cls.c **** 
  28:Generated_Source\PSoC4/USBUART_cls.c **** 
  29:Generated_Source\PSoC4/USBUART_cls.c **** /*******************************************************************************
  30:Generated_Source\PSoC4/USBUART_cls.c **** * Function Name: USBUART_DispatchClassRqst
ARM GAS  C:\Users\corne\AppData\Local\Temp\ccEeBFWg.s 			page 2


  31:Generated_Source\PSoC4/USBUART_cls.c **** ****************************************************************************//**
  32:Generated_Source\PSoC4/USBUART_cls.c **** *  This routine dispatches class specific requests depend on interface class.
  33:Generated_Source\PSoC4/USBUART_cls.c **** *
  34:Generated_Source\PSoC4/USBUART_cls.c **** * \return
  35:Generated_Source\PSoC4/USBUART_cls.c **** *  requestHandled.
  36:Generated_Source\PSoC4/USBUART_cls.c **** *
  37:Generated_Source\PSoC4/USBUART_cls.c **** * \reentrant
  38:Generated_Source\PSoC4/USBUART_cls.c **** *  No.
  39:Generated_Source\PSoC4/USBUART_cls.c **** *
  40:Generated_Source\PSoC4/USBUART_cls.c **** *******************************************************************************/
  41:Generated_Source\PSoC4/USBUART_cls.c **** uint8 USBUART_DispatchClassRqst(void) 
  42:Generated_Source\PSoC4/USBUART_cls.c **** {
  28              		.loc 1 42 0
  29              		.cfi_startproc
  30              		@ args = 0, pretend = 0, frame = 0
  31              		@ frame_needed = 0, uses_anonymous_args = 0
  32 0000 10B5     		push	{r4, lr}
  33              		.cfi_def_cfa_offset 8
  34              		.cfi_offset 4, -8
  35              		.cfi_offset 14, -4
  43:Generated_Source\PSoC4/USBUART_cls.c ****     uint8 requestHandled;
  44:Generated_Source\PSoC4/USBUART_cls.c ****     uint8 interfaceNumber;
  45:Generated_Source\PSoC4/USBUART_cls.c **** 
  46:Generated_Source\PSoC4/USBUART_cls.c ****     /* Get interface to which request is intended. */
  47:Generated_Source\PSoC4/USBUART_cls.c ****     switch (USBUART_bmRequestTypeReg & USBUART_RQST_RCPT_MASK)
  36              		.loc 1 47 0
  37 0002 124B     		ldr	r3, .L11
  38 0004 1B68     		ldr	r3, [r3]
  39 0006 0322     		movs	r2, #3
  40 0008 1340     		ands	r3, r2
  41 000a 012B     		cmp	r3, #1
  42 000c 02D0     		beq	.L3
  43 000e 022B     		cmp	r3, #2
  44 0010 04D0     		beq	.L4
  45 0012 0FE0     		b	.L9
  46              	.L3:
  48:Generated_Source\PSoC4/USBUART_cls.c ****     {
  49:Generated_Source\PSoC4/USBUART_cls.c ****         case USBUART_RQST_RCPT_IFC:
  50:Generated_Source\PSoC4/USBUART_cls.c ****             /* Class-specific request directed to interface: wIndexLoReg 
  51:Generated_Source\PSoC4/USBUART_cls.c ****             * contains interface number.
  52:Generated_Source\PSoC4/USBUART_cls.c ****             */
  53:Generated_Source\PSoC4/USBUART_cls.c ****             interfaceNumber = (uint8) USBUART_wIndexLoReg;
  47              		.loc 1 53 0
  48 0014 0D4B     		ldr	r3, .L11
  49 0016 1B69     		ldr	r3, [r3, #16]
  50 0018 DBB2     		uxtb	r3, r3
  51              	.LVL0:
  54:Generated_Source\PSoC4/USBUART_cls.c ****             break;
  52              		.loc 1 54 0
  53 001a 0CE0     		b	.L2
  54              	.LVL1:
  55              	.L4:
  55:Generated_Source\PSoC4/USBUART_cls.c ****         
  56:Generated_Source\PSoC4/USBUART_cls.c ****         case USBUART_RQST_RCPT_EP:
  57:Generated_Source\PSoC4/USBUART_cls.c ****             /* Class-specific request directed to endpoint: wIndexLoReg contains 
  58:Generated_Source\PSoC4/USBUART_cls.c ****             * endpoint number. Find interface related to endpoint, 
  59:Generated_Source\PSoC4/USBUART_cls.c ****             */
ARM GAS  C:\Users\corne\AppData\Local\Temp\ccEeBFWg.s 			page 3


  60:Generated_Source\PSoC4/USBUART_cls.c ****             interfaceNumber = USBUART_EP[USBUART_wIndexLoReg & USBUART_DIR_UNUSED].interface;
  56              		.loc 1 60 0
  57 001c 0B4B     		ldr	r3, .L11
  58 001e 1B69     		ldr	r3, [r3, #16]
  59 0020 7F22     		movs	r2, #127
  60 0022 1340     		ands	r3, r2
  61 0024 5A00     		lsls	r2, r3, #1
  62 0026 D318     		adds	r3, r2, r3
  63 0028 9A00     		lsls	r2, r3, #2
  64 002a 094B     		ldr	r3, .L11+4
  65 002c 9A18     		adds	r2, r3, r2
  66 002e 937A     		ldrb	r3, [r2, #10]
  67 0030 DBB2     		uxtb	r3, r3
  68              	.LVL2:
  61:Generated_Source\PSoC4/USBUART_cls.c ****             break;
  69              		.loc 1 61 0
  70 0032 00E0     		b	.L2
  71              	.LVL3:
  72              	.L9:
  62:Generated_Source\PSoC4/USBUART_cls.c ****             
  63:Generated_Source\PSoC4/USBUART_cls.c ****         default:
  64:Generated_Source\PSoC4/USBUART_cls.c ****             /* Default interface is zero. */
  65:Generated_Source\PSoC4/USBUART_cls.c ****             interfaceNumber = 0u;
  73              		.loc 1 65 0
  74 0034 0023     		movs	r3, #0
  75              	.L2:
  76              	.LVL4:
  66:Generated_Source\PSoC4/USBUART_cls.c ****             break;
  67:Generated_Source\PSoC4/USBUART_cls.c ****     }
  68:Generated_Source\PSoC4/USBUART_cls.c **** 
  69:Generated_Source\PSoC4/USBUART_cls.c **** #if (defined(USBUART_ENABLE_HID_CLASS) ||\
  70:Generated_Source\PSoC4/USBUART_cls.c ****             defined(USBUART_ENABLE_AUDIO_CLASS) ||\
  71:Generated_Source\PSoC4/USBUART_cls.c ****             defined(USBUART_ENABLE_CDC_CLASS) ||\
  72:Generated_Source\PSoC4/USBUART_cls.c ****             USBUART_ENABLE_MSC_CLASS)
  73:Generated_Source\PSoC4/USBUART_cls.c **** 
  74:Generated_Source\PSoC4/USBUART_cls.c ****     /* Handle class request depends on interface type. */
  75:Generated_Source\PSoC4/USBUART_cls.c ****     switch (USBUART_interfaceClass[interfaceNumber])
  77              		.loc 1 75 0
  78 0036 074A     		ldr	r2, .L11+8
  79 0038 1268     		ldr	r2, [r2]
  80 003a D35C     		ldrb	r3, [r2, r3]
  81              	.LVL5:
  82 003c 022B     		cmp	r3, #2
  83 003e 02D1     		bne	.L10
  76:Generated_Source\PSoC4/USBUART_cls.c ****     {
  77:Generated_Source\PSoC4/USBUART_cls.c ****     #if defined(USBUART_ENABLE_HID_CLASS)
  78:Generated_Source\PSoC4/USBUART_cls.c ****         case USBUART_CLASS_HID:
  79:Generated_Source\PSoC4/USBUART_cls.c ****             requestHandled = USBUART_DispatchHIDClassRqst();
  80:Generated_Source\PSoC4/USBUART_cls.c ****             break;
  81:Generated_Source\PSoC4/USBUART_cls.c ****     #endif /* (USBUART_ENABLE_HID_CLASS) */
  82:Generated_Source\PSoC4/USBUART_cls.c ****             
  83:Generated_Source\PSoC4/USBUART_cls.c ****     #if defined(USBUART_ENABLE_AUDIO_CLASS)
  84:Generated_Source\PSoC4/USBUART_cls.c ****         case USBUART_CLASS_AUDIO:
  85:Generated_Source\PSoC4/USBUART_cls.c ****             requestHandled = USBUART_DispatchAUDIOClassRqst();
  86:Generated_Source\PSoC4/USBUART_cls.c ****             break;
  87:Generated_Source\PSoC4/USBUART_cls.c ****     #endif /* (USBUART_CLASS_AUDIO) */
  88:Generated_Source\PSoC4/USBUART_cls.c ****             
ARM GAS  C:\Users\corne\AppData\Local\Temp\ccEeBFWg.s 			page 4


  89:Generated_Source\PSoC4/USBUART_cls.c ****     #if defined(USBUART_ENABLE_CDC_CLASS)
  90:Generated_Source\PSoC4/USBUART_cls.c ****         case USBUART_CLASS_CDC:
  91:Generated_Source\PSoC4/USBUART_cls.c ****             requestHandled = USBUART_DispatchCDCClassRqst();
  84              		.loc 1 91 0
  85 0040 FFF7FEFF 		bl	USBUART_DispatchCDCClassRqst
  86              	.LVL6:
  92:Generated_Source\PSoC4/USBUART_cls.c ****             break;
  87              		.loc 1 92 0
  88 0044 00E0     		b	.L5
  89              	.LVL7:
  90              	.L10:
  93:Generated_Source\PSoC4/USBUART_cls.c ****     #endif /* (USBUART_ENABLE_CDC_CLASS) */
  94:Generated_Source\PSoC4/USBUART_cls.c ****         
  95:Generated_Source\PSoC4/USBUART_cls.c ****     #if (USBUART_ENABLE_MSC_CLASS)
  96:Generated_Source\PSoC4/USBUART_cls.c ****         case USBUART_CLASS_MSD:
  97:Generated_Source\PSoC4/USBUART_cls.c ****         #if (USBUART_HANDLE_MSC_REQUESTS)
  98:Generated_Source\PSoC4/USBUART_cls.c ****             /* MSC requests are handled by the component. */
  99:Generated_Source\PSoC4/USBUART_cls.c ****             requestHandled = USBUART_DispatchMSCClassRqst();
 100:Generated_Source\PSoC4/USBUART_cls.c ****         #elif defined(USBUART_DISPATCH_MSC_CLASS_RQST_CALLBACK)
 101:Generated_Source\PSoC4/USBUART_cls.c ****             /* MSC requests are handled by user defined callbcak. */
 102:Generated_Source\PSoC4/USBUART_cls.c ****             requestHandled = USBUART_DispatchMSCClassRqst_Callback();
 103:Generated_Source\PSoC4/USBUART_cls.c ****         #else
 104:Generated_Source\PSoC4/USBUART_cls.c ****             /* MSC requests are not handled. */
 105:Generated_Source\PSoC4/USBUART_cls.c ****             requestHandled = USBUART_FALSE;
 106:Generated_Source\PSoC4/USBUART_cls.c ****         #endif /* (USBUART_HANDLE_MSC_REQUESTS) */
 107:Generated_Source\PSoC4/USBUART_cls.c ****             break;
 108:Generated_Source\PSoC4/USBUART_cls.c ****     #endif /* (USBUART_ENABLE_MSC_CLASS) */
 109:Generated_Source\PSoC4/USBUART_cls.c ****         
 110:Generated_Source\PSoC4/USBUART_cls.c ****         default:
 111:Generated_Source\PSoC4/USBUART_cls.c ****             /* Request is not handled: unknown class request type. */
 112:Generated_Source\PSoC4/USBUART_cls.c ****             requestHandled = USBUART_FALSE;
  91              		.loc 1 112 0
  92 0046 0020     		movs	r0, #0
  93              	.L5:
  94              	.LVL8:
 113:Generated_Source\PSoC4/USBUART_cls.c ****             break;
 114:Generated_Source\PSoC4/USBUART_cls.c ****     }
 115:Generated_Source\PSoC4/USBUART_cls.c **** #else /*No class is defined*/
 116:Generated_Source\PSoC4/USBUART_cls.c ****     if (0u != interfaceNumber)
 117:Generated_Source\PSoC4/USBUART_cls.c ****     {
 118:Generated_Source\PSoC4/USBUART_cls.c ****         /* Suppress warning message */
 119:Generated_Source\PSoC4/USBUART_cls.c ****     }
 120:Generated_Source\PSoC4/USBUART_cls.c ****     requestHandled = USBUART_FALSE;
 121:Generated_Source\PSoC4/USBUART_cls.c **** #endif /*HID or AUDIO or MSC or CDC class enabled*/
 122:Generated_Source\PSoC4/USBUART_cls.c **** 
 123:Generated_Source\PSoC4/USBUART_cls.c ****     /* `#START USER_DEFINED_CLASS_CODE` Place your Class request here */
 124:Generated_Source\PSoC4/USBUART_cls.c **** 
 125:Generated_Source\PSoC4/USBUART_cls.c ****     /* `#END` */
 126:Generated_Source\PSoC4/USBUART_cls.c **** 
 127:Generated_Source\PSoC4/USBUART_cls.c **** #ifdef USBUART_DISPATCH_CLASS_RQST_CALLBACK
 128:Generated_Source\PSoC4/USBUART_cls.c ****     if (USBUART_FALSE == requestHandled)
 129:Generated_Source\PSoC4/USBUART_cls.c ****     {
 130:Generated_Source\PSoC4/USBUART_cls.c ****         requestHandled = USBUART_DispatchClassRqst_Callback(interfaceNumber);
 131:Generated_Source\PSoC4/USBUART_cls.c ****     }
 132:Generated_Source\PSoC4/USBUART_cls.c **** #endif /* (USBUART_DISPATCH_CLASS_RQST_CALLBACK) */
 133:Generated_Source\PSoC4/USBUART_cls.c **** 
 134:Generated_Source\PSoC4/USBUART_cls.c ****     return (requestHandled);
ARM GAS  C:\Users\corne\AppData\Local\Temp\ccEeBFWg.s 			page 5


 135:Generated_Source\PSoC4/USBUART_cls.c **** }
  95              		.loc 1 135 0
  96              		@ sp needed
  97 0048 10BD     		pop	{r4, pc}
  98              	.L12:
  99 004a C046     		.align	2
 100              	.L11:
 101 004c 00002C40 		.word	1076625408
 102 0050 00000000 		.word	USBUART_EP
 103 0054 00000000 		.word	USBUART_interfaceClass
 104              		.cfi_endproc
 105              	.LFE1:
 106              		.size	USBUART_DispatchClassRqst, .-USBUART_DispatchClassRqst
 107              		.text
 108              	.Letext0:
 109              		.file 2 "Generated_Source\\PSoC4\\cytypes.h"
 110              		.file 3 "Generated_Source\\PSoC4\\USBUART.h"
 111              		.file 4 "Generated_Source\\PSoC4\\USBUART_pvt.h"
 112              		.section	.debug_info,"",%progbits
 113              	.Ldebug_info0:
 114 0000 E6010000 		.4byte	0x1e6
 115 0004 0400     		.2byte	0x4
 116 0006 00000000 		.4byte	.Ldebug_abbrev0
 117 000a 04       		.byte	0x4
 118 000b 01       		.uleb128 0x1
 119 000c C1010000 		.4byte	.LASF33
 120 0010 0C       		.byte	0xc
 121 0011 00000000 		.4byte	.LASF34
 122 0015 1B010000 		.4byte	.LASF35
 123 0019 00000000 		.4byte	.Ldebug_ranges0+0
 124 001d 00000000 		.4byte	0
 125 0021 00000000 		.4byte	.Ldebug_line0
 126 0025 02       		.uleb128 0x2
 127 0026 01       		.byte	0x1
 128 0027 06       		.byte	0x6
 129 0028 D0020000 		.4byte	.LASF0
 130 002c 02       		.uleb128 0x2
 131 002d 01       		.byte	0x1
 132 002e 08       		.byte	0x8
 133 002f B3000000 		.4byte	.LASF1
 134 0033 02       		.uleb128 0x2
 135 0034 02       		.byte	0x2
 136 0035 05       		.byte	0x5
 137 0036 8A020000 		.4byte	.LASF2
 138 003a 02       		.uleb128 0x2
 139 003b 02       		.byte	0x2
 140 003c 07       		.byte	0x7
 141 003d 25000000 		.4byte	.LASF3
 142 0041 02       		.uleb128 0x2
 143 0042 04       		.byte	0x4
 144 0043 05       		.byte	0x5
 145 0044 A4020000 		.4byte	.LASF4
 146 0048 02       		.uleb128 0x2
 147 0049 04       		.byte	0x4
 148 004a 07       		.byte	0x7
 149 004b 8C000000 		.4byte	.LASF5
 150 004f 02       		.uleb128 0x2
ARM GAS  C:\Users\corne\AppData\Local\Temp\ccEeBFWg.s 			page 6


 151 0050 08       		.byte	0x8
 152 0051 05       		.byte	0x5
 153 0052 5F020000 		.4byte	.LASF6
 154 0056 02       		.uleb128 0x2
 155 0057 08       		.byte	0x8
 156 0058 07       		.byte	0x7
 157 0059 86010000 		.4byte	.LASF7
 158 005d 03       		.uleb128 0x3
 159 005e 04       		.byte	0x4
 160 005f 05       		.byte	0x5
 161 0060 696E7400 		.ascii	"int\000"
 162 0064 02       		.uleb128 0x2
 163 0065 04       		.byte	0x4
 164 0066 07       		.byte	0x7
 165 0067 38000000 		.4byte	.LASF8
 166 006b 04       		.uleb128 0x4
 167 006c 94020000 		.4byte	.LASF9
 168 0070 02       		.byte	0x2
 169 0071 B901     		.2byte	0x1b9
 170 0073 2C000000 		.4byte	0x2c
 171 0077 04       		.uleb128 0x4
 172 0078 02010000 		.4byte	.LASF10
 173 007c 02       		.byte	0x2
 174 007d BA01     		.2byte	0x1ba
 175 007f 3A000000 		.4byte	0x3a
 176 0083 04       		.uleb128 0x4
 177 0084 14010000 		.4byte	.LASF11
 178 0088 02       		.byte	0x2
 179 0089 BB01     		.2byte	0x1bb
 180 008b 48000000 		.4byte	0x48
 181 008f 02       		.uleb128 0x2
 182 0090 04       		.byte	0x4
 183 0091 04       		.byte	0x4
 184 0092 72000000 		.4byte	.LASF12
 185 0096 02       		.uleb128 0x2
 186 0097 08       		.byte	0x8
 187 0098 04       		.byte	0x4
 188 0099 C1000000 		.4byte	.LASF13
 189 009d 02       		.uleb128 0x2
 190 009e 01       		.byte	0x1
 191 009f 08       		.byte	0x8
 192 00a0 6D020000 		.4byte	.LASF14
 193 00a4 02       		.uleb128 0x2
 194 00a5 08       		.byte	0x8
 195 00a6 04       		.byte	0x4
 196 00a7 C4020000 		.4byte	.LASF15
 197 00ab 02       		.uleb128 0x2
 198 00ac 04       		.byte	0x4
 199 00ad 07       		.byte	0x7
 200 00ae 4F020000 		.4byte	.LASF16
 201 00b2 05       		.uleb128 0x5
 202 00b3 0C       		.byte	0xc
 203 00b4 03       		.byte	0x3
 204 00b5 8E       		.byte	0x8e
 205 00b6 27010000 		.4byte	0x127
 206 00ba 06       		.uleb128 0x6
 207 00bb C8000000 		.4byte	.LASF17
ARM GAS  C:\Users\corne\AppData\Local\Temp\ccEeBFWg.s 			page 7


 208 00bf 03       		.byte	0x3
 209 00c0 90       		.byte	0x90
 210 00c1 6B000000 		.4byte	0x6b
 211 00c5 00       		.byte	0
 212 00c6 06       		.uleb128 0x6
 213 00c7 09010000 		.4byte	.LASF18
 214 00cb 03       		.byte	0x3
 215 00cc 91       		.byte	0x91
 216 00cd 6B000000 		.4byte	0x6b
 217 00d1 01       		.byte	0x1
 218 00d2 06       		.uleb128 0x6
 219 00d3 9D010000 		.4byte	.LASF19
 220 00d7 03       		.byte	0x3
 221 00d8 92       		.byte	0x92
 222 00d9 6B000000 		.4byte	0x6b
 223 00dd 02       		.byte	0x2
 224 00de 06       		.uleb128 0x6
 225 00df 78000000 		.4byte	.LASF20
 226 00e3 03       		.byte	0x3
 227 00e4 93       		.byte	0x93
 228 00e5 6B000000 		.4byte	0x6b
 229 00e9 03       		.byte	0x3
 230 00ea 06       		.uleb128 0x6
 231 00eb 9E000000 		.4byte	.LASF21
 232 00ef 03       		.byte	0x3
 233 00f0 94       		.byte	0x94
 234 00f1 6B000000 		.4byte	0x6b
 235 00f5 04       		.byte	0x4
 236 00f6 06       		.uleb128 0x6
 237 00f7 58020000 		.4byte	.LASF22
 238 00fb 03       		.byte	0x3
 239 00fc 95       		.byte	0x95
 240 00fd 6B000000 		.4byte	0x6b
 241 0101 05       		.byte	0x5
 242 0102 06       		.uleb128 0x6
 243 0103 CF000000 		.4byte	.LASF23
 244 0107 03       		.byte	0x3
 245 0108 96       		.byte	0x96
 246 0109 77000000 		.4byte	0x77
 247 010d 06       		.byte	0x6
 248 010e 06       		.uleb128 0x6
 249 010f DA000000 		.4byte	.LASF24
 250 0113 03       		.byte	0x3
 251 0114 97       		.byte	0x97
 252 0115 77000000 		.4byte	0x77
 253 0119 08       		.byte	0x8
 254 011a 06       		.uleb128 0x6
 255 011b 9A020000 		.4byte	.LASF25
 256 011f 03       		.byte	0x3
 257 0120 98       		.byte	0x98
 258 0121 6B000000 		.4byte	0x6b
 259 0125 0A       		.byte	0xa
 260 0126 00       		.byte	0
 261 0127 07       		.uleb128 0x7
 262 0128 AD020000 		.4byte	.LASF26
 263 012c 03       		.byte	0x3
 264 012d 99       		.byte	0x99
ARM GAS  C:\Users\corne\AppData\Local\Temp\ccEeBFWg.s 			page 8


 265 012e B2000000 		.4byte	0xb2
 266 0132 05       		.uleb128 0x5
 267 0133 20       		.byte	0x20
 268 0134 03       		.byte	0x3
 269 0135 C6       		.byte	0xc6
 270 0136 47010000 		.4byte	0x147
 271 013a 06       		.uleb128 0x6
 272 013b 5C000000 		.4byte	.LASF27
 273 013f 03       		.byte	0x3
 274 0140 C8       		.byte	0xc8
 275 0141 47010000 		.4byte	0x147
 276 0145 00       		.byte	0
 277 0146 00       		.byte	0
 278 0147 08       		.uleb128 0x8
 279 0148 83000000 		.4byte	0x83
 280 014c 57010000 		.4byte	0x157
 281 0150 09       		.uleb128 0x9
 282 0151 AB000000 		.4byte	0xab
 283 0155 07       		.byte	0x7
 284 0156 00       		.byte	0
 285 0157 07       		.uleb128 0x7
 286 0158 72020000 		.4byte	.LASF28
 287 015c 03       		.byte	0x3
 288 015d C9       		.byte	0xc9
 289 015e 32010000 		.4byte	0x132
 290 0162 0A       		.uleb128 0xa
 291 0163 A7010000 		.4byte	.LASF36
 292 0167 01       		.byte	0x1
 293 0168 29       		.byte	0x29
 294 0169 6B000000 		.4byte	0x6b
 295 016d 00000000 		.4byte	.LFB1
 296 0171 58000000 		.4byte	.LFE1-.LFB1
 297 0175 01       		.uleb128 0x1
 298 0176 9C       		.byte	0x9c
 299 0177 A3010000 		.4byte	0x1a3
 300 017b 0B       		.uleb128 0xb
 301 017c 63000000 		.4byte	.LASF29
 302 0180 01       		.byte	0x1
 303 0181 2B       		.byte	0x2b
 304 0182 6B000000 		.4byte	0x6b
 305 0186 00000000 		.4byte	.LLST0
 306 018a 0B       		.uleb128 0xb
 307 018b A3000000 		.4byte	.LASF30
 308 018f 01       		.byte	0x1
 309 0190 2C       		.byte	0x2c
 310 0191 6B000000 		.4byte	0x6b
 311 0195 1E000000 		.4byte	.LLST1
 312 0199 0C       		.uleb128 0xc
 313 019a 44000000 		.4byte	.LVL6
 314 019e DE010000 		.4byte	0x1de
 315 01a2 00       		.byte	0
 316 01a3 0D       		.uleb128 0xd
 317 01a4 45000000 		.4byte	.LASF31
 318 01a8 04       		.byte	0x4
 319 01a9 77       		.byte	0x77
 320 01aa AE010000 		.4byte	0x1ae
 321 01ae 0E       		.uleb128 0xe
ARM GAS  C:\Users\corne\AppData\Local\Temp\ccEeBFWg.s 			page 9


 322 01af 04       		.byte	0x4
 323 01b0 B4010000 		.4byte	0x1b4
 324 01b4 0F       		.uleb128 0xf
 325 01b5 6B000000 		.4byte	0x6b
 326 01b9 08       		.uleb128 0x8
 327 01ba C9010000 		.4byte	0x1c9
 328 01be C9010000 		.4byte	0x1c9
 329 01c2 09       		.uleb128 0x9
 330 01c3 AB000000 		.4byte	0xab
 331 01c7 08       		.byte	0x8
 332 01c8 00       		.byte	0
 333 01c9 10       		.uleb128 0x10
 334 01ca 27010000 		.4byte	0x127
 335 01ce 0D       		.uleb128 0xd
 336 01cf 81000000 		.4byte	.LASF32
 337 01d3 04       		.byte	0x4
 338 01d4 79       		.byte	0x79
 339 01d5 D9010000 		.4byte	0x1d9
 340 01d9 10       		.uleb128 0x10
 341 01da B9010000 		.4byte	0x1b9
 342 01de 11       		.uleb128 0x11
 343 01df E5000000 		.4byte	.LASF37
 344 01e3 E5000000 		.4byte	.LASF37
 345 01e7 04       		.byte	0x4
 346 01e8 DE       		.byte	0xde
 347 01e9 00       		.byte	0
 348              		.section	.debug_abbrev,"",%progbits
 349              	.Ldebug_abbrev0:
 350 0000 01       		.uleb128 0x1
 351 0001 11       		.uleb128 0x11
 352 0002 01       		.byte	0x1
 353 0003 25       		.uleb128 0x25
 354 0004 0E       		.uleb128 0xe
 355 0005 13       		.uleb128 0x13
 356 0006 0B       		.uleb128 0xb
 357 0007 03       		.uleb128 0x3
 358 0008 0E       		.uleb128 0xe
 359 0009 1B       		.uleb128 0x1b
 360 000a 0E       		.uleb128 0xe
 361 000b 55       		.uleb128 0x55
 362 000c 17       		.uleb128 0x17
 363 000d 11       		.uleb128 0x11
 364 000e 01       		.uleb128 0x1
 365 000f 10       		.uleb128 0x10
 366 0010 17       		.uleb128 0x17
 367 0011 00       		.byte	0
 368 0012 00       		.byte	0
 369 0013 02       		.uleb128 0x2
 370 0014 24       		.uleb128 0x24
 371 0015 00       		.byte	0
 372 0016 0B       		.uleb128 0xb
 373 0017 0B       		.uleb128 0xb
 374 0018 3E       		.uleb128 0x3e
 375 0019 0B       		.uleb128 0xb
 376 001a 03       		.uleb128 0x3
 377 001b 0E       		.uleb128 0xe
 378 001c 00       		.byte	0
ARM GAS  C:\Users\corne\AppData\Local\Temp\ccEeBFWg.s 			page 10


 379 001d 00       		.byte	0
 380 001e 03       		.uleb128 0x3
 381 001f 24       		.uleb128 0x24
 382 0020 00       		.byte	0
 383 0021 0B       		.uleb128 0xb
 384 0022 0B       		.uleb128 0xb
 385 0023 3E       		.uleb128 0x3e
 386 0024 0B       		.uleb128 0xb
 387 0025 03       		.uleb128 0x3
 388 0026 08       		.uleb128 0x8
 389 0027 00       		.byte	0
 390 0028 00       		.byte	0
 391 0029 04       		.uleb128 0x4
 392 002a 16       		.uleb128 0x16
 393 002b 00       		.byte	0
 394 002c 03       		.uleb128 0x3
 395 002d 0E       		.uleb128 0xe
 396 002e 3A       		.uleb128 0x3a
 397 002f 0B       		.uleb128 0xb
 398 0030 3B       		.uleb128 0x3b
 399 0031 05       		.uleb128 0x5
 400 0032 49       		.uleb128 0x49
 401 0033 13       		.uleb128 0x13
 402 0034 00       		.byte	0
 403 0035 00       		.byte	0
 404 0036 05       		.uleb128 0x5
 405 0037 13       		.uleb128 0x13
 406 0038 01       		.byte	0x1
 407 0039 0B       		.uleb128 0xb
 408 003a 0B       		.uleb128 0xb
 409 003b 3A       		.uleb128 0x3a
 410 003c 0B       		.uleb128 0xb
 411 003d 3B       		.uleb128 0x3b
 412 003e 0B       		.uleb128 0xb
 413 003f 01       		.uleb128 0x1
 414 0040 13       		.uleb128 0x13
 415 0041 00       		.byte	0
 416 0042 00       		.byte	0
 417 0043 06       		.uleb128 0x6
 418 0044 0D       		.uleb128 0xd
 419 0045 00       		.byte	0
 420 0046 03       		.uleb128 0x3
 421 0047 0E       		.uleb128 0xe
 422 0048 3A       		.uleb128 0x3a
 423 0049 0B       		.uleb128 0xb
 424 004a 3B       		.uleb128 0x3b
 425 004b 0B       		.uleb128 0xb
 426 004c 49       		.uleb128 0x49
 427 004d 13       		.uleb128 0x13
 428 004e 38       		.uleb128 0x38
 429 004f 0B       		.uleb128 0xb
 430 0050 00       		.byte	0
 431 0051 00       		.byte	0
 432 0052 07       		.uleb128 0x7
 433 0053 16       		.uleb128 0x16
 434 0054 00       		.byte	0
 435 0055 03       		.uleb128 0x3
ARM GAS  C:\Users\corne\AppData\Local\Temp\ccEeBFWg.s 			page 11


 436 0056 0E       		.uleb128 0xe
 437 0057 3A       		.uleb128 0x3a
 438 0058 0B       		.uleb128 0xb
 439 0059 3B       		.uleb128 0x3b
 440 005a 0B       		.uleb128 0xb
 441 005b 49       		.uleb128 0x49
 442 005c 13       		.uleb128 0x13
 443 005d 00       		.byte	0
 444 005e 00       		.byte	0
 445 005f 08       		.uleb128 0x8
 446 0060 01       		.uleb128 0x1
 447 0061 01       		.byte	0x1
 448 0062 49       		.uleb128 0x49
 449 0063 13       		.uleb128 0x13
 450 0064 01       		.uleb128 0x1
 451 0065 13       		.uleb128 0x13
 452 0066 00       		.byte	0
 453 0067 00       		.byte	0
 454 0068 09       		.uleb128 0x9
 455 0069 21       		.uleb128 0x21
 456 006a 00       		.byte	0
 457 006b 49       		.uleb128 0x49
 458 006c 13       		.uleb128 0x13
 459 006d 2F       		.uleb128 0x2f
 460 006e 0B       		.uleb128 0xb
 461 006f 00       		.byte	0
 462 0070 00       		.byte	0
 463 0071 0A       		.uleb128 0xa
 464 0072 2E       		.uleb128 0x2e
 465 0073 01       		.byte	0x1
 466 0074 3F       		.uleb128 0x3f
 467 0075 19       		.uleb128 0x19
 468 0076 03       		.uleb128 0x3
 469 0077 0E       		.uleb128 0xe
 470 0078 3A       		.uleb128 0x3a
 471 0079 0B       		.uleb128 0xb
 472 007a 3B       		.uleb128 0x3b
 473 007b 0B       		.uleb128 0xb
 474 007c 27       		.uleb128 0x27
 475 007d 19       		.uleb128 0x19
 476 007e 49       		.uleb128 0x49
 477 007f 13       		.uleb128 0x13
 478 0080 11       		.uleb128 0x11
 479 0081 01       		.uleb128 0x1
 480 0082 12       		.uleb128 0x12
 481 0083 06       		.uleb128 0x6
 482 0084 40       		.uleb128 0x40
 483 0085 18       		.uleb128 0x18
 484 0086 9742     		.uleb128 0x2117
 485 0088 19       		.uleb128 0x19
 486 0089 01       		.uleb128 0x1
 487 008a 13       		.uleb128 0x13
 488 008b 00       		.byte	0
 489 008c 00       		.byte	0
 490 008d 0B       		.uleb128 0xb
 491 008e 34       		.uleb128 0x34
 492 008f 00       		.byte	0
ARM GAS  C:\Users\corne\AppData\Local\Temp\ccEeBFWg.s 			page 12


 493 0090 03       		.uleb128 0x3
 494 0091 0E       		.uleb128 0xe
 495 0092 3A       		.uleb128 0x3a
 496 0093 0B       		.uleb128 0xb
 497 0094 3B       		.uleb128 0x3b
 498 0095 0B       		.uleb128 0xb
 499 0096 49       		.uleb128 0x49
 500 0097 13       		.uleb128 0x13
 501 0098 02       		.uleb128 0x2
 502 0099 17       		.uleb128 0x17
 503 009a 00       		.byte	0
 504 009b 00       		.byte	0
 505 009c 0C       		.uleb128 0xc
 506 009d 898201   		.uleb128 0x4109
 507 00a0 00       		.byte	0
 508 00a1 11       		.uleb128 0x11
 509 00a2 01       		.uleb128 0x1
 510 00a3 31       		.uleb128 0x31
 511 00a4 13       		.uleb128 0x13
 512 00a5 00       		.byte	0
 513 00a6 00       		.byte	0
 514 00a7 0D       		.uleb128 0xd
 515 00a8 34       		.uleb128 0x34
 516 00a9 00       		.byte	0
 517 00aa 03       		.uleb128 0x3
 518 00ab 0E       		.uleb128 0xe
 519 00ac 3A       		.uleb128 0x3a
 520 00ad 0B       		.uleb128 0xb
 521 00ae 3B       		.uleb128 0x3b
 522 00af 0B       		.uleb128 0xb
 523 00b0 49       		.uleb128 0x49
 524 00b1 13       		.uleb128 0x13
 525 00b2 3F       		.uleb128 0x3f
 526 00b3 19       		.uleb128 0x19
 527 00b4 3C       		.uleb128 0x3c
 528 00b5 19       		.uleb128 0x19
 529 00b6 00       		.byte	0
 530 00b7 00       		.byte	0
 531 00b8 0E       		.uleb128 0xe
 532 00b9 0F       		.uleb128 0xf
 533 00ba 00       		.byte	0
 534 00bb 0B       		.uleb128 0xb
 535 00bc 0B       		.uleb128 0xb
 536 00bd 49       		.uleb128 0x49
 537 00be 13       		.uleb128 0x13
 538 00bf 00       		.byte	0
 539 00c0 00       		.byte	0
 540 00c1 0F       		.uleb128 0xf
 541 00c2 26       		.uleb128 0x26
 542 00c3 00       		.byte	0
 543 00c4 49       		.uleb128 0x49
 544 00c5 13       		.uleb128 0x13
 545 00c6 00       		.byte	0
 546 00c7 00       		.byte	0
 547 00c8 10       		.uleb128 0x10
 548 00c9 35       		.uleb128 0x35
 549 00ca 00       		.byte	0
ARM GAS  C:\Users\corne\AppData\Local\Temp\ccEeBFWg.s 			page 13


 550 00cb 49       		.uleb128 0x49
 551 00cc 13       		.uleb128 0x13
 552 00cd 00       		.byte	0
 553 00ce 00       		.byte	0
 554 00cf 11       		.uleb128 0x11
 555 00d0 2E       		.uleb128 0x2e
 556 00d1 00       		.byte	0
 557 00d2 3F       		.uleb128 0x3f
 558 00d3 19       		.uleb128 0x19
 559 00d4 3C       		.uleb128 0x3c
 560 00d5 19       		.uleb128 0x19
 561 00d6 6E       		.uleb128 0x6e
 562 00d7 0E       		.uleb128 0xe
 563 00d8 03       		.uleb128 0x3
 564 00d9 0E       		.uleb128 0xe
 565 00da 3A       		.uleb128 0x3a
 566 00db 0B       		.uleb128 0xb
 567 00dc 3B       		.uleb128 0x3b
 568 00dd 0B       		.uleb128 0xb
 569 00de 00       		.byte	0
 570 00df 00       		.byte	0
 571 00e0 00       		.byte	0
 572              		.section	.debug_loc,"",%progbits
 573              	.Ldebug_loc0:
 574              	.LLST0:
 575 0000 44000000 		.4byte	.LVL6
 576 0004 46000000 		.4byte	.LVL7
 577 0008 0100     		.2byte	0x1
 578 000a 50       		.byte	0x50
 579 000b 48000000 		.4byte	.LVL8
 580 000f 58000000 		.4byte	.LFE1
 581 0013 0100     		.2byte	0x1
 582 0015 50       		.byte	0x50
 583 0016 00000000 		.4byte	0
 584 001a 00000000 		.4byte	0
 585              	.LLST1:
 586 001e 1A000000 		.4byte	.LVL0
 587 0022 1C000000 		.4byte	.LVL1
 588 0026 0100     		.2byte	0x1
 589 0028 53       		.byte	0x53
 590 0029 32000000 		.4byte	.LVL2
 591 002d 34000000 		.4byte	.LVL3
 592 0031 0100     		.2byte	0x1
 593 0033 53       		.byte	0x53
 594 0034 36000000 		.4byte	.LVL4
 595 0038 3C000000 		.4byte	.LVL5
 596 003c 0100     		.2byte	0x1
 597 003e 53       		.byte	0x53
 598 003f 00000000 		.4byte	0
 599 0043 00000000 		.4byte	0
 600              		.section	.debug_aranges,"",%progbits
 601 0000 1C000000 		.4byte	0x1c
 602 0004 0200     		.2byte	0x2
 603 0006 00000000 		.4byte	.Ldebug_info0
 604 000a 04       		.byte	0x4
 605 000b 00       		.byte	0
 606 000c 0000     		.2byte	0
ARM GAS  C:\Users\corne\AppData\Local\Temp\ccEeBFWg.s 			page 14


 607 000e 0000     		.2byte	0
 608 0010 00000000 		.4byte	.LFB1
 609 0014 58000000 		.4byte	.LFE1-.LFB1
 610 0018 00000000 		.4byte	0
 611 001c 00000000 		.4byte	0
 612              		.section	.debug_ranges,"",%progbits
 613              	.Ldebug_ranges0:
 614 0000 00000000 		.4byte	.LFB1
 615 0004 58000000 		.4byte	.LFE1
 616 0008 00000000 		.4byte	0
 617 000c 00000000 		.4byte	0
 618              		.section	.debug_line,"",%progbits
 619              	.Ldebug_line0:
 620 0000 8E000000 		.section	.debug_str,"MS",%progbits,1
 620      02006600 
 620      00000201 
 620      FB0E0D00 
 620      01010101 
 621              	.LASF34:
 622 0000 47656E65 		.ascii	"Generated_Source\\PSoC4\\USBUART_cls.c\000"
 622      72617465 
 622      645F536F 
 622      75726365 
 622      5C50536F 
 623              	.LASF3:
 624 0025 73686F72 		.ascii	"short unsigned int\000"
 624      7420756E 
 624      7369676E 
 624      65642069 
 624      6E7400
 625              	.LASF8:
 626 0038 756E7369 		.ascii	"unsigned int\000"
 626      676E6564 
 626      20696E74 
 626      00
 627              	.LASF31:
 628 0045 55534255 		.ascii	"USBUART_interfaceClass\000"
 628      4152545F 
 628      696E7465 
 628      72666163 
 628      65436C61 
 629              	.LASF27:
 630 005c 65704461 		.ascii	"epData\000"
 630      746100
 631              	.LASF29:
 632 0063 72657175 		.ascii	"requestHandled\000"
 632      65737448 
 632      616E646C 
 632      656400
 633              	.LASF12:
 634 0072 666C6F61 		.ascii	"float\000"
 634      7400
 635              	.LASF20:
 636 0078 6570546F 		.ascii	"epToggle\000"
 636      67676C65 
 636      00
 637              	.LASF32:
ARM GAS  C:\Users\corne\AppData\Local\Temp\ccEeBFWg.s 			page 15


 638 0081 55534255 		.ascii	"USBUART_EP\000"
 638      4152545F 
 638      455000
 639              	.LASF5:
 640 008c 6C6F6E67 		.ascii	"long unsigned int\000"
 640      20756E73 
 640      69676E65 
 640      6420696E 
 640      7400
 641              	.LASF21:
 642 009e 61646472 		.ascii	"addr\000"
 642      00
 643              	.LASF30:
 644 00a3 696E7465 		.ascii	"interfaceNumber\000"
 644      72666163 
 644      654E756D 
 644      62657200 
 645              	.LASF1:
 646 00b3 756E7369 		.ascii	"unsigned char\000"
 646      676E6564 
 646      20636861 
 646      7200
 647              	.LASF13:
 648 00c1 646F7562 		.ascii	"double\000"
 648      6C6500
 649              	.LASF17:
 650 00c8 61747472 		.ascii	"attrib\000"
 650      696200
 651              	.LASF23:
 652 00cf 62756666 		.ascii	"buffOffset\000"
 652      4F666673 
 652      657400
 653              	.LASF24:
 654 00da 62756666 		.ascii	"bufferSize\000"
 654      65725369 
 654      7A6500
 655              	.LASF37:
 656 00e5 55534255 		.ascii	"USBUART_DispatchCDCClassRqst\000"
 656      4152545F 
 656      44697370 
 656      61746368 
 656      43444343 
 657              	.LASF10:
 658 0102 75696E74 		.ascii	"uint16\000"
 658      313600
 659              	.LASF18:
 660 0109 61706945 		.ascii	"apiEpState\000"
 660      70537461 
 660      746500
 661              	.LASF11:
 662 0114 75696E74 		.ascii	"uint32\000"
 662      333200
 663              	.LASF35:
 664 011b 433A5C55 		.ascii	"C:\\Users\\corne\\Dropbox\\prive\\projects\\Wireles"
 664      73657273 
 664      5C636F72 
 664      6E655C44 
ARM GAS  C:\Users\corne\AppData\Local\Temp\ccEeBFWg.s 			page 16


 664      726F7062 
 665 0148 735F7365 		.ascii	"s_sensornode\\Software\\Wireless_sensornode\\Firmwa"
 665      6E736F72 
 665      6E6F6465 
 665      5C536F66 
 665      74776172 
 666 0178 72655F56 		.ascii	"re_V0.1.cydsn\000"
 666      302E312E 
 666      63796473 
 666      6E00
 667              	.LASF7:
 668 0186 6C6F6E67 		.ascii	"long long unsigned int\000"
 668      206C6F6E 
 668      6720756E 
 668      7369676E 
 668      65642069 
 669              	.LASF19:
 670 019d 68774570 		.ascii	"hwEpState\000"
 670      53746174 
 670      6500
 671              	.LASF36:
 672 01a7 55534255 		.ascii	"USBUART_DispatchClassRqst\000"
 672      4152545F 
 672      44697370 
 672      61746368 
 672      436C6173 
 673              	.LASF33:
 674 01c1 474E5520 		.ascii	"GNU C11 5.4.1 20160609 (release) [ARM/embedded-5-br"
 674      43313120 
 674      352E342E 
 674      31203230 
 674      31363036 
 675 01f4 616E6368 		.ascii	"anch revision 237715] -mcpu=cortex-m0 -mthumb -g -O"
 675      20726576 
 675      6973696F 
 675      6E203233 
 675      37373135 
 676 0227 67202D66 		.ascii	"g -ffunction-sections -ffat-lto-objects\000"
 676      66756E63 
 676      74696F6E 
 676      2D736563 
 676      74696F6E 
 677              	.LASF16:
 678 024f 73697A65 		.ascii	"sizetype\000"
 678      74797065 
 678      00
 679              	.LASF22:
 680 0258 65704D6F 		.ascii	"epMode\000"
 680      646500
 681              	.LASF6:
 682 025f 6C6F6E67 		.ascii	"long long int\000"
 682      206C6F6E 
 682      6720696E 
 682      7400
 683              	.LASF14:
 684 026d 63686172 		.ascii	"char\000"
 684      00
ARM GAS  C:\Users\corne\AppData\Local\Temp\ccEeBFWg.s 			page 17


 685              	.LASF28:
 686 0272 55534255 		.ascii	"USBUART_ep0_data_struct\000"
 686      4152545F 
 686      6570305F 
 686      64617461 
 686      5F737472 
 687              	.LASF2:
 688 028a 73686F72 		.ascii	"short int\000"
 688      7420696E 
 688      7400
 689              	.LASF9:
 690 0294 75696E74 		.ascii	"uint8\000"
 690      3800
 691              	.LASF25:
 692 029a 696E7465 		.ascii	"interface\000"
 692      72666163 
 692      6500
 693              	.LASF4:
 694 02a4 6C6F6E67 		.ascii	"long int\000"
 694      20696E74 
 694      00
 695              	.LASF26:
 696 02ad 545F5553 		.ascii	"T_USBUART_EP_CTL_BLOCK\000"
 696      42554152 
 696      545F4550 
 696      5F43544C 
 696      5F424C4F 
 697              	.LASF15:
 698 02c4 6C6F6E67 		.ascii	"long double\000"
 698      20646F75 
 698      626C6500 
 699              	.LASF0:
 700 02d0 7369676E 		.ascii	"signed char\000"
 700      65642063 
 700      68617200 
 701              		.ident	"GCC: (GNU Tools for ARM Embedded Processors) 5.4.1 20160609 (release) [ARM/embedded-5-bran
