--------------- Clean Started: 09/03/2017 13:44:34 Project: Firmware_V0.1, Configuration: ARM GCC 5.4-2016-q2-update Debug ---------------
Deleting file ".\CortexM0\ARM_GCC_541\Debug\main.o"
Deleting file ".\CortexM0\ARM_GCC_541\Debug\bme280.o"
Deleting file ".\CortexM0\ARM_GCC_541\Debug\EEPROM.o"
Deleting file ".\CortexM0\ARM_GCC_541\Debug\temp_bme280.o"
Deleting file ".\CortexM0\ARM_GCC_541\Debug\weathersensors.o"
Deleting file ".\CortexM0\ARM_GCC_541\Debug\cyfitter_cfg.o"
Deleting file ".\CortexM0\ARM_GCC_541\Debug\cymetadata.o"
Deleting file ".\CortexM0\ARM_GCC_541\Debug\SPI_RFM69HW.o"
Deleting file ".\CortexM0\ARM_GCC_541\Debug\SPI_RFM69HW_SPI_UART.o"
Deleting file ".\CortexM0\ARM_GCC_541\Debug\SPI_RFM69HW_PM.o"
Deleting file ".\CortexM0\ARM_GCC_541\Debug\SPI_RFM69HW_SPI.o"
Deleting file ".\CortexM0\ARM_GCC_541\Debug\SPI_RFM69HW_BOOT.o"
Deleting file ".\CortexM0\ARM_GCC_541\Debug\SPI_RFM69HW_SPI_BOOT.o"
Deleting file ".\CortexM0\ARM_GCC_541\Debug\SPI_RFM69HW_SCBCLK.o"
Deleting file ".\CortexM0\ARM_GCC_541\Debug\Cm0Start.o"
Deleting file ".\CortexM0\ARM_GCC_541\Debug\CyBootAsmGnu.o"
Deleting file ".\CortexM0\ARM_GCC_541\Debug\CyFlash.o"
Deleting file ".\CortexM0\ARM_GCC_541\Debug\CyLib.o"
Deleting file ".\CortexM0\ARM_GCC_541\Debug\cyPm.o"
Deleting file ".\CortexM0\ARM_GCC_541\Debug\cyutils.o"
Deleting file ".\CortexM0\ARM_GCC_541\Debug\CyDMA.o"
Deleting file ".\CortexM0\ARM_GCC_541\Debug\CyLFClk.o"
Deleting file ".\CortexM0\ARM_GCC_541\Debug\I2C.o"
Deleting file ".\CortexM0\ARM_GCC_541\Debug\I2C_I2C_INT.o"
Deleting file ".\CortexM0\ARM_GCC_541\Debug\I2C_I2C.o"
Deleting file ".\CortexM0\ARM_GCC_541\Debug\I2C_I2C_BOOT.o"
Deleting file ".\CortexM0\ARM_GCC_541\Debug\I2C_I2C_MASTER.o"
Deleting file ".\CortexM0\ARM_GCC_541\Debug\I2C_PM.o"
Deleting file ".\CortexM0\ARM_GCC_541\Debug\I2C_BOOT.o"
Deleting file ".\CortexM0\ARM_GCC_541\Debug\UART.o"
Deleting file ".\CortexM0\ARM_GCC_541\Debug\UART_SPI_UART.o"
Deleting file ".\CortexM0\ARM_GCC_541\Debug\UART_SPI_UART_INT.o"
Deleting file ".\CortexM0\ARM_GCC_541\Debug\UART_PM.o"
Deleting file ".\CortexM0\ARM_GCC_541\Debug\UART_UART.o"
Deleting file ".\CortexM0\ARM_GCC_541\Debug\UART_BOOT.o"
Deleting file ".\CortexM0\ARM_GCC_541\Debug\UART_UART_BOOT.o"
Deleting file ".\CortexM0\ARM_GCC_541\Debug\SPI_RFM69HW_sclk_m.o"
Deleting file ".\CortexM0\ARM_GCC_541\Debug\SPI_RFM69HW_sclk_m_PM.o"
Deleting file ".\CortexM0\ARM_GCC_541\Debug\SPI_RFM69HW_miso_m.o"
Deleting file ".\CortexM0\ARM_GCC_541\Debug\SPI_RFM69HW_miso_m_PM.o"
Deleting file ".\CortexM0\ARM_GCC_541\Debug\SPI_RFM69HW_mosi_m.o"
Deleting file ".\CortexM0\ARM_GCC_541\Debug\SPI_RFM69HW_mosi_m_PM.o"
Deleting file ".\CortexM0\ARM_GCC_541\Debug\SPI_RFM69HW_ss0_m.o"
Deleting file ".\CortexM0\ARM_GCC_541\Debug\SPI_RFM69HW_ss0_m_PM.o"
Deleting file ".\CortexM0\ARM_GCC_541\Debug\I2C_SCBCLK.o"
Deleting file ".\CortexM0\ARM_GCC_541\Debug\I2C_sda.o"
Deleting file ".\CortexM0\ARM_GCC_541\Debug\I2C_sda_PM.o"
Deleting file ".\CortexM0\ARM_GCC_541\Debug\I2C_scl.o"
Deleting file ".\CortexM0\ARM_GCC_541\Debug\I2C_scl_PM.o"
Deleting file ".\CortexM0\ARM_GCC_541\Debug\I2C_SCB_IRQ.o"
Deleting file ".\CortexM0\ARM_GCC_541\Debug\UART_SCBCLK.o"
Deleting file ".\CortexM0\ARM_GCC_541\Debug\UART_tx.o"
Deleting file ".\CortexM0\ARM_GCC_541\Debug\UART_tx_PM.o"
Deleting file ".\CortexM0\ARM_GCC_541\Debug\UART_rx.o"
Deleting file ".\CortexM0\ARM_GCC_541\Debug\UART_rx_PM.o"
Deleting file ".\CortexM0\ARM_GCC_541\Debug\P1_TxD.o"
Deleting file ".\CortexM0\ARM_GCC_541\Debug\P1_TxD_PM.o"
Deleting file ".\CortexM0\ARM_GCC_541\Debug\TIMER1.o"
Deleting file ".\CortexM0\ARM_GCC_541\Debug\TIMER1_PM.o"
Deleting file ".\CortexM0\ARM_GCC_541\Debug\Clock_1.o"
Deleting file ".\CortexM0\ARM_GCC_541\Debug\PRS.o"
Deleting file ".\CortexM0\ARM_GCC_541\Debug\PRS_PM.o"
Deleting file ".\CortexM0\ARM_GCC_541\Debug\R_SENS_P.o"
Deleting file ".\CortexM0\ARM_GCC_541\Debug\R_SENS_P_PM.o"
Deleting file ".\CortexM0\ARM_GCC_541\Debug\BAT_SENS_P.o"
Deleting file ".\CortexM0\ARM_GCC_541\Debug\BAT_SENS_P_PM.o"
Deleting file ".\CortexM0\ARM_GCC_541\Debug\BAT_SENS_SW.o"
Deleting file ".\CortexM0\ARM_GCC_541\Debug\BAT_SENS_SW_PM.o"
Deleting file ".\CortexM0\ARM_GCC_541\Debug\LED_1.o"
Deleting file ".\CortexM0\ARM_GCC_541\Debug\LED_1_PM.o"
Deleting file ".\CortexM0\ARM_GCC_541\Debug\LED_2.o"
Deleting file ".\CortexM0\ARM_GCC_541\Debug\LED_2_PM.o"
Deleting file ".\CortexM0\ARM_GCC_541\Debug\LED_3.o"
Deleting file ".\CortexM0\ARM_GCC_541\Debug\LED_3_PM.o"
Deleting file ".\CortexM0\ARM_GCC_541\Debug\ANEMOMETER.o"
Deleting file ".\CortexM0\ARM_GCC_541\Debug\ANEMOMETER_PM.o"
Deleting file ".\CortexM0\ARM_GCC_541\Debug\RAIN_SENSOR.o"
Deleting file ".\CortexM0\ARM_GCC_541\Debug\RAIN_SENSOR_PM.o"
Deleting file ".\CortexM0\ARM_GCC_541\Debug\P1_GPIO1.o"
Deleting file ".\CortexM0\ARM_GCC_541\Debug\P1_GPIO1_PM.o"
Deleting file ".\CortexM0\ARM_GCC_541\Debug\RFM69HW_RESET.o"
Deleting file ".\CortexM0\ARM_GCC_541\Debug\RFM69HW_RESET_PM.o"
Deleting file ".\CortexM0\ARM_GCC_541\Debug\RFM69HW_DIO0.o"
Deleting file ".\CortexM0\ARM_GCC_541\Debug\RFM69HW_DIO0_PM.o"
Deleting file ".\CortexM0\ARM_GCC_541\Debug\EEPROM_WC.o"
Deleting file ".\CortexM0\ARM_GCC_541\Debug\EEPROM_WC_PM.o"
Deleting file ".\CortexM0\ARM_GCC_541\Debug\P1_GPIO2.o"
Deleting file ".\CortexM0\ARM_GCC_541\Debug\P1_GPIO2_PM.o"
Deleting file ".\CortexM0\ARM_GCC_541\Debug\P1_GPIO3.o"
Deleting file ".\CortexM0\ARM_GCC_541\Debug\P1_GPIO3_PM.o"
Deleting file ".\CortexM0\ARM_GCC_541\Debug\P1_GPIO4.o"
Deleting file ".\CortexM0\ARM_GCC_541\Debug\P1_GPIO4_PM.o"
Deleting file ".\CortexM0\ARM_GCC_541\Debug\P1_GPIO5.o"
Deleting file ".\CortexM0\ARM_GCC_541\Debug\P1_GPIO5_PM.o"
Deleting file ".\CortexM0\ARM_GCC_541\Debug\BME_MOSI.o"
Deleting file ".\CortexM0\ARM_GCC_541\Debug\BME_MOSI_PM.o"
Deleting file ".\CortexM0\ARM_GCC_541\Debug\SPIM.o"
Deleting file ".\CortexM0\ARM_GCC_541\Debug\SPIM_PM.o"
Deleting file ".\CortexM0\ARM_GCC_541\Debug\SPIM_INT.o"
Deleting file ".\CortexM0\ARM_GCC_541\Debug\BME_SCLK.o"
Deleting file ".\CortexM0\ARM_GCC_541\Debug\BME_SCLK_PM.o"
Deleting file ".\CortexM0\ARM_GCC_541\Debug\BME_SS.o"
Deleting file ".\CortexM0\ARM_GCC_541\Debug\BME_SS_PM.o"
Deleting file ".\CortexM0\ARM_GCC_541\Debug\BME_MISO.o"
Deleting file ".\CortexM0\ARM_GCC_541\Debug\BME_MISO_PM.o"
Deleting file ".\CortexM0\ARM_GCC_541\Debug\Clock.o"
Deleting file ".\CortexM0\ARM_GCC_541\Debug\CydwClock_1.o"
Deleting file ".\CortexM0\ARM_GCC_541\Debug\RTC.o"
Deleting file ".\CortexM0\ARM_GCC_541\Debug\EEPROM_PULLUP.o"
Deleting file ".\CortexM0\ARM_GCC_541\Debug\EEPROM_PULLUP_PM.o"
Deleting file ".\CortexM0\ARM_GCC_541\Debug\ADC_SAR.o"
Deleting file ".\CortexM0\ARM_GCC_541\Debug\ADC_SAR_PM.o"
Deleting file ".\CortexM0\ARM_GCC_541\Debug\ADC_SAR_INT.o"
Deleting file ".\CortexM0\ARM_GCC_541\Debug\ADC_SAR_IRQ.o"
Deleting file ".\CortexM0\ARM_GCC_541\Debug\ADC_SAR_intClock.o"
Deleting file ".\CortexM0\ARM_GCC_541\Debug\Firmware_V0.1.hex"
Deleting file ".\CortexM0\ARM_GCC_541\Debug\Firmware_V0.1.map"
Deleting file ".\Firmware_V0.1.cycdx"
Deleting file ".\Firmware_V0.1.svd"
Deleting file ".\Firmware_V0.1.rpt"
Deleting file ".\Firmware_V0.1_timing.html"
Deleting file ".\CortexM0\ARM_GCC_541\Debug\.deps\SOURCE_C__ARM_GCC_GENERIC.P"
Deleting file ".\CortexM0\ARM_GCC_541\Debug\.deps\SOURCE_ASM__ARM_GCC_GENERIC.P"
--------------- Clean Succeeded: 09/03/2017 13:44:34 ---------------
